Log file open, 03/10/22 21:00:25
LogWindows: Failed to load 'aqProf.dll' (GetLastError=126)
LogWindows: File 'aqProf.dll' does not exist
LogWindows: Failed to load 'VtuneApi.dll' (GetLastError=126)
LogWindows: File 'VtuneApi.dll' does not exist
LogWindows: Failed to load 'VtuneApi32e.dll' (GetLastError=126)
LogWindows: File 'VtuneApi32e.dll' does not exist
LogConsoleResponse: Display: Failed to find resolution value strings in scalability ini. Falling back to default.
LogConsoleResponse: Display: Failed to find resolution value strings in scalability ini. Falling back to default.
LogPlatformFile: Not using cached read wrapper
LogTaskGraph: Started task graph with 5 named threads and 23 total threads with 3 sets of task threads.
LogStats: Stats thread started at 0.094673
LogICUInternationalization: ICU TimeZone Detection - Raw Offset: +8:00, Platform Override: ''
LogInit: Display: Loading text-based GConfig....
LogPluginManager: Mounting plugin MeshPainting
LogPluginManager: Mounting plugin EnvironmentQueryEditor
LogPluginManager: Mounting plugin Paper2D
LogPluginManager: Mounting plugin AISupport
LogPluginManager: Mounting plugin GameplayCameras
LogPluginManager: Mounting plugin CameraShakePreviewer
LogPluginManager: Mounting plugin LightPropagationVolume
LogPluginManager: Mounting plugin LiveLink
LogPluginManager: Mounting plugin AnimationSharing
LogPluginManager: Mounting plugin PixWinPlugin
LogPluginManager: Mounting plugin OodleData
LogPluginManager: Mounting plugin OodleNetwork
LogPluginManager: Mounting plugin PluginUtils
LogPluginManager: Mounting plugin UObjectPlugin
LogPluginManager: Mounting plugin VariantManagerContent
LogPluginManager: Mounting plugin DatasmithContent
LogPluginManager: Mounting plugin AutomationUtils
LogPluginManager: Mounting plugin AlembicImporter
LogPluginManager: Mounting plugin BackChannel
LogPluginManager: Mounting plugin ChaosCloth
LogPluginManager: Mounting plugin ChaosClothEditor
LogPluginManager: Mounting plugin Niagara
LogPluginManager: Mounting plugin ChaosEditor
LogPluginManager: Mounting plugin ChaosNiagara
LogPluginManager: Mounting plugin ChaosSolverPlugin
LogPluginManager: Mounting plugin CharacterAI
LogPluginManager: Mounting plugin GeometryCache
LogPluginManager: Mounting plugin GeometryCollectionPlugin
LogPluginManager: Mounting plugin AssetManagerEditor
LogPluginManager: Mounting plugin GeometryProcessing
LogPluginManager: Mounting plugin OpenImageDenoise
LogPluginManager: Mounting plugin MotoSynth
LogPluginManager: Mounting plugin PlanarCut
LogPluginManager: Mounting plugin FacialAnimation
LogPluginManager: Mounting plugin PlatformCrypto
LogPluginManager: Mounting plugin GeometryMode
LogPluginManager: Mounting plugin PythonScriptPlugin
LogPluginManager: Mounting plugin SpeedTreeImporter
LogPluginManager: Mounting plugin MediaCompositing
LogPluginManager: Mounting plugin ColorWheelPlugin
LogPluginManager: Mounting plugin ImgMedia
LogPluginManager: Mounting plugin AvfMedia
LogPluginManager: Mounting plugin WebMMedia
LogPluginManager: Mounting plugin WmfMedia
LogPluginManager: Mounting plugin MagicLeap
LogPluginManager: Mounting plugin MagicLeapPassableWorld
LogPluginManager: Mounting plugin MagicLeapLightEstimation
LogPluginManager: Mounting plugin ActorSequence
LogPluginManager: Mounting plugin LevelSequenceEditor
LogPluginManager: Mounting plugin MLSDK
LogPluginManager: Mounting plugin MatineeToLevelSequence
LogPluginManager: Mounting plugin TemplateSequence
LogPluginManager: Mounting plugin TcpMessaging
LogPluginManager: Mounting plugin UdpMessaging
LogPluginManager: Mounting plugin OnlineSubsystem
LogPluginManager: Mounting plugin OnlineSubsystemNull
LogPluginManager: Mounting plugin OnlineSubsystemUtils
LogPluginManager: Mounting plugin ScreenshotTools
LogPluginManager: Mounting plugin LauncherChunkInstaller
LogPluginManager: Mounting plugin ActorLayerUtilities
LogPluginManager: Mounting plugin AppleImageUtils
LogPluginManager: Mounting plugin AssetTags
LogPluginManager: Mounting plugin AndroidPermission
LogPluginManager: Mounting plugin ArchVisCharacter
LogPluginManager: Mounting plugin AudioCapture
LogPluginManager: Mounting plugin CableComponent
LogPluginManager: Mounting plugin AudioSynesthesia
LogPluginManager: Mounting plugin Takes
LogPluginManager: Mounting plugin EditableMesh
LogPluginManager: Mounting plugin CustomMeshComponent
LogPluginManager: Mounting plugin ChunkDownloader
LogPluginManager: Mounting plugin GooglePAD
LogPluginManager: Mounting plugin ExampleDeviceProfileSelector
LogPluginManager: Mounting plugin LocationServicesBPLibrary
LogPluginManager: Mounting plugin MobilePatchingUtils
LogPluginManager: Mounting plugin OpenXR
LogPluginManager: Mounting plugin OpenXREyeTracker
LogPluginManager: Mounting plugin OpenXRHandTracking
LogPluginManager: Mounting plugin PhysXVehicles
LogPluginManager: Mounting plugin ProceduralMeshComponent
LogPluginManager: Mounting plugin PropertyAccessEditor
LogPluginManager: Mounting plugin RuntimePhysXCooking
LogPluginManager: Mounting plugin SoundFields
LogPluginManager: Mounting plugin SignificanceManager
LogPluginManager: Mounting plugin Synthesis
LogPluginManager: Mounting plugin WebMMoviePlayer
LogPluginManager: Mounting plugin WindowsMoviePlayer
LogPluginManager: Mounting plugin OculusVR
LogPluginManager: Mounting plugin SteamVR
PixWinPlugin: PIX capture plugin failed to initialize! Check that the process is launched from PIX.
LogLuminAPIImpl: Warning: MLSDK not found.  This likely means the MLSDK environment variable is not set.
LogInit: Using libcurl 7.55.1-DEV
LogInit:  - built for x86_64-pc-win32
LogInit:  - supports SSL with OpenSSL/1.1.1
LogInit:  - supports HTTP deflate (compression) using libz 1.2.8
LogInit:  - other features:
LogInit:      CURL_VERSION_SSL
LogInit:      CURL_VERSION_LIBZ
LogInit:      CURL_VERSION_IPV6
LogInit:      CURL_VERSION_ASYNCHDNS
LogInit:      CURL_VERSION_LARGEFILE
LogInit:      CURL_VERSION_IDN
LogInit:  CurlRequestOptions (configurable via config and command line):
LogInit:  - bVerifyPeer = true  - Libcurl will verify peer certificate
LogInit:  - bUseHttpProxy = false  - Libcurl will NOT use HTTP proxy
LogInit:  - bDontReuseConnections = false  - Libcurl will reuse connections
LogInit:  - MaxHostConnections = 16  - Libcurl will limit the number of connections to a host
LogInit:  - LocalHostAddr = Default
LogInit:  - BufferSize = 65536
LogOnline: OSS: Creating online subsystem instance for: NULL
LogInit: WinSock: version 1.1 (2.2), MaxSocks=32767, MaxUdp=65467
LogOnline: OSS: TryLoadSubsystemAndSetDefault: Loaded subsystem for module [NULL]
LogOculusPluginWrapper: OculusPlugin initialized successfully
LogHMD: Failed initializing OVRPlugin 1.59.0
LogInit: Build: ++UE4+Release-4.27-CL-17735300
LogInit: Engine Version: 4.27.1-17735300+++UE4+Release-4.27
LogInit: Compatible Engine Version: 4.27.0-17155196+++UE4+Release-4.27
LogInit: Net CL: 17155196
LogInit: OS: Windows 10 (Release 2009) (), CPU: Intel(R) Core(TM) i5-9300H CPU @ 2.40GHz, GPU: Intel(R) UHD Graphics 630
LogInit: Compiled (64-bit): Oct  6 2021 14:55:41
LogInit: Compiled with Visual C++: 19.16.27032.01
LogInit: Build Configuration: Development
LogInit: Branch Name: ++UE4+Release-4.27
LogInit: Command Line: 
LogInit: Base Directory: D:/cs/UE4/Game/WindowsNoEditor/SoftEngineerProject/Binaries/Win64/
LogInit: Allocator: binned2
LogInit: Installed Engine Build: 0
LogDevObjectVersion: Number of dev versions registered: 29
LogDevObjectVersion:   Dev-Blueprints (B0D832E4-1F89-4F0D-ACCF-7EB736FD4AA2): 10
LogDevObjectVersion:   Dev-Build (E1C64328-A22C-4D53-A36C-8E866417BD8C): 0
LogDevObjectVersion:   Dev-Core (375EC13C-06E4-48FB-B500-84F0262A717E): 4
LogDevObjectVersion:   Dev-Editor (E4B068ED-F494-42E9-A231-DA0B2E46BB41): 40
LogDevObjectVersion:   Dev-Framework (CFFC743F-43B0-4480-9391-14DF171D2073): 37
LogDevObjectVersion:   Dev-Mobile (B02B49B5-BB20-44E9-A304-32B752E40360): 3
LogDevObjectVersion:   Dev-Networking (A4E4105C-59A1-49B5-A7C5-40C4547EDFEE): 0
LogDevObjectVersion:   Dev-Online (39C831C9-5AE6-47DC-9A44-9C173E1C8E7C): 0
LogDevObjectVersion:   Dev-Physics (78F01B33-EBEA-4F98-B9B4-84EACCB95AA2): 14
LogDevObjectVersion:   Dev-Platform (6631380F-2D4D-43E0-8009-CF276956A95A): 0
LogDevObjectVersion:   Dev-Rendering (12F88B9F-8875-4AFC-A67C-D90C383ABD29): 45
LogDevObjectVersion:   Dev-Sequencer (7B5AE74C-D270-4C10-A958-57980B212A5A): 13
LogDevObjectVersion:   Dev-VR (D7296918-1DD6-4BDD-9DE2-64A83CC13884): 3
LogDevObjectVersion:   Dev-LoadTimes (C2A15278-BFE7-4AFE-6C17-90FF531DF755): 1
LogDevObjectVersion:   Private-Geometry (6EACA3D4-40EC-4CC1-B786-8BED09428FC5): 3
LogDevObjectVersion:   Dev-AnimPhys (29E575DD-E0A3-4627-9D10-D276232CDCEA): 17
LogDevObjectVersion:   Dev-Anim (AF43A65D-7FD3-4947-9873-3E8ED9C1BB05): 15
LogDevObjectVersion:   Dev-ReflectionCapture (6B266CEC-1EC7-4B8F-A30B-E4D90942FC07): 1
LogDevObjectVersion:   Dev-Automation (0DF73D61-A23F-47EA-B727-89E90C41499A): 1
LogDevObjectVersion:   FortniteMain (601D1886-AC64-4F84-AA16-D3DE0DEAC7D6): 47
LogDevObjectVersion:   FortniteRelease (E7086368-6B23-4C58-8439-1B7016265E91): 1
LogDevObjectVersion:   Dev-Enterprise (9DFFBCD6-494F-0158-E221-12823C92A888): 10
LogDevObjectVersion:   Dev-Niagara (F2AED0AC-9AFE-416F-8664-AA7FFA26D6FC): 1
LogDevObjectVersion:   Dev-Destruction (174F1F0B-B4C6-45A5-B13F-2EE8D0FB917D): 10
LogDevObjectVersion:   Dev-Physics-Ext (35F94A83-E258-406C-A318-09F59610247C): 41
LogDevObjectVersion:   Dev-PhysicsMaterial-Chaos (B68FC16E-8B1B-42E2-B453-215C058844FE): 1
LogDevObjectVersion:   Dev-CineCamera (B2E18506-4273-CFC2-A54E-F4BB758BBA07): 1
LogDevObjectVersion:   Dev-VirtualProduction (64F58936-FD1B-42BA-BA96-7289D5D0FA4E): 1
LogDevObjectVersion:   Dev-MediaFramework (6F0ED827-A609-4895-9C91-998D90180EA4): 2
LogInit: Presizing for max 2097152 objects, including 1 objects not considered by GC, pre-allocating 0 bytes for permanent pool.
LogConfig: Applying CVar settings from Section [/Script/Engine.StreamingSettings] File [../../../SoftEngineerProject/Saved/Config/WindowsNoEditor/Engine.ini]
LogConfig: Setting CVar [[s.MinBulkDataSizeForAsyncLoading:131072]]
LogConfig: Setting CVar [[s.AsyncLoadingThreadEnabled:0]]
LogConfig: Setting CVar [[s.EventDrivenLoaderEnabled:1]]
LogConfig: Setting CVar [[s.WarnIfTimeLimitExceeded:0]]
LogConfig: Setting CVar [[s.TimeLimitExceededMultiplier:1.5]]
LogConfig: Setting CVar [[s.TimeLimitExceededMinTime:0.005]]
LogConfig: Setting CVar [[s.UseBackgroundLevelStreaming:1]]
LogConfig: Setting CVar [[s.PriorityAsyncLoadingExtraTime:15.0]]
LogConfig: Setting CVar [[s.LevelStreamingActorsUpdateTimeLimit:5.0]]
LogConfig: Setting CVar [[s.PriorityLevelStreamingActorsUpdateExtraTime:5.0]]
LogConfig: Setting CVar [[s.LevelStreamingComponentsRegistrationGranularity:10]]
LogConfig: Setting CVar [[s.UnregisterComponentsTimeLimit:1.0]]
LogConfig: Setting CVar [[s.LevelStreamingComponentsUnregistrationGranularity:5]]
LogConfig: Setting CVar [[s.FlushStreamingOnExit:1]]
LogStreaming: Display: Async Loading initialized: Event Driven Loader: true, Async Loading Thread: false, Async Post Load: true
LogInit: Object subsystem initialized
LogConfig: Setting CVar [[con.DebugEarlyDefault:1]]
LogConfig: Setting CVar [[r.setres:1280x720]]
LogConfig: Setting CVar [[fx.NiagaraAllowRuntimeScalabilityChanges:1]]
[2022.03.10-13.00.26:088][  0]LogConfig: Setting CVar [[con.DebugEarlyDefault:1]]
[2022.03.10-13.00.26:088][  0]LogConfig: Setting CVar [[r.setres:1280x720]]
[2022.03.10-13.00.26:088][  0]LogConfig: Setting CVar [[fx.NiagaraAllowRuntimeScalabilityChanges:1]]
[2022.03.10-13.00.26:088][  0]LogConfig: Applying CVar settings from Section [/Script/Engine.RendererSettings] File [../../../SoftEngineerProject/Saved/Config/WindowsNoEditor/Engine.ini]
[2022.03.10-13.00.26:088][  0]LogConfig: Setting CVar [[r.GPUCrashDebugging:0]]
[2022.03.10-13.00.26:088][  0]LogConfig: Setting CVar [[r.DefaultFeature.MotionBlur:0]]
[2022.03.10-13.00.26:088][  0]LogConfig: Setting CVar [[r.DefaultFeature.AntiAliasing:1]]
[2022.03.10-13.00.26:088][  0]LogConfig: Setting CVar [[r.DefaultFeature.AutoExposure:1]]
[2022.03.10-13.00.26:088][  0]LogConfig: Applying CVar settings from Section [/Script/Engine.RendererOverrideSettings] File [../../../SoftEngineerProject/Saved/Config/WindowsNoEditor/Engine.ini]
[2022.03.10-13.00.26:088][  0]LogConfig: Applying CVar settings from Section [/Script/Engine.StreamingSettings] File [../../../SoftEngineerProject/Saved/Config/WindowsNoEditor/Engine.ini]
[2022.03.10-13.00.26:088][  0]LogConfig: Setting CVar [[s.MinBulkDataSizeForAsyncLoading:131072]]
[2022.03.10-13.00.26:088][  0]LogConfig: Setting CVar [[s.AsyncLoadingThreadEnabled:0]]
[2022.03.10-13.00.26:088][  0]LogConfig: Setting CVar [[s.EventDrivenLoaderEnabled:1]]
[2022.03.10-13.00.26:088][  0]LogConfig: Setting CVar [[s.WarnIfTimeLimitExceeded:0]]
[2022.03.10-13.00.26:088][  0]LogConfig: Setting CVar [[s.TimeLimitExceededMultiplier:1.5]]
[2022.03.10-13.00.26:088][  0]LogConfig: Setting CVar [[s.TimeLimitExceededMinTime:0.005]]
[2022.03.10-13.00.26:088][  0]LogConfig: Setting CVar [[s.UseBackgroundLevelStreaming:1]]
[2022.03.10-13.00.26:088][  0]LogConfig: Setting CVar [[s.PriorityAsyncLoadingExtraTime:15.0]]
[2022.03.10-13.00.26:088][  0]LogConfig: Setting CVar [[s.LevelStreamingActorsUpdateTimeLimit:5.0]]
[2022.03.10-13.00.26:088][  0]LogConfig: Setting CVar [[s.PriorityLevelStreamingActorsUpdateExtraTime:5.0]]
[2022.03.10-13.00.26:088][  0]LogConfig: Setting CVar [[s.LevelStreamingComponentsRegistrationGranularity:10]]
[2022.03.10-13.00.26:088][  0]LogConfig: Setting CVar [[s.UnregisterComponentsTimeLimit:1.0]]
[2022.03.10-13.00.26:088][  0]LogConfig: Setting CVar [[s.LevelStreamingComponentsUnregistrationGranularity:5]]
[2022.03.10-13.00.26:088][  0]LogConfig: Setting CVar [[s.FlushStreamingOnExit:1]]
[2022.03.10-13.00.26:088][  0]LogConfig: Applying CVar settings from Section [/Script/Engine.GarbageCollectionSettings] File [../../../SoftEngineerProject/Saved/Config/WindowsNoEditor/Engine.ini]
[2022.03.10-13.00.26:088][  0]LogConfig: Setting CVar [[gc.MaxObjectsNotConsideredByGC:1]]
[2022.03.10-13.00.26:088][  0]LogConfig: Setting CVar [[gc.SizeOfPermanentObjectPool:0]]
[2022.03.10-13.00.26:088][  0]LogConfig: Setting CVar [[gc.FlushStreamingOnGC:0]]
[2022.03.10-13.00.26:088][  0]LogConfig: Setting CVar [[gc.NumRetriesBeforeForcingGC:10]]
[2022.03.10-13.00.26:088][  0]LogConfig: Setting CVar [[gc.AllowParallelGC:1]]
[2022.03.10-13.00.26:088][  0]LogConfig: Setting CVar [[gc.TimeBetweenPurgingPendingKillObjects:61.1]]
[2022.03.10-13.00.26:088][  0]LogConfig: Setting CVar [[gc.MaxObjectsInEditor:25165824]]
[2022.03.10-13.00.26:088][  0]LogConfig: Setting CVar [[gc.IncrementalBeginDestroyEnabled:1]]
[2022.03.10-13.00.26:088][  0]LogConfig: Setting CVar [[gc.CreateGCClusters:1]]
[2022.03.10-13.00.26:088][  0]LogConfig: Setting CVar [[gc.MinGCClusterSize:5]]
[2022.03.10-13.00.26:088][  0]LogConfig: Setting CVar [[gc.ActorClusteringEnabled:0]]
[2022.03.10-13.00.26:088][  0]LogConfig: Setting CVar [[gc.BlueprintClusteringEnabled:0]]
[2022.03.10-13.00.26:088][  0]LogConfig: Setting CVar [[gc.UseDisregardForGCOnDedicatedServers:0]]
[2022.03.10-13.00.26:088][  0]LogConfig: Setting CVar [[gc.MultithreadedDestructionEnabled:1]]
[2022.03.10-13.00.26:088][  0]LogConfig: Applying CVar settings from Section [/Script/Engine.NetworkSettings] File [../../../SoftEngineerProject/Saved/Config/WindowsNoEditor/Engine.ini]
[2022.03.10-13.00.26:110][  0]LogConfig: Applying CVar settings from Section [ViewDistanceQuality@3] File [../../../SoftEngineerProject/Saved/Config/WindowsNoEditor/Scalability.ini]
[2022.03.10-13.00.26:110][  0]LogConfig: Setting CVar [[r.SkeletalMeshLODBias:0]]
[2022.03.10-13.00.26:110][  0]LogConfig: Setting CVar [[r.ViewDistanceScale:1.0]]
[2022.03.10-13.00.26:110][  0]LogConfig: Applying CVar settings from Section [AntiAliasingQuality@3] File [../../../SoftEngineerProject/Saved/Config/WindowsNoEditor/Scalability.ini]
[2022.03.10-13.00.26:110][  0]LogConfig: Setting CVar [[r.PostProcessAAQuality:4]]
[2022.03.10-13.00.26:110][  0]LogConfig: Applying CVar settings from Section [ShadowQuality@3] File [../../../SoftEngineerProject/Saved/Config/WindowsNoEditor/Scalability.ini]
[2022.03.10-13.00.26:110][  0]LogConfig: Setting CVar [[r.LightFunctionQuality:1]]
[2022.03.10-13.00.26:110][  0]LogConfig: Setting CVar [[r.ShadowQuality:5]]
[2022.03.10-13.00.26:110][  0]LogConfig: Setting CVar [[r.Shadow.CSM.MaxCascades:10]]
[2022.03.10-13.00.26:110][  0]LogConfig: Setting CVar [[r.Shadow.MaxResolution:2048]]
[2022.03.10-13.00.26:110][  0]LogConfig: Setting CVar [[r.Shadow.MaxCSMResolution:2048]]
[2022.03.10-13.00.26:110][  0]LogConfig: Setting CVar [[r.Shadow.RadiusThreshold:0.01]]
[2022.03.10-13.00.26:110][  0]LogConfig: Setting CVar [[r.Shadow.DistanceScale:1.0]]
[2022.03.10-13.00.26:110][  0]LogConfig: Setting CVar [[r.Shadow.CSM.TransitionScale:1.0]]
[2022.03.10-13.00.26:110][  0]LogConfig: Setting CVar [[r.Shadow.PreShadowResolutionFactor:1.0]]
[2022.03.10-13.00.26:110][  0]LogConfig: Setting CVar [[r.DistanceFieldShadowing:1]]
[2022.03.10-13.00.26:110][  0]LogConfig: Setting CVar [[r.DistanceFieldAO:1]]
[2022.03.10-13.00.26:110][  0]LogConfig: Setting CVar [[r.AOQuality:2]]
[2022.03.10-13.00.26:110][  0]LogConfig: Setting CVar [[r.VolumetricFog:1]]
[2022.03.10-13.00.26:110][  0]LogConfig: Setting CVar [[r.VolumetricFog.GridPixelSize:8]]
[2022.03.10-13.00.26:110][  0]LogConfig: Setting CVar [[r.VolumetricFog.GridSizeZ:128]]
[2022.03.10-13.00.26:110][  0]LogConfig: Setting CVar [[r.VolumetricFog.HistoryMissSupersampleCount:4]]
[2022.03.10-13.00.26:110][  0]LogConfig: Setting CVar [[r.LightMaxDrawDistanceScale:1]]
[2022.03.10-13.00.26:111][  0]LogConfig: Setting CVar [[r.CapsuleShadows:1]]
[2022.03.10-13.00.26:111][  0]LogConfig: Applying CVar settings from Section [PostProcessQuality@3] File [../../../SoftEngineerProject/Saved/Config/WindowsNoEditor/Scalability.ini]
[2022.03.10-13.00.26:111][  0]LogConfig: Setting CVar [[r.MotionBlurQuality:4]]
[2022.03.10-13.00.26:111][  0]LogConfig: Setting CVar [[r.AmbientOcclusionMipLevelFactor:0.4]]
[2022.03.10-13.00.26:111][  0]LogConfig: Setting CVar [[r.AmbientOcclusionMaxQuality:100]]
[2022.03.10-13.00.26:111][  0]LogConfig: Setting CVar [[r.AmbientOcclusionLevels:-1]]
[2022.03.10-13.00.26:111][  0]LogConfig: Setting CVar [[r.AmbientOcclusionRadiusScale:1.0]]
[2022.03.10-13.00.26:111][  0]LogConfig: Setting CVar [[r.DepthOfFieldQuality:2]]
[2022.03.10-13.00.26:111][  0]LogConfig: Setting CVar [[r.RenderTargetPoolMin:400]]
[2022.03.10-13.00.26:111][  0]LogConfig: Setting CVar [[r.LensFlareQuality:2]]
[2022.03.10-13.00.26:111][  0]LogConfig: Setting CVar [[r.SceneColorFringeQuality:1]]
[2022.03.10-13.00.26:111][  0]LogConfig: Setting CVar [[r.EyeAdaptationQuality:2]]
[2022.03.10-13.00.26:111][  0]LogConfig: Setting CVar [[r.BloomQuality:5]]
[2022.03.10-13.00.26:111][  0]LogConfig: Setting CVar [[r.FastBlurThreshold:100]]
[2022.03.10-13.00.26:111][  0]LogConfig: Setting CVar [[r.Upscale.Quality:3]]
[2022.03.10-13.00.26:111][  0]LogConfig: Setting CVar [[r.Tonemapper.GrainQuantization:1]]
[2022.03.10-13.00.26:111][  0]LogConfig: Setting CVar [[r.LightShaftQuality:1]]
[2022.03.10-13.00.26:111][  0]LogConfig: Setting CVar [[r.Filter.SizeScale:1]]
[2022.03.10-13.00.26:111][  0]LogConfig: Setting CVar [[r.Tonemapper.Quality:5]]
[2022.03.10-13.00.26:111][  0]LogConfig: Setting CVar [[r.DOF.Gather.AccumulatorQuality:1        ; higher gathering accumulator quality]]
[2022.03.10-13.00.26:111][  0]LogConfig: Setting CVar [[r.DOF.Gather.PostfilterMethod:1          ; Median3x3 postfilering method]]
[2022.03.10-13.00.26:111][  0]LogConfig: Setting CVar [[r.DOF.Gather.EnableBokehSettings:0       ; no bokeh simulation when gathering]]
[2022.03.10-13.00.26:111][  0]LogConfig: Setting CVar [[r.DOF.Gather.RingCount:4                 ; medium number of samples when gathering]]
[2022.03.10-13.00.26:111][  0]LogConfig: Setting CVar [[r.DOF.Scatter.ForegroundCompositing:1    ; additive foreground scattering]]
[2022.03.10-13.00.26:111][  0]LogConfig: Setting CVar [[r.DOF.Scatter.BackgroundCompositing:2    ; additive background scattering]]
[2022.03.10-13.00.26:111][  0]LogConfig: Setting CVar [[r.DOF.Scatter.EnableBokehSettings:1      ; bokeh simulation when scattering]]
[2022.03.10-13.00.26:111][  0]LogConfig: Setting CVar [[r.DOF.Scatter.MaxSpriteRatio:0.1         ; only a maximum of 10% of scattered bokeh]]
[2022.03.10-13.00.26:111][  0]LogConfig: Setting CVar [[r.DOF.Recombine.Quality:1                ; cheap slight out of focus]]
[2022.03.10-13.00.26:111][  0]LogConfig: Setting CVar [[r.DOF.Recombine.EnableBokehSettings:0    ; no bokeh simulation on slight out of focus]]
[2022.03.10-13.00.26:111][  0]LogConfig: Setting CVar [[r.DOF.TemporalAAQuality:1                ; more stable temporal accumulation]]
[2022.03.10-13.00.26:111][  0]LogConfig: Setting CVar [[r.DOF.Kernel.MaxForegroundRadius:0.025]]
[2022.03.10-13.00.26:111][  0]LogConfig: Setting CVar [[r.DOF.Kernel.MaxBackgroundRadius:0.025]]
[2022.03.10-13.00.26:111][  0]LogConfig: Applying CVar settings from Section [TextureQuality@3] File [../../../SoftEngineerProject/Saved/Config/WindowsNoEditor/Scalability.ini]
[2022.03.10-13.00.26:111][  0]LogConfig: Setting CVar [[r.Streaming.MipBias:0]]
[2022.03.10-13.00.26:111][  0]LogConfig: Setting CVar [[r.Streaming.AmortizeCPUToGPUCopy:0]]
[2022.03.10-13.00.26:111][  0]LogConfig: Setting CVar [[r.Streaming.MaxNumTexturesToStreamPerFrame:0]]
[2022.03.10-13.00.26:111][  0]LogConfig: Setting CVar [[r.Streaming.Boost:1]]
[2022.03.10-13.00.26:111][  0]LogConfig: Setting CVar [[r.MaxAnisotropy:8]]
[2022.03.10-13.00.26:111][  0]LogConfig: Setting CVar [[r.VT.MaxAnisotropy:8]]
[2022.03.10-13.00.26:111][  0]LogConfig: Setting CVar [[r.Streaming.LimitPoolSizeToVRAM:0]]
[2022.03.10-13.00.26:111][  0]LogConfig: Setting CVar [[r.Streaming.PoolSize:1000]]
[2022.03.10-13.00.26:111][  0]LogConfig: Setting CVar [[r.Streaming.MaxEffectiveScreenSize:0]]
[2022.03.10-13.00.26:111][  0]LogConfig: Applying CVar settings from Section [EffectsQuality@3] File [../../../SoftEngineerProject/Saved/Config/WindowsNoEditor/Scalability.ini]
[2022.03.10-13.00.26:111][  0]LogConfig: Setting CVar [[r.TranslucencyLightingVolumeDim:64]]
[2022.03.10-13.00.26:111][  0]LogConfig: Setting CVar [[r.RefractionQuality:2]]
[2022.03.10-13.00.26:111][  0]LogConfig: Setting CVar [[r.SSR.Quality:3]]
[2022.03.10-13.00.26:111][  0]LogConfig: Setting CVar [[r.SSR.HalfResSceneColor:0]]
[2022.03.10-13.00.26:111][  0]LogConfig: Setting CVar [[r.SceneColorFormat:4]]
[2022.03.10-13.00.26:111][  0]LogConfig: Setting CVar [[r.DetailMode:2]]
[2022.03.10-13.00.26:111][  0]LogConfig: Setting CVar [[r.TranslucencyVolumeBlur:1]]
[2022.03.10-13.00.26:111][  0]LogConfig: Setting CVar [[r.MaterialQualityLevel:1 ; High quality]]
[2022.03.10-13.00.26:111][  0]LogConfig: Setting CVar [[r.AnisotropicMaterials:1]]
[2022.03.10-13.00.26:111][  0]LogConfig: Setting CVar [[r.SSS.Scale:1]]
[2022.03.10-13.00.26:111][  0]LogConfig: Setting CVar [[r.SSS.SampleSet:2]]
[2022.03.10-13.00.26:111][  0]LogConfig: Setting CVar [[r.SSS.Quality:1]]
[2022.03.10-13.00.26:111][  0]LogConfig: Setting CVar [[r.SSS.HalfRes:0]]
[2022.03.10-13.00.26:111][  0]LogConfig: Setting CVar [[r.SSGI.Quality:3]]
[2022.03.10-13.00.26:111][  0]LogConfig: Setting CVar [[r.EmitterSpawnRateScale:1.0]]
[2022.03.10-13.00.26:111][  0]LogConfig: Setting CVar [[r.ParticleLightQuality:2]]
[2022.03.10-13.00.26:111][  0]LogConfig: Setting CVar [[r.SkyAtmosphere.AerialPerspectiveLUT.FastApplyOnOpaque:1 ; Always have FastSkyLUT 1 in this case to avoid wrong sky]]
[2022.03.10-13.00.26:111][  0]LogConfig: Setting CVar [[r.SkyAtmosphere.AerialPerspectiveLUT.SampleCountMaxPerSlice:4]]
[2022.03.10-13.00.26:111][  0]LogConfig: Setting CVar [[r.SkyAtmosphere.AerialPerspectiveLUT.DepthResolution:16.0]]
[2022.03.10-13.00.26:111][  0]LogConfig: Setting CVar [[r.SkyAtmosphere.FastSkyLUT:1]]
[2022.03.10-13.00.26:111][  0]LogConfig: Setting CVar [[r.SkyAtmosphere.FastSkyLUT.SampleCountMin:4.0]]
[2022.03.10-13.00.26:111][  0]LogConfig: Setting CVar [[r.SkyAtmosphere.FastSkyLUT.SampleCountMax:128.0]]
[2022.03.10-13.00.26:111][  0]LogConfig: Setting CVar [[r.SkyAtmosphere.SampleCountMin:4.0]]
[2022.03.10-13.00.26:111][  0]LogConfig: Setting CVar [[r.SkyAtmosphere.SampleCountMax:128.0]]
[2022.03.10-13.00.26:111][  0]LogConfig: Setting CVar [[r.SkyAtmosphere.TransmittanceLUT.UseSmallFormat:0]]
[2022.03.10-13.00.26:111][  0]LogConfig: Setting CVar [[r.SkyAtmosphere.TransmittanceLUT.SampleCount:10.0]]
[2022.03.10-13.00.26:111][  0]LogConfig: Setting CVar [[r.SkyAtmosphere.MultiScatteringLUT.SampleCount:15.0]]
[2022.03.10-13.00.26:111][  0]LogConfig: Setting CVar [[r.SkyLight.RealTimeReflectionCapture:1]]
[2022.03.10-13.00.26:111][  0]LogConfig: Setting CVar [[fx.Niagara.QualityLevel:3]]
[2022.03.10-13.00.26:111][  0]LogConfig: Applying CVar settings from Section [FoliageQuality@3] File [../../../SoftEngineerProject/Saved/Config/WindowsNoEditor/Scalability.ini]
[2022.03.10-13.00.26:111][  0]LogConfig: Setting CVar [[foliage.DensityScale:1.0]]
[2022.03.10-13.00.26:111][  0]LogConfig: Setting CVar [[grass.DensityScale:1.0]]
[2022.03.10-13.00.26:111][  0]LogConfig: Applying CVar settings from Section [ShadingQuality@3] File [../../../SoftEngineerProject/Saved/Config/WindowsNoEditor/Scalability.ini]
[2022.03.10-13.00.26:111][  0]LogConfig: Setting CVar [[r.HairStrands.SkyLighting.IntegrationType:2]]
[2022.03.10-13.00.26:111][  0]LogConfig: Setting CVar [[r.HairStrands.SkyAO.SampleCount:4]]
[2022.03.10-13.00.26:112][  0]LogConfig: Setting CVar [[r.HairStrands.Visibility.MSAA.SamplePerPixel:4]]
[2022.03.10-13.00.26:112][  0]LogInit: Selected Device Profile: [WindowsNoEditor]
[2022.03.10-13.00.26:112][  0]LogInit: Applying CVar settings loaded from the selected device profile: [WindowsNoEditor]
[2022.03.10-13.00.26:112][  0]LogHAL: Display: Platform has ~ 20 GB [21312131072 / 34359738368 / 20], which maps to Larger [LargestMinGB=32, LargerMinGB=12, DefaultMinGB=8, SmallerMinGB=6, SmallestMinGB=0)
[2022.03.10-13.00.26:112][  0]LogInit: Going up to parent DeviceProfile [Windows]
[2022.03.10-13.00.26:112][  0]LogInit: Going up to parent DeviceProfile []
[2022.03.10-13.00.26:112][  0]LogConfig: Applying CVar settings from Section [ViewDistanceQuality@3] File [../../../SoftEngineerProject/Saved/Config/WindowsNoEditor/Scalability.ini]
[2022.03.10-13.00.26:112][  0]LogConfig: Setting CVar [[r.SkeletalMeshLODBias:0]]
[2022.03.10-13.00.26:112][  0]LogConfig: Setting CVar [[r.ViewDistanceScale:1.0]]
[2022.03.10-13.00.26:112][  0]LogConfig: Applying CVar settings from Section [AntiAliasingQuality@3] File [../../../SoftEngineerProject/Saved/Config/WindowsNoEditor/Scalability.ini]
[2022.03.10-13.00.26:112][  0]LogConfig: Setting CVar [[r.PostProcessAAQuality:4]]
[2022.03.10-13.00.26:112][  0]LogConfig: Applying CVar settings from Section [ShadowQuality@3] File [../../../SoftEngineerProject/Saved/Config/WindowsNoEditor/Scalability.ini]
[2022.03.10-13.00.26:112][  0]LogConfig: Setting CVar [[r.LightFunctionQuality:1]]
[2022.03.10-13.00.26:112][  0]LogConfig: Setting CVar [[r.ShadowQuality:5]]
[2022.03.10-13.00.26:112][  0]LogConfig: Setting CVar [[r.Shadow.CSM.MaxCascades:10]]
[2022.03.10-13.00.26:112][  0]LogConfig: Setting CVar [[r.Shadow.MaxResolution:2048]]
[2022.03.10-13.00.26:112][  0]LogConfig: Setting CVar [[r.Shadow.MaxCSMResolution:2048]]
[2022.03.10-13.00.26:112][  0]LogConfig: Setting CVar [[r.Shadow.RadiusThreshold:0.01]]
[2022.03.10-13.00.26:112][  0]LogConfig: Setting CVar [[r.Shadow.DistanceScale:1.0]]
[2022.03.10-13.00.26:112][  0]LogConfig: Setting CVar [[r.Shadow.CSM.TransitionScale:1.0]]
[2022.03.10-13.00.26:112][  0]LogConfig: Setting CVar [[r.Shadow.PreShadowResolutionFactor:1.0]]
[2022.03.10-13.00.26:112][  0]LogConfig: Setting CVar [[r.DistanceFieldShadowing:1]]
[2022.03.10-13.00.26:112][  0]LogConfig: Setting CVar [[r.DistanceFieldAO:1]]
[2022.03.10-13.00.26:112][  0]LogConfig: Setting CVar [[r.AOQuality:2]]
[2022.03.10-13.00.26:112][  0]LogConfig: Setting CVar [[r.VolumetricFog:1]]
[2022.03.10-13.00.26:112][  0]LogConfig: Setting CVar [[r.VolumetricFog.GridPixelSize:8]]
[2022.03.10-13.00.26:112][  0]LogConfig: Setting CVar [[r.VolumetricFog.GridSizeZ:128]]
[2022.03.10-13.00.26:112][  0]LogConfig: Setting CVar [[r.VolumetricFog.HistoryMissSupersampleCount:4]]
[2022.03.10-13.00.26:112][  0]LogConfig: Setting CVar [[r.LightMaxDrawDistanceScale:1]]
[2022.03.10-13.00.26:112][  0]LogConfig: Setting CVar [[r.CapsuleShadows:1]]
[2022.03.10-13.00.26:112][  0]LogConfig: Applying CVar settings from Section [PostProcessQuality@3] File [../../../SoftEngineerProject/Saved/Config/WindowsNoEditor/Scalability.ini]
[2022.03.10-13.00.26:112][  0]LogConfig: Setting CVar [[r.MotionBlurQuality:4]]
[2022.03.10-13.00.26:112][  0]LogConfig: Setting CVar [[r.AmbientOcclusionMipLevelFactor:0.4]]
[2022.03.10-13.00.26:112][  0]LogConfig: Setting CVar [[r.AmbientOcclusionMaxQuality:100]]
[2022.03.10-13.00.26:112][  0]LogConfig: Setting CVar [[r.AmbientOcclusionLevels:-1]]
[2022.03.10-13.00.26:112][  0]LogConfig: Setting CVar [[r.AmbientOcclusionRadiusScale:1.0]]
[2022.03.10-13.00.26:112][  0]LogConfig: Setting CVar [[r.DepthOfFieldQuality:2]]
[2022.03.10-13.00.26:112][  0]LogConfig: Setting CVar [[r.RenderTargetPoolMin:400]]
[2022.03.10-13.00.26:112][  0]LogConfig: Setting CVar [[r.LensFlareQuality:2]]
[2022.03.10-13.00.26:112][  0]LogConfig: Setting CVar [[r.SceneColorFringeQuality:1]]
[2022.03.10-13.00.26:112][  0]LogConfig: Setting CVar [[r.EyeAdaptationQuality:2]]
[2022.03.10-13.00.26:112][  0]LogConfig: Setting CVar [[r.BloomQuality:5]]
[2022.03.10-13.00.26:112][  0]LogConfig: Setting CVar [[r.FastBlurThreshold:100]]
[2022.03.10-13.00.26:112][  0]LogConfig: Setting CVar [[r.Upscale.Quality:3]]
[2022.03.10-13.00.26:112][  0]LogConfig: Setting CVar [[r.Tonemapper.GrainQuantization:1]]
[2022.03.10-13.00.26:112][  0]LogConfig: Setting CVar [[r.LightShaftQuality:1]]
[2022.03.10-13.00.26:112][  0]LogConfig: Setting CVar [[r.Filter.SizeScale:1]]
[2022.03.10-13.00.26:112][  0]LogConfig: Setting CVar [[r.Tonemapper.Quality:5]]
[2022.03.10-13.00.26:112][  0]LogConfig: Setting CVar [[r.DOF.Gather.AccumulatorQuality:1        ; higher gathering accumulator quality]]
[2022.03.10-13.00.26:112][  0]LogConfig: Setting CVar [[r.DOF.Gather.PostfilterMethod:1          ; Median3x3 postfilering method]]
[2022.03.10-13.00.26:112][  0]LogConfig: Setting CVar [[r.DOF.Gather.EnableBokehSettings:0       ; no bokeh simulation when gathering]]
[2022.03.10-13.00.26:112][  0]LogConfig: Setting CVar [[r.DOF.Gather.RingCount:4                 ; medium number of samples when gathering]]
[2022.03.10-13.00.26:112][  0]LogConfig: Setting CVar [[r.DOF.Scatter.ForegroundCompositing:1    ; additive foreground scattering]]
[2022.03.10-13.00.26:112][  0]LogConfig: Setting CVar [[r.DOF.Scatter.BackgroundCompositing:2    ; additive background scattering]]
[2022.03.10-13.00.26:112][  0]LogConfig: Setting CVar [[r.DOF.Scatter.EnableBokehSettings:1      ; bokeh simulation when scattering]]
[2022.03.10-13.00.26:112][  0]LogConfig: Setting CVar [[r.DOF.Scatter.MaxSpriteRatio:0.1         ; only a maximum of 10% of scattered bokeh]]
[2022.03.10-13.00.26:112][  0]LogConfig: Setting CVar [[r.DOF.Recombine.Quality:1                ; cheap slight out of focus]]
[2022.03.10-13.00.26:112][  0]LogConfig: Setting CVar [[r.DOF.Recombine.EnableBokehSettings:0    ; no bokeh simulation on slight out of focus]]
[2022.03.10-13.00.26:112][  0]LogConfig: Setting CVar [[r.DOF.TemporalAAQuality:1                ; more stable temporal accumulation]]
[2022.03.10-13.00.26:113][  0]LogConfig: Setting CVar [[r.DOF.Kernel.MaxForegroundRadius:0.025]]
[2022.03.10-13.00.26:113][  0]LogConfig: Setting CVar [[r.DOF.Kernel.MaxBackgroundRadius:0.025]]
[2022.03.10-13.00.26:113][  0]LogConfig: Applying CVar settings from Section [TextureQuality@3] File [../../../SoftEngineerProject/Saved/Config/WindowsNoEditor/Scalability.ini]
[2022.03.10-13.00.26:113][  0]LogConfig: Setting CVar [[r.Streaming.MipBias:0]]
[2022.03.10-13.00.26:113][  0]LogConfig: Setting CVar [[r.Streaming.AmortizeCPUToGPUCopy:0]]
[2022.03.10-13.00.26:113][  0]LogConfig: Setting CVar [[r.Streaming.MaxNumTexturesToStreamPerFrame:0]]
[2022.03.10-13.00.26:113][  0]LogConfig: Setting CVar [[r.Streaming.Boost:1]]
[2022.03.10-13.00.26:113][  0]LogConfig: Setting CVar [[r.MaxAnisotropy:8]]
[2022.03.10-13.00.26:113][  0]LogConfig: Setting CVar [[r.VT.MaxAnisotropy:8]]
[2022.03.10-13.00.26:113][  0]LogConfig: Setting CVar [[r.Streaming.LimitPoolSizeToVRAM:0]]
[2022.03.10-13.00.26:113][  0]LogConfig: Setting CVar [[r.Streaming.PoolSize:1000]]
[2022.03.10-13.00.26:113][  0]LogConfig: Setting CVar [[r.Streaming.MaxEffectiveScreenSize:0]]
[2022.03.10-13.00.26:113][  0]LogConfig: Applying CVar settings from Section [EffectsQuality@3] File [../../../SoftEngineerProject/Saved/Config/WindowsNoEditor/Scalability.ini]
[2022.03.10-13.00.26:113][  0]LogConfig: Setting CVar [[r.TranslucencyLightingVolumeDim:64]]
[2022.03.10-13.00.26:113][  0]LogConfig: Setting CVar [[r.RefractionQuality:2]]
[2022.03.10-13.00.26:113][  0]LogConfig: Setting CVar [[r.SSR.Quality:3]]
[2022.03.10-13.00.26:113][  0]LogConfig: Setting CVar [[r.SSR.HalfResSceneColor:0]]
[2022.03.10-13.00.26:113][  0]LogConfig: Setting CVar [[r.SceneColorFormat:4]]
[2022.03.10-13.00.26:113][  0]LogConfig: Setting CVar [[r.DetailMode:2]]
[2022.03.10-13.00.26:113][  0]LogConfig: Setting CVar [[r.TranslucencyVolumeBlur:1]]
[2022.03.10-13.00.26:113][  0]LogConfig: Setting CVar [[r.MaterialQualityLevel:1 ; High quality]]
[2022.03.10-13.00.26:113][  0]LogConfig: Setting CVar [[r.AnisotropicMaterials:1]]
[2022.03.10-13.00.26:113][  0]LogConfig: Setting CVar [[r.SSS.Scale:1]]
[2022.03.10-13.00.26:113][  0]LogConfig: Setting CVar [[r.SSS.SampleSet:2]]
[2022.03.10-13.00.26:113][  0]LogConfig: Setting CVar [[r.SSS.Quality:1]]
[2022.03.10-13.00.26:113][  0]LogConfig: Setting CVar [[r.SSS.HalfRes:0]]
[2022.03.10-13.00.26:113][  0]LogConfig: Setting CVar [[r.SSGI.Quality:3]]
[2022.03.10-13.00.26:113][  0]LogConfig: Setting CVar [[r.EmitterSpawnRateScale:1.0]]
[2022.03.10-13.00.26:113][  0]LogConfig: Setting CVar [[r.ParticleLightQuality:2]]
[2022.03.10-13.00.26:113][  0]LogConfig: Setting CVar [[r.SkyAtmosphere.AerialPerspectiveLUT.FastApplyOnOpaque:1 ; Always have FastSkyLUT 1 in this case to avoid wrong sky]]
[2022.03.10-13.00.26:113][  0]LogConfig: Setting CVar [[r.SkyAtmosphere.AerialPerspectiveLUT.SampleCountMaxPerSlice:4]]
[2022.03.10-13.00.26:113][  0]LogConfig: Setting CVar [[r.SkyAtmosphere.AerialPerspectiveLUT.DepthResolution:16.0]]
[2022.03.10-13.00.26:113][  0]LogConfig: Setting CVar [[r.SkyAtmosphere.FastSkyLUT:1]]
[2022.03.10-13.00.26:113][  0]LogConfig: Setting CVar [[r.SkyAtmosphere.FastSkyLUT.SampleCountMin:4.0]]
[2022.03.10-13.00.26:113][  0]LogConfig: Setting CVar [[r.SkyAtmosphere.FastSkyLUT.SampleCountMax:128.0]]
[2022.03.10-13.00.26:113][  0]LogConfig: Setting CVar [[r.SkyAtmosphere.SampleCountMin:4.0]]
[2022.03.10-13.00.26:113][  0]LogConfig: Setting CVar [[r.SkyAtmosphere.SampleCountMax:128.0]]
[2022.03.10-13.00.26:113][  0]LogConfig: Setting CVar [[r.SkyAtmosphere.TransmittanceLUT.UseSmallFormat:0]]
[2022.03.10-13.00.26:113][  0]LogConfig: Setting CVar [[r.SkyAtmosphere.TransmittanceLUT.SampleCount:10.0]]
[2022.03.10-13.00.26:113][  0]LogConfig: Setting CVar [[r.SkyAtmosphere.MultiScatteringLUT.SampleCount:15.0]]
[2022.03.10-13.00.26:113][  0]LogConfig: Setting CVar [[r.SkyLight.RealTimeReflectionCapture:1]]
[2022.03.10-13.00.26:113][  0]LogConfig: Setting CVar [[fx.Niagara.QualityLevel:3]]
[2022.03.10-13.00.26:113][  0]LogConfig: Applying CVar settings from Section [FoliageQuality@3] File [../../../SoftEngineerProject/Saved/Config/WindowsNoEditor/Scalability.ini]
[2022.03.10-13.00.26:113][  0]LogConfig: Setting CVar [[foliage.DensityScale:1.0]]
[2022.03.10-13.00.26:113][  0]LogConfig: Setting CVar [[grass.DensityScale:1.0]]
[2022.03.10-13.00.26:113][  0]LogConfig: Applying CVar settings from Section [ShadingQuality@3] File [../../../SoftEngineerProject/Saved/Config/WindowsNoEditor/Scalability.ini]
[2022.03.10-13.00.26:113][  0]LogConfig: Setting CVar [[r.HairStrands.SkyLighting.IntegrationType:2]]
[2022.03.10-13.00.26:113][  0]LogConfig: Setting CVar [[r.HairStrands.SkyAO.SampleCount:4]]
[2022.03.10-13.00.26:113][  0]LogConfig: Setting CVar [[r.HairStrands.Visibility.MSAA.SamplePerPixel:4]]
[2022.03.10-13.00.26:113][  0]LogConfig: Applying CVar settings from Section [Startup] File [../../../Engine/Config/ConsoleVariables.ini]
[2022.03.10-13.00.26:113][  0]LogConfig: Setting CVar [[net.UseAdaptiveNetUpdateFrequency:0]]
[2022.03.10-13.00.26:113][  0]LogConfig: Setting CVar [[p.chaos.AllowCreatePhysxBodies:1]]
[2022.03.10-13.00.26:113][  0]LogConfig: Setting CVar [[fx.SkipVectorVMBackendOptimizations:1]]
[2022.03.10-13.00.26:113][  0]LogConfig: Applying CVar settings from Section [ConsoleVariables] File [../../../SoftEngineerProject/Saved/Config/WindowsNoEditor/Engine.ini]
[2022.03.10-13.00.26:114][  0]LogInit: Computer: DESKTOP-VKB102S
[2022.03.10-13.00.26:114][  0]LogInit: User: 86137
[2022.03.10-13.00.26:114][  0]LogInit: CPU Page size=4096, Cores=4
[2022.03.10-13.00.26:114][  0]LogInit: High frequency timer resolution =10.000000 MHz
[2022.03.10-13.00.26:114][  0]LogMemory: Memory total: Physical=19.8GB (20GB approx)
[2022.03.10-13.00.26:114][  0]LogMemory: Platform Memory Stats for WindowsNoEditor
[2022.03.10-13.00.26:114][  0]LogMemory: Process Physical Memory: 79.20 MB used, 79.20 MB peak
[2022.03.10-13.00.26:114][  0]LogMemory: Process Virtual Memory: 81.75 MB used, 81.75 MB peak
[2022.03.10-13.00.26:114][  0]LogMemory: Physical Memory: 8801.94 MB used,  11522.89 MB free, 20324.83 MB total
[2022.03.10-13.00.26:114][  0]LogMemory: Virtual Memory: 134212352.00 MB used,  5376.07 MB free, 134217728.00 MB total
[2022.03.10-13.00.26:122][  0]LogWindows: WindowsPlatformFeatures enabled
[2022.03.10-13.00.26:208][  0]LogInit: Physics initialised using underlying interface: PhysX
[2022.03.10-13.00.26:209][  0]LogInit: Using OS detected language (zh-CN).
[2022.03.10-13.00.26:209][  0]LogInit: Using OS detected locale (zh-CN).
[2022.03.10-13.00.26:209][  0]LogTextLocalizationManager: No localization for 'zh-CN' exists, so 'en' will be used for the language.
[2022.03.10-13.00.26:209][  0]LogTextLocalizationManager: No localization for 'zh-CN' exists, so 'en' will be used for the locale.
[2022.03.10-13.00.26:235][  0]LogWindowsTextInputMethodSystem: Display: IME system deactivated.
[2022.03.10-13.00.26:258][  0]LogSlate: New Slate User Created.  User Index 0, Is Virtual User: 0
[2022.03.10-13.00.26:258][  0]LogSlate: Slate User Registered.  User Index 0, Is Virtual User: 0
[2022.03.10-13.00.26:291][  0]LogD3D11RHI: Loaded GFSDK_Aftermath_Lib.x64.dll
[2022.03.10-13.00.26:303][  0]LogHMD: Failed to initialize OpenVR with code 110
[2022.03.10-13.00.26:303][  0]LogD3D11RHI: D3D11 min allowed feature level: 11_0
[2022.03.10-13.00.26:303][  0]LogD3D11RHI: D3D11 max allowed feature level: 11_0
[2022.03.10-13.00.26:303][  0]LogD3D11RHI: D3D11 adapters:
[2022.03.10-13.00.26:640][  0]LogD3D11RHI:    0. 'NVIDIA GeForce GTX 1650' (Feature Level 11_0)
[2022.03.10-13.00.26:640][  0]LogD3D11RHI:       3962/0/10162 MB DedicatedVideo/DedicatedSystem/SharedSystem, Outputs:1, VendorId:0x10de
[2022.03.10-13.00.26:849][  0]LogD3D11RHI:    1. 'Intel(R) UHD Graphics 630' (Feature Level 11_0)
[2022.03.10-13.00.26:849][  0]LogD3D11RHI:       128/0/10162 MB DedicatedVideo/DedicatedSystem/SharedSystem, Outputs:0, VendorId:0x8086
[2022.03.10-13.00.26:851][  0]LogD3D11RHI:    2. 'Microsoft Basic Render Driver' (Feature Level 11_0)
[2022.03.10-13.00.26:851][  0]LogD3D11RHI:       0/0/10162 MB DedicatedVideo/DedicatedSystem/SharedSystem, Outputs:0, VendorId:0x1414
[2022.03.10-13.00.26:851][  0]LogD3D11RHI: Chosen D3D11 Adapter:
[2022.03.10-13.00.26:851][  0]LogD3D11RHI:     Description : NVIDIA GeForce GTX 1650
[2022.03.10-13.00.26:851][  0]LogD3D11RHI:     VendorId    : 10de
[2022.03.10-13.00.26:851][  0]LogD3D11RHI:     DeviceId    : 1f91
[2022.03.10-13.00.26:851][  0]LogD3D11RHI:     SubSysId    : 9491028
[2022.03.10-13.00.26:851][  0]LogD3D11RHI:     Revision    : 00a1
[2022.03.10-13.00.26:851][  0]LogD3D11RHI:     DedicatedVideoMemory : 4154458112 bytes
[2022.03.10-13.00.26:851][  0]LogD3D11RHI:     DedicatedSystemMemory : 0 bytes
[2022.03.10-13.00.26:851][  0]LogD3D11RHI:     SharedSystemMemory : 10656065536 bytes
[2022.03.10-13.00.26:851][  0]LogD3D11RHI:     AdapterLuid : 0 80785
[2022.03.10-13.00.26:858][  0]LogD3D11RHI: Creating new Direct3DDevice
[2022.03.10-13.00.26:858][  0]LogD3D11RHI:     GPU DeviceId: 0x1f91 (for the marketing name, search the web for "GPU Device Id")
[2022.03.10-13.00.26:858][  0]LogWindows: EnumDisplayDevices:
[2022.03.10-13.00.26:858][  0]LogWindows:    0. 'Intel(R) UHD Graphics 630' (P:1 D:1)
[2022.03.10-13.00.26:859][  0]LogWindows:    1. 'Intel(R) UHD Graphics 630' (P:0 D:0)
[2022.03.10-13.00.26:860][  0]LogWindows:    2. 'Intel(R) UHD Graphics 630' (P:0 D:0)
[2022.03.10-13.00.26:861][  0]LogWindows:    3. 'NVIDIA GeForce GTX 1650' (P:0 D:0)
[2022.03.10-13.00.26:861][  0]LogWindows: DebugString: PrimaryIsNotTheChoosenAdapter PrimaryIsNotTheChoosenAdapter PrimaryIsNotTheChoosenAdapter 
[2022.03.10-13.00.26:861][  0]LogD3D11RHI:     Adapter Name: NVIDIA GeForce GTX 1650
[2022.03.10-13.00.26:861][  0]LogD3D11RHI:   Driver Version: 496.13 (internal:30.0.14.9613, unified:496.13)
[2022.03.10-13.00.26:861][  0]LogD3D11RHI:      Driver Date: 10-6-2021
[2022.03.10-13.00.26:861][  0]LogRHI: Texture pool is 2773 MB (70% of 3962 MB)
[2022.03.10-13.00.26:861][  0]LogD3D11RHI: Creating D3DDevice using adapter:
[2022.03.10-13.00.26:861][  0]LogD3D11RHI:     Description : NVIDIA GeForce GTX 1650
[2022.03.10-13.00.26:861][  0]LogD3D11RHI:     VendorId    : 10de
[2022.03.10-13.00.26:861][  0]LogD3D11RHI:     DeviceId    : 1f91
[2022.03.10-13.00.26:861][  0]LogD3D11RHI:     SubSysId    : 9491028
[2022.03.10-13.00.26:861][  0]LogD3D11RHI:     Revision    : 00a1
[2022.03.10-13.00.26:861][  0]LogD3D11RHI:     DedicatedVideoMemory : 4154458112 bytes
[2022.03.10-13.00.26:861][  0]LogD3D11RHI:     DedicatedSystemMemory : 0 bytes
[2022.03.10-13.00.26:861][  0]LogD3D11RHI:     SharedSystemMemory : 10656065536 bytes
[2022.03.10-13.00.26:862][  0]LogD3D11RHI:     AdapterLuid : 0 80785
[2022.03.10-13.00.26:926][  0]LogD3D11RHI: RHI has support for 64 bit atomics
[2022.03.10-13.00.26:927][  0]LogD3D11RHI: Async texture creation enabled
[2022.03.10-13.00.26:927][  0]LogD3D11RHI: Array index from any shader is supported
[2022.03.10-13.00.26:944][  0]LogD3D11RHI: GPU Timing Frequency: 1000.000000 (Debug: 2 1)
[2022.03.10-13.00.27:011][  0]LogRHI: GeForceNow SDK initialized: 1
[2022.03.10-13.00.27:011][  0]LogRendererCore: Ray tracing is disabled. Reason: r.RayTracing=0.
[2022.03.10-13.00.27:011][  0]LogODSC: ODSC Thread active.
[2022.03.10-13.00.27:032][  0]LogSlate: Using FreeType 2.10.0
[2022.03.10-13.00.27:033][  0]LogSlate: SlateFontServices - WITH_FREETYPE: 1, WITH_HARFBUZZ: 1
[2022.03.10-13.00.27:146][  0]LogInit: Using OS detected language (zh-CN).
[2022.03.10-13.00.27:146][  0]LogInit: Using OS detected locale (zh-CN).
[2022.03.10-13.00.27:147][  0]LogTextLocalizationManager: No localization for 'zh-CN' exists, so 'en' will be used for the language.
[2022.03.10-13.00.27:147][  0]LogTextLocalizationManager: No localization for 'zh-CN' exists, so 'en' will be used for the locale.
[2022.03.10-13.00.27:148][  0]LogAssetRegistry: FAssetRegistry took 0.0008 seconds to start up
[2022.03.10-13.00.27:227][  0]LogTextLocalizationManager: Compacting localization data took   1.08ms
[2022.03.10-13.00.27:227][  0]LogCollisionProfile: Warning: Profile (Pawn) - Custom Channel Name = 'Grabbable' hasn't been found
[2022.03.10-13.00.27:227][  0]LogCollisionProfile: Warning: Profile (Spectator) - Custom Channel Name = 'Grabbable' hasn't been found
[2022.03.10-13.00.27:227][  0]LogCollisionProfile: Warning: Profile (CharacterMesh) - Custom Channel Name = 'Grabbable' hasn't been found
[2022.03.10-13.00.27:227][  0]LogCollisionProfile: Warning: Profile (InvisibleWall) - Custom Channel Name = 'Grabbable' hasn't been found
[2022.03.10-13.00.27:227][  0]LogCollisionProfile: Warning: Profile (InvisibleWallDynamic) - Custom Channel Name = 'Grabbable' hasn't been found
[2022.03.10-13.00.27:227][  0]LogCollisionProfile: Warning: Profile (Trigger) - Custom Channel Name = 'Grabbable' hasn't been found
[2022.03.10-13.00.27:227][  0]LogCollisionProfile: Warning: Profile (Ragdoll) - Custom Channel Name = 'Grabbable' hasn't been found
[2022.03.10-13.00.27:228][  0]LogCollisionProfile: Warning: Profile (UI) - Custom Channel Name = 'Grabbable' hasn't been found
[2022.03.10-13.00.27:228][  0]LogCollisionProfile: Warning: Profile (ALS_Character) - Custom Channel Name = 'Grabbable' hasn't been found
[2022.03.10-13.00.27:228][  0]LogCollisionProfile: Warning: Profile (ALS_Prop) - Custom Channel Name = 'Grabbable' hasn't been found
[2022.03.10-13.00.27:229][  0]LogStreaming: Display: FlushAsyncLoading: 1 QueuedPackages, 0 AsyncPackages
[2022.03.10-13.00.27:229][  0]LogPackageLocalizationCache: Processed 26 localized package path(s) for 1 prioritized culture(s) in 0.000080 seconds
[2022.03.10-13.00.27:235][  0]LogSerialization: Display: AllowBulkDataInIoStore: 'true'
[2022.03.10-13.00.27:236][  0]LogInit: Selected Device Profile: [WindowsNoEditor]
[2022.03.10-13.00.27:236][  0]LogInit: Active device profile: [000001904A7BB500][000001903AA80010 49] WindowsNoEditor
[2022.03.10-13.00.27:236][  0]LogInit: Profiles: [000001904A7BB380][0000019049EFDB70 49] Windows, [000001904A7BB500][000001903AA80010 49] WindowsNoEditor, 
[2022.03.10-13.00.27:326][  0]LogNetVersion: SoftEngineerProject 1.0.0, NetCL: 17155196, EngineNetVer: 17, GameNetVer: 0 (Checksum: 769279847)
[2022.03.10-13.00.27:401][  0]LogAudioCaptureCore: Display: No Audio Capture implementations found. Audio input will be silent.
[2022.03.10-13.00.27:401][  0]LogAudioCaptureCore: Display: No Audio Capture implementations found. Audio input will be silent.
[2022.03.10-13.00.27:402][  0]LogHMD: PokeAHoleMaterial loaded successfully
[2022.03.10-13.00.27:473][  0]LogMoviePlayer: Initializing movie player
[2022.03.10-13.00.27:475][  0]LogNiagaraDebuggerClient: Niagara Debugger Client Initialized | Session: 320A7B634406CCAD69366CABDDDE95F5 | Instance: 2B2664FE4B7BAF4922AE35A810281984 (DESKTOP-VKB102S-17860).
[2022.03.10-13.00.27:479][  0]LogAndroidPermission: UAndroidPermissionCallbackProxy::GetInstance
[2022.03.10-13.00.27:480][  0]LogOcInput: OculusInput pre-init called
[2022.03.10-13.00.27:486][  0]LogUObjectArray: 15808 objects as part of root set at end of initial load.
[2022.03.10-13.00.27:486][  0]LogUObjectArray: 2 objects are not in the root set, but can never be destroyed because they are in the DisregardForGC set.
[2022.03.10-13.00.27:486][  0]LogUObjectAllocator: 3223144 out of 0 bytes used by permanent object pool.
[2022.03.10-13.00.27:486][  0]LogUObjectArray: CloseDisregardForGC: 15808/15808 objects in disregard for GC pool
[2022.03.10-13.00.27:487][  0]LogEngine: Initializing Engine...
[2022.03.10-13.00.27:815][  0]LogHMD: Failed to enumerate extensions. Please check that you have a valid OpenXR runtime installed.
[2022.03.10-13.00.27:815][  0]LogHMD: Failed to initialize OpenVR with code 110
[2022.03.10-13.00.27:816][  0]LogStats: UGameplayTagsManager::InitializeManager -  0.000 s
[2022.03.10-13.00.27:873][  0]LogInit: Initializing FReadOnlyCVARCache
[2022.03.10-13.00.27:873][  0]LogAudio: Display: Initializing Audio Device Manager...
[2022.03.10-13.00.27:874][  0]LogAudio: Display: Loading Default Audio Settings Objects...
[2022.03.10-13.00.27:875][  0]LogAudio: Display: No default SoundConcurrencyObject specified (or failed to load).
[2022.03.10-13.00.27:875][  0]LogAudio: Display: Audio Device Manager Initialized
[2022.03.10-13.00.27:875][  0]LogAudio: Display: Creating Audio Device:                 Id: 1, Scope: Shared, Realtime: True
[2022.03.10-13.00.27:875][  0]LogAudioMixer: Display: Audio Mixer Platform Settings:
[2022.03.10-13.00.27:875][  0]LogAudioMixer: Display: 	Sample Rate:						  48000
[2022.03.10-13.00.27:875][  0]LogAudioMixer: Display: 	Callback Buffer Frame Size Requested: 1024
[2022.03.10-13.00.27:875][  0]LogAudioMixer: Display: 	Callback Buffer Frame Size To Use:	  1024
[2022.03.10-13.00.27:875][  0]LogAudioMixer: Display: 	Number of buffers to queue:			  2
[2022.03.10-13.00.27:875][  0]LogAudioMixer: Display: 	Max Channels (voices):				  32
[2022.03.10-13.00.27:875][  0]LogAudioMixer: Display: 	Number of Async Source Workers:		  0
[2022.03.10-13.00.27:875][  0]LogAudio: Display: AudioDevice MaxSources: 32
[2022.03.10-13.00.27:875][  0]LogAudio: Display: Audio Spatialization Plugin: None (built-in).
[2022.03.10-13.00.27:875][  0]LogAudio: Display: Audio Reverb Plugin: None (built-in).
[2022.03.10-13.00.27:875][  0]LogAudio: Display: Audio Occlusion Plugin: None (built-in).
[2022.03.10-13.00.27:875][  0]LogAudioMixer: Display: Initializing audio mixer.
[2022.03.10-13.00.28:061][  0]LogAudioDebug: Display: Lib vorbis DLL was dynamically loaded.
[2022.03.10-13.00.28:083][  0]LogAudioMixer: Display: 0: FrontLeft
[2022.03.10-13.00.28:083][  0]LogAudioMixer: Display: 1: FrontRight
[2022.03.10-13.00.28:154][  0]LogAudioMixer: Display: Using Audio Device 扬声器 (Realtek(R) Audio)
[2022.03.10-13.00.28:154][  0]LogAudioMixer: Display: Initializing Sound Submixes...
[2022.03.10-13.00.28:155][  0]LogAudioMixer: Display: Creating Master Submix 'MasterSubmixDefault'
[2022.03.10-13.00.28:155][  0]LogAudioMixer: Display: Creating Master Submix 'MasterReverbSubmixDefault'
[2022.03.10-13.00.28:156][  0]LogAudioMixer: Display: Creating Master Submix 'MasterEQSubmixDefault'
[2022.03.10-13.00.28:157][  0]LogAudioMixer: FMixerPlatformXAudio2::StartAudioStream() called
[2022.03.10-13.00.28:157][  0]LogAudioMixer: Display: Output buffers initialized: Frames=1024, Channels=2, Samples=2048
[2022.03.10-13.00.28:157][  0]LogAudioMixer: Display: Starting AudioMixerPlatformInterface::RunInternal()
[2022.03.10-13.00.28:157][  0]LogAudioMixer: Display: FMixerPlatformXAudio2::SubmitBuffer() called for the first time
[2022.03.10-13.00.28:157][  0]LogInit: FAudioDevice initialized.
[2022.03.10-13.00.28:158][  0]LogNetVersion: Set ProjectVersion to 1.0.0.0. Version Checksum will be recalculated on next use.
[2022.03.10-13.00.28:158][  0]LogInit: Texture streaming: Enabled
[2022.03.10-13.00.28:456][  0]LogAudio: Display: Audio Device (ID: 1) registered with world 'Untitled'.
[2022.03.10-13.00.28:457][  0]LogSlate: Updating window title bar state: overlay mode, drag disabled, window buttons hidden, title bar hidden
[2022.03.10-13.00.28:457][  0]LogInit: Display: Game Engine Initialized.
[2022.03.10-13.00.28:458][  0]LogInit: Display: Starting Game.
[2022.03.10-13.00.28:458][  0]LogNet: Browse: /Game/MainContent/Map/StartUIMap?Name=Player
[2022.03.10-13.00.28:458][  0]LogLoad: LoadMap: /Game/MainContent/Map/StartUIMap?Name=Player
[2022.03.10-13.00.28:458][  0]LogWorld: BeginTearingDown for /Temp/Untitled_0
[2022.03.10-13.00.28:501][  0]LogWorld: UWorld::CleanupWorld for Untitled, bSessionEnded=true, bCleanupResources=true
[2022.03.10-13.00.28:501][  0]LogSlate: InvalidateAllWidgets triggered.  All widgets were invalidated
[2022.03.10-13.00.28:506][  0]LogAudio: Display: Audio Device unregistered from world 'None'.
[2022.03.10-13.00.28:508][  0]LogUObjectHash: Compacting FUObjectHashTables data took   0.90ms
[2022.03.10-13.00.28:616][  0]LogAudio: Display: Audio Device (ID: 1) registered with world 'StartUIMap'.
[2022.03.10-13.00.28:617][  0]LogAIModule: Creating AISystem for world StartUIMap
[2022.03.10-13.00.28:617][  0]LogLoad: Game class is 'BPGameMode_C'
[2022.03.10-13.00.28:620][  0]LogWorld: Bringing World /Game/MainContent/Map/StartUIMap.StartUIMap up for play (max tick rate 0) at 2022.03.10-21.00.28
[2022.03.10-13.00.28:620][  0]LogWorld: Bringing up level for play took: 0.002655
[2022.03.10-13.00.28:644][  0]LogSlate: Took 0.015709 seconds to synchronously load lazily loaded font '../../../Engine/Content/Slate/Fonts/Roboto-Regular.ttf' (155K)
[2022.03.10-13.00.28:677][  0]LogSlate: Took 0.031823 seconds to synchronously load lazily loaded font '../../../Engine/Content/Slate/Fonts/DroidSansFallback.ttf' (3848K)
[2022.03.10-13.00.28:678][  0]LogLoad: Took 0.220234 seconds to LoadMap(/Game/MainContent/Map/StartUIMap)
[2022.03.10-13.00.28:789][  0]LogRenderer: Reallocating scene render targets to support 1536x864 Format 10 NumSamples 1 (Frame:1).
[2022.03.10-13.00.28:789][  0]LogInit: Display: Engine is initialized. Leaving FEngineLoop::Init()
[2022.03.10-13.00.28:789][  0]LogLoad: (Engine Initialization) Total time: 3.40 seconds
[2022.03.10-13.00.28:793][  0]LogContentStreaming: Texture pool size now 1000 MB
[2022.03.10-13.00.28:797][  1]AnimBlueprintLog: Warning: Trying to play a non-additive animation 'ALS_N_FallLoop' into a pose that is expected to be additive in anim instance 'ALS_AnimBP_C /Game/MainContent/Map/StartUIMap.StartUIMap:PersistentLevel.MainChar_C_2147482530.CharacterMesh0.ALS_AnimBP_C_2147482528'
[2022.03.10-13.00.28:797][  1]AnimBlueprintLog: Warning: Trying to play a non-additive animation 'ALS_N_FallLoop_Fast' into a pose that is expected to be additive in anim instance 'ALS_AnimBP_C /Game/MainContent/Map/StartUIMap.StartUIMap:PersistentLevel.MainChar_C_2147482530.CharacterMesh0.ALS_AnimBP_C_2147482528'
[2022.03.10-13.00.29:490][123]AnimBlueprintLog: Warning: Trying to play a non-additive animation 'ALS_Flail' into a pose that is expected to be additive in anim instance 'ALS_AnimBP_C /Game/MainContent/Map/StartUIMap.StartUIMap:PersistentLevel.MainChar_C_2147482530.CharacterMesh0.ALS_AnimBP_C_2147482528'
[2022.03.10-13.00.29:933][217]AnimBlueprintLog: Warning: Trying to play a non-additive animation 'ALS_N_Land_Heavy' into a pose that is expected to be additive in anim instance 'ALS_AnimBP_C /Game/MainContent/Map/StartUIMap.StartUIMap:PersistentLevel.MainChar_C_2147482530.CharacterMesh0.ALS_AnimBP_C_2147482528'
[2022.03.10-13.00.40:330][453]LogNet: Browse: /Game/MainContent/Map/GuideMap
[2022.03.10-13.00.40:330][453]LogLoad: LoadMap: /Game/MainContent/Map/GuideMap
[2022.03.10-13.00.40:331][453]LogWorld: BeginTearingDown for /Game/MainContent/Map/StartUIMap
[2022.03.10-13.00.40:332][453]LogWorld: UWorld::CleanupWorld for StartUIMap, bSessionEnded=true, bCleanupResources=true
[2022.03.10-13.00.40:332][453]LogSlate: InvalidateAllWidgets triggered.  All widgets were invalidated
[2022.03.10-13.00.40:365][453]LogAudio: Display: Audio Device unregistered from world 'None'.
[2022.03.10-13.00.40:370][453]LogUObjectHash: Compacting FUObjectHashTables data took   1.00ms
[2022.03.10-13.00.40:373][453]LogStreaming: Display: FlushAsyncLoading: 1 QueuedPackages, 0 AsyncPackages
[2022.03.10-13.00.40:523][453]LogAudio: Display: Audio Device (ID: 1) registered with world 'GuideMap'.
[2022.03.10-13.00.40:524][453]LogAIModule: Creating AISystem for world GuideMap
[2022.03.10-13.00.40:524][453]LogLoad: Game class is 'BPGameMode_C'
[2022.03.10-13.00.40:528][453]LogWorld: Bringing World /Game/MainContent/Map/GuideMap.GuideMap up for play (max tick rate 0) at 2022.03.10-21.00.40
[2022.03.10-13.00.40:548][453]LogWorld: Bringing up level for play took: 0.023441
[2022.03.10-13.00.40:555][453]LogLoad: Took 0.224881 seconds to LoadMap(/Game/MainContent/Map/GuideMap)
[2022.03.10-13.00.40:557][453]AnimBlueprintLog: Warning: Trying to play a non-additive animation 'ALS_N_FallLoop' into a pose that is expected to be additive in anim instance 'ALS_AnimBP_C /Game/MainContent/Map/GuideMap.GuideMap:PersistentLevel.MainChar_C_2147482424.CharacterMesh0.ALS_AnimBP_C_2147482422'
[2022.03.10-13.00.40:561][454]AnimBlueprintLog: Warning: Trying to play a non-additive animation 'ALS_N_FallLoop_Fast' into a pose that is expected to be additive in anim instance 'ALS_AnimBP_C /Game/MainContent/Map/GuideMap.GuideMap:PersistentLevel.MainChar_C_2147482424.CharacterMesh0.ALS_AnimBP_C_2147482422'
[2022.03.10-13.00.41:016][510]AnimBlueprintLog: Warning: Trying to play a non-additive animation 'ALS_Flail' into a pose that is expected to be additive in anim instance 'ALS_AnimBP_C /Game/MainContent/Map/GuideMap.GuideMap:PersistentLevel.MainChar_C_2147482424.CharacterMesh0.ALS_AnimBP_C_2147482422'
[2022.03.10-13.00.41:348][549]AnimBlueprintLog: Warning: Trying to play a non-additive animation 'ALS_N_Land_Light' into a pose that is expected to be additive in anim instance 'ALS_AnimBP_C /Game/MainContent/Map/GuideMap.GuideMap:PersistentLevel.MainChar_C_2147482424.CharacterMesh0.ALS_AnimBP_C_2147482422'
[2022.03.10-13.00.41:348][549]AnimBlueprintLog: Warning: Trying to play a non-additive animation 'ALS_N_Land_Heavy' into a pose that is expected to be additive in anim instance 'ALS_AnimBP_C /Game/MainContent/Map/GuideMap.GuideMap:PersistentLevel.MainChar_C_2147482424.CharacterMesh0.ALS_AnimBP_C_2147482422'
[2022.03.10-13.00.42:350][685]AnimBlueprintLog: Warning: Trying to play a non-additive animation 'ALS_N_to_CLF' into a pose that is expected to be additive in anim instance 'ALS_AnimBP_C /Game/MainContent/Map/GuideMap.GuideMap:PersistentLevel.DemonstrationChar_C_2147482378.CharacterMesh0.ALS_AnimBP_C_2147482376'
[2022.03.10-13.00.44:350][910]AnimBlueprintLog: Warning: Trying to play a non-additive animation 'ALS_N_to_CLF' into a pose that is expected to be additive in anim instance 'ALS_AnimBP_C /Game/MainContent/Map/GuideMap.GuideMap:PersistentLevel.DemonstrationChar_C_2147482252.CharacterMesh0.ALS_AnimBP_C_2147482251'
[2022.03.10-13.00.46:349][110]AnimBlueprintLog: Warning: Trying to play a non-additive animation 'ALS_N_to_CLF' into a pose that is expected to be additive in anim instance 'ALS_AnimBP_C /Game/MainContent/Map/GuideMap.GuideMap:PersistentLevel.DemonstrationChar_C_2147482125.CharacterMesh0.ALS_AnimBP_C_2147482124'
[2022.03.10-13.00.47:081][179]AnimBlueprintLog: Warning: Trying to play a non-additive animation 'ALS_N_FallLoop' into a pose that is expected to be additive in anim instance 'ALS_AnimBP_C /Game/MainContent/Map/GuideMap.GuideMap:PersistentLevel.DemonstrationChar_C_2147482201.CharacterMesh0.ALS_AnimBP_C_2147482200'
[2022.03.10-13.00.47:081][179]AnimBlueprintLog: Warning: Trying to play a non-additive animation 'ALS_N_FallLoop_Fast' into a pose that is expected to be additive in anim instance 'ALS_AnimBP_C /Game/MainContent/Map/GuideMap.GuideMap:PersistentLevel.DemonstrationChar_C_2147482201.CharacterMesh0.ALS_AnimBP_C_2147482200'
[2022.03.10-13.00.47:112][182]AnimBlueprintLog: Warning: Trying to play a non-additive animation 'ALS_N_FallLoop' into a pose that is expected to be additive in anim instance 'ALS_AnimBP_C /Game/MainContent/Map/GuideMap.GuideMap:PersistentLevel.DemonstrationChar_C_2147482322.CharacterMesh0.ALS_AnimBP_C_2147482321'
[2022.03.10-13.00.47:112][182]AnimBlueprintLog: Warning: Trying to play a non-additive animation 'ALS_N_FallLoop_Fast' into a pose that is expected to be additive in anim instance 'ALS_AnimBP_C /Game/MainContent/Map/GuideMap.GuideMap:PersistentLevel.DemonstrationChar_C_2147482322.CharacterMesh0.ALS_AnimBP_C_2147482321'
[2022.03.10-13.00.48:356][298]AnimBlueprintLog: Warning: Trying to play a non-additive animation 'ALS_N_to_CLF' into a pose that is expected to be additive in anim instance 'ALS_AnimBP_C /Game/MainContent/Map/GuideMap.GuideMap:PersistentLevel.DemonstrationChar_C_2147481988.CharacterMesh0.ALS_AnimBP_C_2147481987'
[2022.03.10-13.00.48:704][328]AnimBlueprintLog: Warning: Trying to play a non-additive animation 'ALS_N_FallLoop' into a pose that is expected to be additive in anim instance 'ALS_AnimBP_C /Game/MainContent/Map/GuideMap.GuideMap:PersistentLevel.DemonstrationChar_C_2147482288.CharacterMesh0.ALS_AnimBP_C_2147482287'
[2022.03.10-13.00.50:353][470]AnimBlueprintLog: Warning: Trying to play a non-additive animation 'ALS_N_to_CLF' into a pose that is expected to be additive in anim instance 'ALS_AnimBP_C /Game/MainContent/Map/GuideMap.GuideMap:PersistentLevel.DemonstrationChar_C_2147481849.CharacterMesh0.ALS_AnimBP_C_2147481848'
[2022.03.10-13.00.52:358][646]AnimBlueprintLog: Warning: Trying to play a non-additive animation 'ALS_N_to_CLF' into a pose that is expected to be additive in anim instance 'ALS_AnimBP_C /Game/MainContent/Map/GuideMap.GuideMap:PersistentLevel.DemonstrationChar_C_2147481709.CharacterMesh0.ALS_AnimBP_C_2147481708'
[2022.03.10-13.00.52:692][676]AnimBlueprintLog: Warning: Trying to play a non-additive animation 'ALS_N_FallLoop' into a pose that is expected to be additive in anim instance 'ALS_AnimBP_C /Game/MainContent/Map/GuideMap.GuideMap:PersistentLevel.DemonstrationChar_C_2147481937.CharacterMesh0.ALS_AnimBP_C_2147481936'
[2022.03.10-13.00.52:692][676]AnimBlueprintLog: Warning: Trying to play a non-additive animation 'ALS_N_FallLoop_Fast' into a pose that is expected to be additive in anim instance 'ALS_AnimBP_C /Game/MainContent/Map/GuideMap.GuideMap:PersistentLevel.DemonstrationChar_C_2147481937.CharacterMesh0.ALS_AnimBP_C_2147481936'
[2022.03.10-13.00.52:986][703]AnimBlueprintLog: Warning: Trying to play a non-additive animation 'ALS_N_FallLoop' into a pose that is expected to be additive in anim instance 'ALS_AnimBP_C /Game/MainContent/Map/GuideMap.GuideMap:PersistentLevel.DemonstrationChar_C_2147481798.CharacterMesh0.ALS_AnimBP_C_2147481797'
[2022.03.10-13.00.52:986][703]AnimBlueprintLog: Warning: Trying to play a non-additive animation 'ALS_N_FallLoop_Fast' into a pose that is expected to be additive in anim instance 'ALS_AnimBP_C /Game/MainContent/Map/GuideMap.GuideMap:PersistentLevel.DemonstrationChar_C_2147481798.CharacterMesh0.ALS_AnimBP_C_2147481797'
[2022.03.10-13.00.54:354][830]AnimBlueprintLog: Warning: Trying to play a non-additive animation 'ALS_N_to_CLF' into a pose that is expected to be additive in anim instance 'ALS_AnimBP_C /Game/MainContent/Map/GuideMap.GuideMap:PersistentLevel.DemonstrationChar_C_2147481566.CharacterMesh0.ALS_AnimBP_C_2147481565'
[2022.03.10-13.00.54:694][863]AnimBlueprintLog: Warning: Trying to play a non-additive animation 'ALS_N_FallLoop' into a pose that is expected to be additive in anim instance 'ALS_AnimBP_C /Game/MainContent/Map/GuideMap.GuideMap:PersistentLevel.DemonstrationChar_C_2147481903.CharacterMesh0.ALS_AnimBP_C_2147481902'
[2022.03.10-13.00.56:353][ 21]AnimBlueprintLog: Warning: Trying to play a non-additive animation 'ALS_N_to_CLF' into a pose that is expected to be additive in anim instance 'ALS_AnimBP_C /Game/MainContent/Map/GuideMap.GuideMap:PersistentLevel.DemonstrationChar_C_2147481425.CharacterMesh0.ALS_AnimBP_C_2147481424'
[2022.03.10-13.00.58:358][211]AnimBlueprintLog: Warning: Trying to play a non-additive animation 'ALS_N_to_CLF' into a pose that is expected to be additive in anim instance 'ALS_AnimBP_C /Game/MainContent/Map/GuideMap.GuideMap:PersistentLevel.DemonstrationChar_C_2147481292.CharacterMesh0.ALS_AnimBP_C_2147481291'
[2022.03.10-13.00.58:671][240]AnimBlueprintLog: Warning: Trying to play a non-additive animation 'ALS_N_FallLoop' into a pose that is expected to be additive in anim instance 'ALS_AnimBP_C /Game/MainContent/Map/GuideMap.GuideMap:PersistentLevel.DemonstrationChar_C_2147481515.CharacterMesh0.ALS_AnimBP_C_2147481514'
[2022.03.10-13.00.58:671][240]AnimBlueprintLog: Warning: Trying to play a non-additive animation 'ALS_N_FallLoop_Fast' into a pose that is expected to be additive in anim instance 'ALS_AnimBP_C /Game/MainContent/Map/GuideMap.GuideMap:PersistentLevel.DemonstrationChar_C_2147481515.CharacterMesh0.ALS_AnimBP_C_2147481514'
[2022.03.10-13.00.58:671][240]AnimBlueprintLog: Warning: Trying to play a non-additive animation 'ALS_N_FallLoop' into a pose that is expected to be additive in anim instance 'ALS_AnimBP_C /Game/MainContent/Map/GuideMap.GuideMap:PersistentLevel.DemonstrationChar_C_2147481374.CharacterMesh0.ALS_AnimBP_C_2147481373'
[2022.03.10-13.00.58:671][240]AnimBlueprintLog: Warning: Trying to play a non-additive animation 'ALS_N_FallLoop_Fast' into a pose that is expected to be additive in anim instance 'ALS_AnimBP_C /Game/MainContent/Map/GuideMap.GuideMap:PersistentLevel.DemonstrationChar_C_2147481374.CharacterMesh0.ALS_AnimBP_C_2147481373'
[2022.03.10-13.01.00:359][385]AnimBlueprintLog: Warning: Trying to play a non-additive animation 'ALS_N_to_CLF' into a pose that is expected to be additive in anim instance 'ALS_AnimBP_C /Game/MainContent/Map/GuideMap.GuideMap:PersistentLevel.DemonstrationChar_C_2147481148.CharacterMesh0.ALS_AnimBP_C_2147481147'
[2022.03.10-13.01.00:700][413]AnimBlueprintLog: Warning: Trying to play a non-additive animation 'ALS_N_FallLoop' into a pose that is expected to be additive in anim instance 'ALS_AnimBP_C /Game/MainContent/Map/GuideMap.GuideMap:PersistentLevel.DemonstrationChar_C_2147481481.CharacterMesh0.ALS_AnimBP_C_2147481480'
[2022.03.10-13.01.02:359][551]AnimBlueprintLog: Warning: Trying to play a non-additive animation 'ALS_N_to_CLF' into a pose that is expected to be additive in anim instance 'ALS_AnimBP_C /Game/MainContent/Map/GuideMap.GuideMap:PersistentLevel.DemonstrationChar_C_2147481000.CharacterMesh0.ALS_AnimBP_C_2147480999'
[2022.03.10-13.01.04:362][724]AnimBlueprintLog: Warning: Trying to play a non-additive animation 'ALS_N_to_CLF' into a pose that is expected to be additive in anim instance 'ALS_AnimBP_C /Game/MainContent/Map/GuideMap.GuideMap:PersistentLevel.DemonstrationChar_C_2147480848.CharacterMesh0.ALS_AnimBP_C_2147480847'
[2022.03.10-13.01.05:159][792]AnimBlueprintLog: Warning: Trying to play a non-additive animation 'ALS_N_FallLoop' into a pose that is expected to be additive in anim instance 'ALS_AnimBP_C /Game/MainContent/Map/GuideMap.GuideMap:PersistentLevel.DemonstrationChar_C_2147481097.CharacterMesh0.ALS_AnimBP_C_2147481096'
[2022.03.10-13.01.05:159][792]AnimBlueprintLog: Warning: Trying to play a non-additive animation 'ALS_N_FallLoop_Fast' into a pose that is expected to be additive in anim instance 'ALS_AnimBP_C /Game/MainContent/Map/GuideMap.GuideMap:PersistentLevel.DemonstrationChar_C_2147481097.CharacterMesh0.ALS_AnimBP_C_2147481096'
[2022.03.10-13.01.05:207][796]AnimBlueprintLog: Warning: Trying to play a non-additive animation 'ALS_N_FallLoop' into a pose that is expected to be additive in anim instance 'ALS_AnimBP_C /Game/MainContent/Map/GuideMap.GuideMap:PersistentLevel.DemonstrationChar_C_2147480949.CharacterMesh0.ALS_AnimBP_C_2147480948'
[2022.03.10-13.01.05:207][796]AnimBlueprintLog: Warning: Trying to play a non-additive animation 'ALS_N_FallLoop_Fast' into a pose that is expected to be additive in anim instance 'ALS_AnimBP_C /Game/MainContent/Map/GuideMap.GuideMap:PersistentLevel.DemonstrationChar_C_2147480949.CharacterMesh0.ALS_AnimBP_C_2147480948'
[2022.03.10-13.01.06:363][891]AnimBlueprintLog: Warning: Trying to play a non-additive animation 'ALS_N_to_CLF' into a pose that is expected to be additive in anim instance 'ALS_AnimBP_C /Game/MainContent/Map/GuideMap.GuideMap:PersistentLevel.DemonstrationChar_C_2147480701.CharacterMesh0.ALS_AnimBP_C_2147480700'
[2022.03.10-13.01.06:696][919]AnimBlueprintLog: Warning: Trying to play a non-additive animation 'ALS_N_FallLoop' into a pose that is expected to be additive in anim instance 'ALS_AnimBP_C /Game/MainContent/Map/GuideMap.GuideMap:PersistentLevel.DemonstrationChar_C_2147481063.CharacterMesh0.ALS_AnimBP_C_2147481062'
[2022.03.10-13.01.08:365][ 56]AnimBlueprintLog: Warning: Trying to play a non-additive animation 'ALS_N_to_CLF' into a pose that is expected to be additive in anim instance 'ALS_AnimBP_C /Game/MainContent/Map/GuideMap.GuideMap:PersistentLevel.DemonstrationChar_C_2147480563.CharacterMesh0.ALS_AnimBP_C_2147480562'
[2022.03.10-13.01.10:363][232]AnimBlueprintLog: Warning: Trying to play a non-additive animation 'ALS_N_to_CLF' into a pose that is expected to be additive in anim instance 'ALS_AnimBP_C /Game/MainContent/Map/GuideMap.GuideMap:PersistentLevel.DemonstrationChar_C_2147480420.CharacterMesh0.ALS_AnimBP_C_2147480419'
[2022.03.10-13.01.11:141][304]AnimBlueprintLog: Warning: Trying to play a non-additive animation 'ALS_N_FallLoop' into a pose that is expected to be additive in anim instance 'ALS_AnimBP_C /Game/MainContent/Map/GuideMap.GuideMap:PersistentLevel.DemonstrationChar_C_2147480650.CharacterMesh0.ALS_AnimBP_C_2147480649'
[2022.03.10-13.01.11:141][304]AnimBlueprintLog: Warning: Trying to play a non-additive animation 'ALS_N_FallLoop_Fast' into a pose that is expected to be additive in anim instance 'ALS_AnimBP_C /Game/MainContent/Map/GuideMap.GuideMap:PersistentLevel.DemonstrationChar_C_2147480650.CharacterMesh0.ALS_AnimBP_C_2147480649'
[2022.03.10-13.01.11:191][309]AnimBlueprintLog: Warning: Trying to play a non-additive animation 'ALS_N_FallLoop' into a pose that is expected to be additive in anim instance 'ALS_AnimBP_C /Game/MainContent/Map/GuideMap.GuideMap:PersistentLevel.DemonstrationChar_C_2147480512.CharacterMesh0.ALS_AnimBP_C_2147480511'
[2022.03.10-13.01.11:191][309]AnimBlueprintLog: Warning: Trying to play a non-additive animation 'ALS_N_FallLoop_Fast' into a pose that is expected to be additive in anim instance 'ALS_AnimBP_C /Game/MainContent/Map/GuideMap.GuideMap:PersistentLevel.DemonstrationChar_C_2147480512.CharacterMesh0.ALS_AnimBP_C_2147480511'
[2022.03.10-13.01.11:347][323]AnimBlueprintLog: Warning: Trying to play a non-additive animation 'ALS_Flail' into a pose that is expected to be additive in anim instance 'ALS_AnimBP_C /Game/MainContent/Map/GuideMap.GuideMap:PersistentLevel.DemonstrationChar_C_2147480650.CharacterMesh0.ALS_AnimBP_C_2147480649'
[2022.03.10-13.01.11:347][323]AnimBlueprintLog: Warning: Trying to play a non-additive animation 'ALS_Flail' into a pose that is expected to be additive in anim instance 'ALS_AnimBP_C /Game/MainContent/Map/GuideMap.GuideMap:PersistentLevel.DemonstrationChar_C_2147480512.CharacterMesh0.ALS_AnimBP_C_2147480511'
[2022.03.10-13.01.12:355][416]AnimBlueprintLog: Warning: Trying to play a non-additive animation 'ALS_N_to_CLF' into a pose that is expected to be additive in anim instance 'ALS_AnimBP_C /Game/MainContent/Map/GuideMap.GuideMap:PersistentLevel.DemonstrationChar_C_2147480291.CharacterMesh0.ALS_AnimBP_C_2147480290'
[2022.03.10-13.01.12:702][448]AnimBlueprintLog: Warning: Trying to play a non-additive animation 'ALS_N_FallLoop' into a pose that is expected to be additive in anim instance 'ALS_AnimBP_C /Game/MainContent/Map/GuideMap.GuideMap:PersistentLevel.DemonstrationChar_C_2147480616.CharacterMesh0.ALS_AnimBP_C_2147480615'
[2022.03.10-13.01.14:359][587]AnimBlueprintLog: Warning: Trying to play a non-additive animation 'ALS_N_to_CLF' into a pose that is expected to be additive in anim instance 'ALS_AnimBP_C /Game/MainContent/Map/GuideMap.GuideMap:PersistentLevel.DemonstrationChar_C_2147480157.CharacterMesh0.ALS_AnimBP_C_2147480156'
[2022.03.10-13.01.15:005][643]AnimBlueprintLog: Warning: Trying to play a non-additive animation 'ALS_CLF_to_N' into a pose that is expected to be additive in anim instance 'ALS_AnimBP_C /Game/MainContent/Map/GuideMap.GuideMap:PersistentLevel.MainChar_C_2147482424.CharacterMesh0.ALS_AnimBP_C_2147482422'
[2022.03.10-13.01.16:356][762]AnimBlueprintLog: Warning: Trying to play a non-additive animation 'ALS_N_to_CLF' into a pose that is expected to be additive in anim instance 'ALS_AnimBP_C /Game/MainContent/Map/GuideMap.GuideMap:PersistentLevel.DemonstrationChar_C_2147480009.CharacterMesh0.ALS_AnimBP_C_2147480008'
[2022.03.10-13.01.16:649][788]AnimBlueprintLog: Warning: Trying to play a non-additive animation 'ALS_N_FallLoop' into a pose that is expected to be additive in anim instance 'ALS_AnimBP_C /Game/MainContent/Map/GuideMap.GuideMap:PersistentLevel.DemonstrationChar_C_2147480240.CharacterMesh0.ALS_AnimBP_C_2147480239'
[2022.03.10-13.01.16:661][789]AnimBlueprintLog: Warning: Trying to play a non-additive animation 'ALS_N_FallLoop_Fast' into a pose that is expected to be additive in anim instance 'ALS_AnimBP_C /Game/MainContent/Map/GuideMap.GuideMap:PersistentLevel.DemonstrationChar_C_2147480240.CharacterMesh0.ALS_AnimBP_C_2147480239'
[2022.03.10-13.01.16:661][789]AnimBlueprintLog: Warning: Trying to play a non-additive animation 'ALS_N_FallLoop' into a pose that is expected to be additive in anim instance 'ALS_AnimBP_C /Game/MainContent/Map/GuideMap.GuideMap:PersistentLevel.DemonstrationChar_C_2147480106.CharacterMesh0.ALS_AnimBP_C_2147480105'
[2022.03.10-13.01.16:661][789]AnimBlueprintLog: Warning: Trying to play a non-additive animation 'ALS_N_FallLoop_Fast' into a pose that is expected to be additive in anim instance 'ALS_AnimBP_C /Game/MainContent/Map/GuideMap.GuideMap:PersistentLevel.DemonstrationChar_C_2147480106.CharacterMesh0.ALS_AnimBP_C_2147480105'
[2022.03.10-13.01.18:360][937]AnimBlueprintLog: Warning: Trying to play a non-additive animation 'ALS_N_to_CLF' into a pose that is expected to be additive in anim instance 'ALS_AnimBP_C /Game/MainContent/Map/GuideMap.GuideMap:PersistentLevel.DemonstrationChar_C_2147479862.CharacterMesh0.ALS_AnimBP_C_2147479861'
[2022.03.10-13.01.18:686][965]AnimBlueprintLog: Warning: Trying to play a non-additive animation 'ALS_N_FallLoop' into a pose that is expected to be additive in anim instance 'ALS_AnimBP_C /Game/MainContent/Map/GuideMap.GuideMap:PersistentLevel.DemonstrationChar_C_2147480206.CharacterMesh0.ALS_AnimBP_C_2147480205'
[2022.03.10-13.01.19:321][ 19]LogNet: Browse: /Game/MainContent/Map/StartUIMap
[2022.03.10-13.01.19:322][ 19]LogLoad: LoadMap: /Game/MainContent/Map/StartUIMap
[2022.03.10-13.01.19:322][ 19]LogWorld: BeginTearingDown for /Game/MainContent/Map/GuideMap
[2022.03.10-13.01.19:324][ 19]LogWorld: UWorld::CleanupWorld for GuideMap, bSessionEnded=true, bCleanupResources=true
[2022.03.10-13.01.19:329][ 19]LogSlate: InvalidateAllWidgets triggered.  All widgets were invalidated
[2022.03.10-13.01.19:353][ 19]LogAudio: Display: Audio Device unregistered from world 'None'.
[2022.03.10-13.01.19:389][ 19]LogUObjectHash: Compacting FUObjectHashTables data took   1.06ms
[2022.03.10-13.01.19:394][ 19]LogStreaming: Display: FlushAsyncLoading: 1 QueuedPackages, 0 AsyncPackages
[2022.03.10-13.01.19:529][ 19]LogAudio: Display: Audio Device (ID: 1) registered with world 'StartUIMap'.
[2022.03.10-13.01.19:530][ 19]LogAIModule: Creating AISystem for world StartUIMap
[2022.03.10-13.01.19:531][ 19]LogLoad: Game class is 'BPGameMode_C'
[2022.03.10-13.01.19:532][ 19]LogWorld: Bringing World /Game/MainContent/Map/StartUIMap.StartUIMap up for play (max tick rate 0) at 2022.03.10-21.01.19
[2022.03.10-13.01.19:532][ 19]LogWorld: Bringing up level for play took: 0.000326
[2022.03.10-13.01.19:536][ 19]LogLoad: Took 0.213582 seconds to LoadMap(/Game/MainContent/Map/StartUIMap)
[2022.03.10-13.01.19:537][ 19]AnimBlueprintLog: Warning: Trying to play a non-additive animation 'ALS_N_FallLoop' into a pose that is expected to be additive in anim instance 'ALS_AnimBP_C /Game/MainContent/Map/StartUIMap.StartUIMap:PersistentLevel.MainChar_C_2147479698.CharacterMesh0.ALS_AnimBP_C_2147479696'
[2022.03.10-13.01.19:537][ 19]AnimBlueprintLog: Warning: Trying to play a non-additive animation 'ALS_N_FallLoop_Fast' into a pose that is expected to be additive in anim instance 'ALS_AnimBP_C /Game/MainContent/Map/StartUIMap.StartUIMap:PersistentLevel.MainChar_C_2147479698.CharacterMesh0.ALS_AnimBP_C_2147479696'
[2022.03.10-13.01.19:999][102]AnimBlueprintLog: Warning: Trying to play a non-additive animation 'ALS_Flail' into a pose that is expected to be additive in anim instance 'ALS_AnimBP_C /Game/MainContent/Map/StartUIMap.StartUIMap:PersistentLevel.MainChar_C_2147479698.CharacterMesh0.ALS_AnimBP_C_2147479696'
[2022.03.10-13.01.20:260][156]LogNet: Browse: /Game/MainContent/Map/GuideMap
[2022.03.10-13.01.20:260][156]LogLoad: LoadMap: /Game/MainContent/Map/GuideMap
[2022.03.10-13.01.20:260][156]LogWorld: BeginTearingDown for /Game/MainContent/Map/StartUIMap
[2022.03.10-13.01.20:260][156]LogWorld: UWorld::CleanupWorld for StartUIMap, bSessionEnded=true, bCleanupResources=true
[2022.03.10-13.01.20:261][156]LogSlate: InvalidateAllWidgets triggered.  All widgets were invalidated
[2022.03.10-13.01.20:292][156]LogAudio: Display: Audio Device unregistered from world 'None'.
[2022.03.10-13.01.20:301][156]LogUObjectHash: Compacting FUObjectHashTables data took   4.74ms
[2022.03.10-13.01.20:303][156]LogStreaming: Display: FlushAsyncLoading: 1 QueuedPackages, 0 AsyncPackages
[2022.03.10-13.01.20:486][156]LogAudio: Display: Audio Device (ID: 1) registered with world 'GuideMap'.
[2022.03.10-13.01.20:487][156]LogAIModule: Creating AISystem for world GuideMap
[2022.03.10-13.01.20:487][156]LogLoad: Game class is 'BPGameMode_C'
[2022.03.10-13.01.20:491][156]LogWorld: Bringing World /Game/MainContent/Map/GuideMap.GuideMap up for play (max tick rate 0) at 2022.03.10-21.01.20
[2022.03.10-13.01.20:512][156]LogWorld: Bringing up level for play took: 0.024054
[2022.03.10-13.01.20:517][156]LogLoad: Took 0.257085 seconds to LoadMap(/Game/MainContent/Map/GuideMap)
[2022.03.10-13.01.20:519][156]AnimBlueprintLog: Warning: Trying to play a non-additive animation 'ALS_N_FallLoop' into a pose that is expected to be additive in anim instance 'ALS_AnimBP_C /Game/MainContent/Map/GuideMap.GuideMap:PersistentLevel.MainChar_C_2147479606.CharacterMesh0.ALS_AnimBP_C_2147479604'
[2022.03.10-13.01.20:526][157]AnimBlueprintLog: Warning: Trying to play a non-additive animation 'ALS_N_FallLoop_Fast' into a pose that is expected to be additive in anim instance 'ALS_AnimBP_C /Game/MainContent/Map/GuideMap.GuideMap:PersistentLevel.MainChar_C_2147479606.CharacterMesh0.ALS_AnimBP_C_2147479604'
[2022.03.10-13.01.20:940][204]AnimBlueprintLog: Warning: Trying to play a non-additive animation 'ALS_Flail' into a pose that is expected to be additive in anim instance 'ALS_AnimBP_C /Game/MainContent/Map/GuideMap.GuideMap:PersistentLevel.MainChar_C_2147479606.CharacterMesh0.ALS_AnimBP_C_2147479604'
[2022.03.10-13.01.21:175][237]AnimBlueprintLog: Warning: Trying to play a non-additive animation 'ALS_N_Land_Light' into a pose that is expected to be additive in anim instance 'ALS_AnimBP_C /Game/MainContent/Map/GuideMap.GuideMap:PersistentLevel.MainChar_C_2147479606.CharacterMesh0.ALS_AnimBP_C_2147479604'
[2022.03.10-13.01.21:176][237]AnimBlueprintLog: Warning: Trying to play a non-additive animation 'ALS_N_Land_Heavy' into a pose that is expected to be additive in anim instance 'ALS_AnimBP_C /Game/MainContent/Map/GuideMap.GuideMap:PersistentLevel.MainChar_C_2147479606.CharacterMesh0.ALS_AnimBP_C_2147479604'
[2022.03.10-13.01.22:230][381]Closing by request
[2022.03.10-13.01.22:231][381]LogWindows: FPlatformMisc::RequestExit(0)
[2022.03.10-13.01.22:231][381]LogWindows: FPlatformMisc::RequestExitWithStatus(0, 0)
[2022.03.10-13.01.22:231][381]LogCore: Engine exit requested (reason: Win RequestExit)
[2022.03.10-13.01.22:238][382]LogCore: Engine exit requested (reason: EngineExit() was called; note: exit was already requested)
[2022.03.10-13.01.22:238][382]LogInit: Display: PreExit Game.
[2022.03.10-13.01.22:246][382]LogWorld: BeginTearingDown for /Game/MainContent/Map/GuideMap
[2022.03.10-13.01.22:246][382]LogWorld: UWorld::CleanupWorld for GuideMap, bSessionEnded=true, bCleanupResources=true
[2022.03.10-13.01.22:248][382]LogSlate: InvalidateAllWidgets triggered.  All widgets were invalidated
[2022.03.10-13.01.22:850][382]LogAudio: Display: Beginning Audio Device Manager Shutdown (Module: AudioMixerXAudio2)...
[2022.03.10-13.01.22:850][382]LogAudio: Display: Destroying 1 Remaining Audio Device(s)...
[2022.03.10-13.01.22:850][382]LogAudio: Display: Audio Device unregistered from world 'GuideMap'.
[2022.03.10-13.01.22:851][382]LogAudioMixer: FMixerPlatformXAudio2::StopAudioStream() called
[2022.03.10-13.01.22:851][382]LogAudioMixer: FMixerPlatformXAudio2::StopAudioStream() called
[2022.03.10-13.01.22:868][382]LogAudio: Display: Audio Device Manager Shutdown
[2022.03.10-13.01.22:868][382]LogSlate: Request Window 'OnHisWay OnHisWay ' being destroyed
[2022.03.10-13.01.22:874][382]LogSlate: Window 'OnHisWay OnHisWay ' being destroyed
[2022.03.10-13.01.22:885][382]LogExit: Preparing to exit.
[2022.03.10-13.01.22:885][382]LogMoviePlayer: Shutting down movie player
[2022.03.10-13.01.22:894][382]LogSlate: Updating window title bar state: overlay mode, drag disabled, window buttons hidden, title bar hidden
[2022.03.10-13.01.22:909][382]LogDemo: Cleaned up 0 splitscreen connections with owner deletion
[2022.03.10-13.01.22:912][382]LogExit: Game engine shut down
[2022.03.10-13.01.22:958][382]LogExit: Object subsystem successfully closed.
[2022.03.10-13.01.23:519][382]LogModuleManager: Shutting down and abandoning module AutomationController (362)
[2022.03.10-13.01.23:519][382]LogModuleManager: Shutting down and abandoning module AutomationWorker (360)
[2022.03.10-13.01.23:520][382]LogModuleManager: Shutting down and abandoning module Voice (358)
[2022.03.10-13.01.23:520][382]LogModuleManager: Shutting down and abandoning module AIModule (356)
[2022.03.10-13.01.23:520][382]LogModuleManager: Shutting down and abandoning module GameplayDebugger (355)
[2022.03.10-13.01.23:520][382]LogModuleManager: Shutting down and abandoning module NavigationSystem (353)
[2022.03.10-13.01.23:520][382]LogModuleManager: Shutting down and abandoning module OculusMR (350)
[2022.03.10-13.01.23:520][382]LogModuleManager: Shutting down and abandoning module OpenXRInput (348)
[2022.03.10-13.01.23:520][382]LogModuleManager: Shutting down and abandoning module WmfMediaFactory (346)
[2022.03.10-13.01.23:520][382]LogModuleManager: Shutting down and abandoning module WebMMediaFactory (344)
[2022.03.10-13.01.23:520][382]LogModuleManager: Shutting down and abandoning module WebMMedia (342)
[2022.03.10-13.01.23:520][382]LogModuleManager: Shutting down and abandoning module AvfMediaFactory (340)
[2022.03.10-13.01.23:520][382]LogModuleManager: Shutting down and abandoning module OpenExrWrapper (338)
[2022.03.10-13.01.23:520][382]LogModuleManager: Shutting down and abandoning module ImgMediaFactory (336)
[2022.03.10-13.01.23:520][382]LogModuleManager: Shutting down and abandoning module PlanarCut (334)
[2022.03.10-13.01.23:520][382]LogModuleManager: Shutting down and abandoning module CharacterAI (332)
[2022.03.10-13.01.23:520][382]LogModuleManager: Shutting down and abandoning module SessionServices (330)
[2022.03.10-13.01.23:520][382]LogModuleManager: Shutting down and abandoning module LiveCoding (328)
[2022.03.10-13.01.23:521][382]LogModuleManager: Shutting down and abandoning module LevelSequence (326)
[2022.03.10-13.01.23:521][382]LogModuleManager: Shutting down and abandoning module MovieSceneTracks (324)
[2022.03.10-13.01.23:521][382]LogModuleManager: Shutting down and abandoning module MovieScene (322)
[2022.03.10-13.01.23:521][382]LogModuleManager: Shutting down and abandoning module StreamingPauseRendering (320)
[2022.03.10-13.01.23:521][382]LogModuleManager: Shutting down and abandoning module AudioMixerXAudio2 (318)
[2022.03.10-13.01.23:521][382]LogModuleManager: Shutting down and abandoning module AudioMixerCore (317)
[2022.03.10-13.01.23:521][382]LogModuleManager: Shutting down and abandoning module ImageWriteQueue (314)
[2022.03.10-13.01.23:521][382]LogModuleManager: Shutting down and abandoning module ProfilerService (312)
[2022.03.10-13.01.23:601][382]LogModuleManager: Shutting down and abandoning module TaskGraph (310)
[2022.03.10-13.01.23:601][382]LogModuleManager: Shutting down and abandoning module OculusInput (308)
[2022.03.10-13.01.23:601][382]LogModuleManager: Shutting down and abandoning module Synthesis (306)
[2022.03.10-13.01.23:601][382]LogModuleManager: Shutting down and abandoning module ProceduralMeshComponent (304)
[2022.03.10-13.01.23:601][382]LogModuleManager: Shutting down and abandoning module MobilePatchingUtils (302)
[2022.03.10-13.01.23:602][382]LogModuleManager: Shutting down and abandoning module GooglePAD (300)
[2022.03.10-13.01.23:602][382]LogModuleManager: Shutting down and abandoning module CustomMeshComponent (298)
[2022.03.10-13.01.23:602][382]LogModuleManager: Shutting down and abandoning module EditableMesh (296)
[2022.03.10-13.01.23:602][382]LogModuleManager: Shutting down and abandoning module TakeMovieScene (294)
[2022.03.10-13.01.23:602][382]LogModuleManager: Shutting down and abandoning module CableComponent (292)
[2022.03.10-13.01.23:602][382]LogModuleManager: Shutting down and abandoning module AudioCapture (290)
[2022.03.10-13.01.23:602][382]LogModuleManager: Shutting down and abandoning module AudioCaptureRtAudio (289)
[2022.03.10-13.01.23:602][382]LogModuleManager: Shutting down and abandoning module ArchVisCharacter (286)
[2022.03.10-13.01.23:602][382]LogModuleManager: Shutting down and abandoning module AndroidPermission (284)
[2022.03.10-13.01.23:602][382]LogModuleManager: Shutting down and abandoning module AssetTags (282)
[2022.03.10-13.01.23:602][382]LogModuleManager: Shutting down and abandoning module AppleImageUtils (280)
[2022.03.10-13.01.23:602][382]LogModuleManager: Shutting down and abandoning module ActorLayerUtilities (278)
[2022.03.10-13.01.23:602][382]LogModuleManager: Shutting down and abandoning module TemplateSequence (276)
[2022.03.10-13.01.23:602][382]LogModuleManager: Shutting down and abandoning module MagicLeapLightEstimation (274)
[2022.03.10-13.01.23:602][382]LogModuleManager: Shutting down and abandoning module MagicLeapSharedWorld (272)
[2022.03.10-13.01.23:602][382]LogModuleManager: Shutting down and abandoning module MagicLeapHelperVulkan (270)
[2022.03.10-13.01.23:602][382]LogModuleManager: Shutting down and abandoning module MagicLeapHelperOpenGL (268)
[2022.03.10-13.01.23:602][382]LogModuleManager: Shutting down and abandoning module MagicLeapAudio (266)
[2022.03.10-13.01.23:602][382]LogModuleManager: Shutting down and abandoning module ImgMedia (264)
[2022.03.10-13.01.23:602][382]LogModuleManager: Shutting down and abandoning module MediaCompositing (262)
[2022.03.10-13.01.23:602][382]LogModuleManager: Shutting down and abandoning module MotoSynth (260)
[2022.03.10-13.01.23:603][382]LogModuleManager: Shutting down and abandoning module OpenImageDenoise (258)
[2022.03.10-13.01.23:603][382]LogModuleManager: Shutting down and abandoning module MeshConversion (256)
[2022.03.10-13.01.23:603][382]LogModuleManager: Shutting down and abandoning module DynamicMesh (254)
[2022.03.10-13.01.23:603][382]LogModuleManager: Shutting down and abandoning module GeometryAlgorithms (252)
[2022.03.10-13.01.23:603][382]LogModuleManager: Shutting down and abandoning module GeometricObjects (250)
[2022.03.10-13.01.23:603][382]LogModuleManager: Shutting down and abandoning module GeometryCollectionTracks (248)
[2022.03.10-13.01.23:603][382]LogModuleManager: Shutting down and abandoning module GeometryCacheTracks (246)
[2022.03.10-13.01.23:603][382]LogModuleManager: Shutting down and abandoning module GeometryCache (244)
[2022.03.10-13.01.23:603][382]LogModuleManager: Shutting down and abandoning module ChaosNiagara (242)
[2022.03.10-13.01.23:603][382]LogModuleManager: Shutting down and abandoning module BackChannel (240)
[2022.03.10-13.01.23:603][382]LogModuleManager: Shutting down and abandoning module AutomationUtils (238)
[2022.03.10-13.01.23:603][382]LogModuleManager: Shutting down and abandoning module UObjectPlugin (236)
[2022.03.10-13.01.23:603][382]LogModuleManager: Shutting down and abandoning module OodleNetworkHandlerComponent (234)
[2022.03.10-13.01.23:603][382]LogModuleManager: Shutting down and abandoning module LiveLinkMovieScene (232)
[2022.03.10-13.01.23:603][382]LogModuleManager: Shutting down and abandoning module LiveLinkComponents (230)
[2022.03.10-13.01.23:603][382]LogModuleManager: Shutting down and abandoning module LiveLink (228)
[2022.03.10-13.01.24:514][382]LogModuleManager: Shutting down and abandoning module SoftEngineerProject (226)
[2022.03.10-13.01.24:514][382]LogModuleManager: Shutting down and abandoning module SignificanceManager (224)
[2022.03.10-13.01.24:514][382]LogModuleManager: Shutting down and abandoning module SoundFields (222)
[2022.03.10-13.01.24:514][382]LogModuleManager: Shutting down and abandoning module RuntimePhysXCooking (220)
[2022.03.10-13.01.24:514][382]LogModuleManager: Shutting down and abandoning module LocationServicesBPLibrary (216)
[2022.03.10-13.01.24:514][382]LogModuleManager: Shutting down and abandoning module AudioSynesthesia (214)
[2022.03.10-13.01.24:514][382]LogModuleManager: Shutting down and abandoning module AudioSynesthesiaCore (212)
[2022.03.10-13.01.24:514][382]LogModuleManager: Shutting down and abandoning module UdpMessaging (210)
[2022.03.10-13.01.24:514][382]LogModuleManager: Shutting down and abandoning module TcpMessaging (208)
[2022.03.10-13.01.24:514][382]LogModuleManager: Shutting down and abandoning module ActorSequence (206)
[2022.03.10-13.01.24:514][382]LogModuleManager: Shutting down and abandoning module MagicLeapARPin (204)
[2022.03.10-13.01.24:514][382]LogModuleManager: Shutting down and abandoning module MagicLeapHandMeshing (202)
[2022.03.10-13.01.24:514][382]LogModuleManager: Shutting down and abandoning module MagicLeapSecureStorage (200)
[2022.03.10-13.01.24:514][382]LogModuleManager: Shutting down and abandoning module MagicLeapPrivileges (198)
[2022.03.10-13.01.24:515][382]LogModuleManager: Shutting down and abandoning module MagicLeapPlanes (196)
[2022.03.10-13.01.24:515][382]LogModuleManager: Shutting down and abandoning module MagicLeapImageTracker (194)
[2022.03.10-13.01.24:515][382]LogModuleManager: Shutting down and abandoning module MagicLeapIdentity (192)
[2022.03.10-13.01.24:515][382]LogModuleManager: Shutting down and abandoning module MagicLeapHandTracking (190)
[2022.03.10-13.01.24:515][382]LogModuleManager: Shutting down and abandoning module MagicLeapEyeTracker (188)
[2022.03.10-13.01.24:515][382]LogModuleManager: Shutting down and abandoning module MagicLeapController (186)
[2022.03.10-13.01.24:515][382]LogModuleManager: Shutting down and abandoning module MagicLeapARPinImpl (184)
[2022.03.10-13.01.24:515][382]LogModuleManager: Shutting down and abandoning module MagicLeapAR (182)
[2022.03.10-13.01.24:515][382]LogModuleManager: Shutting down and abandoning module ImgMediaEngine (180)
[2022.03.10-13.01.24:515][382]LogModuleManager: Shutting down and abandoning module ColorWheelPlugin (178)
[2022.03.10-13.01.24:515][382]LogModuleManager: Shutting down and abandoning module FacialAnimation (176)
[2022.03.10-13.01.24:515][382]LogModuleManager: Shutting down and abandoning module NiagaraAnimNotifies (174)
[2022.03.10-13.01.24:515][382]LogModuleManager: Shutting down and abandoning module Niagara (172)
[2022.03.10-13.01.24:515][382]LogModuleManager: Shutting down and abandoning module SignalProcessing (171)
[2022.03.10-13.01.24:515][382]LogModuleManager: Shutting down and abandoning module NiagaraCore (168)
[2022.03.10-13.01.24:515][382]LogModuleManager: Shutting down and abandoning module AnimationSharing (166)
[2022.03.10-13.01.24:515][382]LogModuleManager: Shutting down and abandoning module LightPropagationVolumeRuntime (164)
[2022.03.10-13.01.24:515][382]LogModuleManager: Shutting down and abandoning module GameplayCameras (162)
[2022.03.10-13.01.24:515][382]LogModuleManager: Shutting down and abandoning module Paper2D (160)
[2022.03.10-13.01.24:515][382]LogModuleManager: Shutting down and abandoning module WindowsMoviePlayer (158)
[2022.03.10-13.01.24:517][382]LogModuleManager: Shutting down and abandoning module WebMMoviePlayer (156)
[2022.03.10-13.01.24:517][382]LogModuleManager: Shutting down and abandoning module NetworkReplayStreaming (154)
[2022.03.10-13.01.24:517][382]LogModuleManager: Shutting down and abandoning module PacketHandler (152)
[2022.03.10-13.01.24:517][382]LogModuleManager: Shutting down and abandoning module ClothingSystemRuntimeNv (150)
[2022.03.10-13.01.24:518][382]LogModuleManager: Shutting down and abandoning module MediaAssets (148)
[2022.03.10-13.01.24:518][382]LogModuleManager: Shutting down and abandoning module Overlay (146)
[2022.03.10-13.01.24:518][382]LogModuleManager: Shutting down and abandoning module FunctionalTesting (144)
[2022.03.10-13.01.24:518][382]LogModuleManager: Shutting down and abandoning module MessageLog (142)
[2022.03.10-13.01.24:519][382]LogModuleManager: Shutting down and abandoning module UMG (140)
[2022.03.10-13.01.24:519][382]LogModuleManager: Shutting down and abandoning module SlateReflector (138)
[2022.03.10-13.01.24:519][382]LogModuleManager: Shutting down and abandoning module Slate (136)
[2022.03.10-13.01.24:519][382]LogModuleManager: Shutting down and abandoning module SlateCore (134)
[2022.03.10-13.01.24:521][382]LogModuleManager: Shutting down and abandoning module MRMesh (132)
[2022.03.10-13.01.24:521][382]LogModuleManager: Shutting down and abandoning module Messaging (130)
[2022.03.10-13.01.24:521][382]LogModuleManager: Shutting down and abandoning module HeadMountedDisplay (128)
[2022.03.10-13.01.24:521][382]LogModuleManager: Shutting down and abandoning module XAudio2 (126)
[2022.03.10-13.01.24:521][382]LogModuleManager: Shutting down and abandoning module Networking (124)
[2022.03.10-13.01.24:521][382]LogModuleManager: Shutting down and abandoning module Core (122)
[2022.03.10-13.01.24:521][382]LogModuleManager: Shutting down and abandoning module FieldSystemEngine (120)
[2022.03.10-13.01.24:521][382]LogModuleManager: Shutting down and abandoning module ImageWrapper (116)
[2022.03.10-13.01.24:521][382]LogModuleManager: Shutting down and abandoning module D3D11RHI (114)
[2022.03.10-13.01.24:521][382]LogModuleManager: Shutting down and abandoning module InputCore (112)
[2022.03.10-13.01.24:521][382]LogModuleManager: Shutting down and abandoning module Settings (110)
[2022.03.10-13.01.24:521][382]LogModuleManager: Shutting down and abandoning module PhysXCooking (108)
[2022.03.10-13.01.24:521][382]LogModuleManager: Shutting down and abandoning module Chaos (106)
[2022.03.10-13.01.24:521][382]LogModuleManager: Shutting down and abandoning module WindowsPlatformFeatures (104)
[2022.03.10-13.01.24:521][382]LogModuleManager: Shutting down and abandoning module GameplayMediaEncoder (103)
[2022.03.10-13.01.24:521][382]LogModuleManager: Shutting down and abandoning module AVEncoder (102)
[2022.03.10-13.01.24:521][382]LogModuleManager: Shutting down and abandoning module SteamVRInputDevice (98)
[2022.03.10-13.01.24:521][382]LogModuleManager: Shutting down and abandoning module SteamVRInput (96)
[2022.03.10-13.01.24:521][382]LogModuleManager: Shutting down and abandoning module SteamVR (94)
[2022.03.10-13.01.24:521][382]LogHMD: Freeing OpenVRDLLHandle.
[2022.03.10-13.01.24:521][382]LogModuleManager: Shutting down and abandoning module OculusHMD (92)
[2022.03.10-13.01.24:521][382]LogModuleManager: Shutting down and abandoning module OpenXRHandTracking (90)
[2022.03.10-13.01.24:521][382]LogSlate: Slate User Destroyed.  User Index 0, Is Virtual User: 0
[2022.03.10-13.01.24:521][382]LogModuleManager: Shutting down and abandoning module OpenXREyeTracker (88)
[2022.03.10-13.01.24:521][382]LogModuleManager: Shutting down and abandoning module OpenXRAR (86)
[2022.03.10-13.01.24:521][382]LogModuleManager: Shutting down and abandoning module AugmentedReality (85)
[2022.03.10-13.01.24:521][382]LogModuleManager: Shutting down and abandoning module OpenXRHMD (82)
[2022.03.10-13.01.24:522][382]LogModuleManager: Shutting down and abandoning module ExampleDeviceProfileSelector (80)
[2022.03.10-13.01.24:522][382]LogModuleManager: Shutting down and abandoning module ChunkDownloader (78)
[2022.03.10-13.01.24:522][382]LogModuleManager: Shutting down and abandoning module LauncherChunkInstaller (76)
[2022.03.10-13.01.24:522][382]LogModuleManager: Shutting down and abandoning module OnlineSubsystem (72)
[2022.03.10-13.01.24:522][382]LogModuleManager: Shutting down and abandoning module HTTP (67)
[2022.03.10-13.01.24:522][382]LogHttp: Display: cleaning up 0 outstanding Http requests.
[2022.03.10-13.01.24:550][382]LogModuleManager: Shutting down and abandoning module SSL (66)
[2022.03.10-13.01.24:551][382]LogModuleManager: Shutting down and abandoning module MLSDK (62)
[2022.03.10-13.01.24:551][382]LogModuleManager: Shutting down and abandoning module MagicLeap (60)
[2022.03.10-13.01.24:551][382]LogModuleManager: Shutting down and abandoning module WmfMedia (58)
[2022.03.10-13.01.24:551][382]LogModuleManager: Shutting down and abandoning module Media (57)
[2022.03.10-13.01.24:551][382]LogModuleManager: Shutting down and abandoning module MediaInfo (56)
[2022.03.10-13.01.24:552][382]LogModuleManager: Shutting down and abandoning module ExrReaderGpu (52)
[2022.03.10-13.01.24:552][382]LogModuleManager: Shutting down and abandoning module NiagaraVertexFactories (50)
[2022.03.10-13.01.24:552][382]LogModuleManager: Shutting down and abandoning module NiagaraShader (48)
[2022.03.10-13.01.24:552][382]LogModuleManager: Shutting down and abandoning module ChaosCloth (46)
[2022.03.10-13.01.24:552][382]LogModuleManager: Shutting down and abandoning module DatasmithContent (44)
[2022.03.10-13.01.24:552][382]LogModuleManager: Shutting down and abandoning module VariantManagerContent (42)
[2022.03.10-13.01.24:552][382]LogModuleManager: Shutting down and abandoning module PixWinPlugin (40)
[2022.03.10-13.01.24:552][382]LogModuleManager: Shutting down and abandoning module AISupportModule (38)
[2022.03.10-13.01.24:552][382]LogModuleManager: Shutting down and abandoning module PythonScriptPluginPreload (36)
[2022.03.10-13.01.24:552][382]LogModuleManager: Shutting down and abandoning module PlatformCryptoOpenSSL (34)
[2022.03.10-13.01.24:552][382]LogModuleManager: Shutting down and abandoning module PlatformCryptoTypes (32)
[2022.03.10-13.01.24:552][382]LogModuleManager: Shutting down and abandoning module PlatformCrypto (30)
[2022.03.10-13.01.24:552][382]LogModuleManager: Shutting down and abandoning module OodleDataCompressionFormat (28)
[2022.03.10-13.01.24:552][382]LogModuleManager: Shutting down and abandoning module RenderCore (26)
[2022.03.10-13.01.24:552][382]LogModuleManager: Shutting down and abandoning module Landscape (24)
[2022.03.10-13.01.24:552][382]LogModuleManager: Shutting down and abandoning module SlateRHIRenderer (22)
[2022.03.10-13.01.24:552][382]LogModuleManager: Shutting down and abandoning module AnimGraphRuntime (20)
[2022.03.10-13.01.24:552][382]LogModuleManager: Shutting down and abandoning module Renderer (18)
[2022.03.10-13.01.24:552][382]LogModuleManager: Shutting down and abandoning module Engine (16)
[2022.03.10-13.01.24:553][382]LogModuleManager: Shutting down and abandoning module CoreUObject (14)
[2022.03.10-13.01.24:553][382]LogModuleManager: Shutting down and abandoning module NetworkFile (12)
[2022.03.10-13.01.24:553][382]LogModuleManager: Shutting down and abandoning module CookedIterativeFile (10)
[2022.03.10-13.01.24:553][382]LogModuleManager: Shutting down and abandoning module StreamingFile (8)
[2022.03.10-13.01.24:553][382]LogModuleManager: Shutting down and abandoning module SandboxFile (6)
[2022.03.10-13.01.24:553][382]LogModuleManager: Shutting down and abandoning module PakFile (4)
[2022.03.10-13.01.24:553][382]LogModuleManager: Shutting down and abandoning module RSA (3)
[2022.03.10-13.01.24:553][382]LogContentStreaming: Display: There are 1 unreleased StreamingManagers
[2022.03.10-13.01.24:553][382]LogD3D11RHI: Shutdown
[2022.03.10-13.01.24:553][382]LogD3D11RHI: CleanupD3DDevice
[2022.03.10-13.01.24:559][382]LogExit: Exiting.
[2022.03.10-13.01.24:568][382]Log file closed, 03/10/22 21:01:24
