Log file open, 03/12/22 10:54:21
LogWindows: Failed to load 'aqProf.dll' (GetLastError=126)
LogWindows: File 'aqProf.dll' does not exist
LogWindows: Failed to load 'VtuneApi.dll' (GetLastError=126)
LogWindows: File 'VtuneApi.dll' does not exist
LogWindows: Failed to load 'VtuneApi32e.dll' (GetLastError=126)
LogWindows: File 'VtuneApi32e.dll' does not exist
LogConsoleResponse: Display: Failed to find resolution value strings in scalability ini. Falling back to default.
LogConsoleResponse: Display: Failed to find resolution value strings in scalability ini. Falling back to default.
LogPlatformFile: Not using cached read wrapper
LogTaskGraph: Started task graph with 5 named threads and 23 total threads with 3 sets of task threads.
LogStats: Stats thread started at 0.114630
LogICUInternationalization: ICU TimeZone Detection - Raw Offset: +8:00, Platform Override: ''
LogInit: Display: Loading text-based GConfig....
LogPluginManager: Mounting plugin MeshPainting
LogPluginManager: Mounting plugin Paper2D
LogPluginManager: Mounting plugin AISupport
LogPluginManager: Mounting plugin EnvironmentQueryEditor
LogPluginManager: Mounting plugin LiveLink
LogPluginManager: Mounting plugin CameraShakePreviewer
LogPluginManager: Mounting plugin GameplayCameras
LogPluginManager: Mounting plugin OodleData
LogPluginManager: Mounting plugin LightPropagationVolume
LogPluginManager: Mounting plugin OodleNetwork
LogPluginManager: Mounting plugin AssetManagerEditor
LogPluginManager: Mounting plugin GeometryMode
LogPluginManager: Mounting plugin FacialAnimation
LogPluginManager: Mounting plugin SpeedTreeImporter
LogPluginManager: Mounting plugin DatasmithContent
LogPluginManager: Mounting plugin VariantManagerContent
LogPluginManager: Mounting plugin AnimationSharing
LogPluginManager: Mounting plugin AlembicImporter
LogPluginManager: Mounting plugin BackChannel
LogPluginManager: Mounting plugin AutomationUtils
LogPluginManager: Mounting plugin ChaosCloth
LogPluginManager: Mounting plugin ChaosClothEditor
LogPluginManager: Mounting plugin ChaosEditor
LogPluginManager: Mounting plugin ChaosNiagara
LogPluginManager: Mounting plugin ChaosSolverPlugin
LogPluginManager: Mounting plugin CharacterAI
LogPluginManager: Mounting plugin GeometryCache
LogPluginManager: Mounting plugin GeometryCollectionPlugin
LogPluginManager: Mounting plugin PixWinPlugin
LogPluginManager: Mounting plugin GeometryProcessing
LogPluginManager: Mounting plugin PluginUtils
LogPluginManager: Mounting plugin UObjectPlugin
LogPluginManager: Mounting plugin MotoSynth
LogPluginManager: Mounting plugin OpenImageDenoise
LogPluginManager: Mounting plugin PlatformCrypto
LogPluginManager: Mounting plugin PlanarCut
LogPluginManager: Mounting plugin PythonScriptPlugin
LogPluginManager: Mounting plugin Niagara
LogPluginManager: Mounting plugin MagicLeap
LogPluginManager: Mounting plugin MagicLeapPassableWorld
LogPluginManager: Mounting plugin MagicLeapLightEstimation
LogPluginManager: Mounting plugin ColorWheelPlugin
LogPluginManager: Mounting plugin MLSDK
LogPluginManager: Mounting plugin AvfMedia
LogPluginManager: Mounting plugin ImgMedia
LogPluginManager: Mounting plugin MediaCompositing
LogPluginManager: Mounting plugin WebMMedia
LogPluginManager: Mounting plugin WmfMedia
LogPluginManager: Mounting plugin UdpMessaging
LogPluginManager: Mounting plugin TcpMessaging
LogPluginManager: Mounting plugin OnlineSubsystem
LogPluginManager: Mounting plugin OnlineSubsystemNull
LogPluginManager: Mounting plugin OnlineSubsystemUtils
LogPluginManager: Mounting plugin LauncherChunkInstaller
LogPluginManager: Mounting plugin ActorSequence
LogPluginManager: Mounting plugin MatineeToLevelSequence
LogPluginManager: Mounting plugin LevelSequenceEditor
LogPluginManager: Mounting plugin ActorLayerUtilities
LogPluginManager: Mounting plugin TemplateSequence
LogPluginManager: Mounting plugin ScreenshotTools
LogPluginManager: Mounting plugin AppleImageUtils
LogPluginManager: Mounting plugin AndroidPermission
LogPluginManager: Mounting plugin ArchVisCharacter
LogPluginManager: Mounting plugin AudioCapture
LogPluginManager: Mounting plugin AssetTags
LogPluginManager: Mounting plugin AudioSynesthesia
LogPluginManager: Mounting plugin CableComponent
LogPluginManager: Mounting plugin Takes
LogPluginManager: Mounting plugin ChunkDownloader
LogPluginManager: Mounting plugin EditableMesh
LogPluginManager: Mounting plugin CustomMeshComponent
LogPluginManager: Mounting plugin ExampleDeviceProfileSelector
LogPluginManager: Mounting plugin GooglePAD
LogPluginManager: Mounting plugin MobilePatchingUtils
LogPluginManager: Mounting plugin LocationServicesBPLibrary
LogPluginManager: Mounting plugin OpenXR
LogPluginManager: Mounting plugin OpenXRHandTracking
LogPluginManager: Mounting plugin PhysXVehicles
LogPluginManager: Mounting plugin OpenXREyeTracker
LogPluginManager: Mounting plugin PropertyAccessEditor
LogPluginManager: Mounting plugin ProceduralMeshComponent
LogPluginManager: Mounting plugin SignificanceManager
LogPluginManager: Mounting plugin RuntimePhysXCooking
LogPluginManager: Mounting plugin SoundFields
LogPluginManager: Mounting plugin WebMMoviePlayer
LogPluginManager: Mounting plugin Synthesis
LogPluginManager: Mounting plugin WindowsMoviePlayer
LogPluginManager: Mounting plugin OculusVR
LogPluginManager: Mounting plugin SteamVR
PixWinPlugin: PIX capture plugin failed to initialize! Check that the process is launched from PIX.
LogLuminAPIImpl: Warning: MLSDK not found.  This likely means the MLSDK environment variable is not set.
LogInit: Using libcurl 7.55.1-DEV
LogInit:  - built for x86_64-pc-win32
LogInit:  - supports SSL with OpenSSL/1.1.1
LogInit:  - supports HTTP deflate (compression) using libz 1.2.8
LogInit:  - other features:
LogInit:      CURL_VERSION_SSL
LogInit:      CURL_VERSION_LIBZ
LogInit:      CURL_VERSION_IPV6
LogInit:      CURL_VERSION_ASYNCHDNS
LogInit:      CURL_VERSION_LARGEFILE
LogInit:      CURL_VERSION_IDN
LogInit:  CurlRequestOptions (configurable via config and command line):
LogInit:  - bVerifyPeer = true  - Libcurl will verify peer certificate
LogInit:  - bUseHttpProxy = false  - Libcurl will NOT use HTTP proxy
LogInit:  - bDontReuseConnections = false  - Libcurl will reuse connections
LogInit:  - MaxHostConnections = 16  - Libcurl will limit the number of connections to a host
LogInit:  - LocalHostAddr = Default
LogInit:  - BufferSize = 65536
LogOnline: OSS: Creating online subsystem instance for: NULL
LogInit: WinSock: version 1.1 (2.2), MaxSocks=32767, MaxUdp=65467
LogOnline: OSS: TryLoadSubsystemAndSetDefault: Loaded subsystem for module [NULL]
LogOculusPluginWrapper: OculusPlugin initialized successfully
LogHMD: Failed initializing OVRPlugin 1.59.0
LogInit: Build: ++UE4+Release-4.27-CL-17735300
LogInit: Engine Version: 4.27.1-17735300+++UE4+Release-4.27
LogInit: Compatible Engine Version: 4.27.0-17155196+++UE4+Release-4.27
LogInit: Net CL: 17155196
LogInit: OS: Windows 10 (Release 2009) (), CPU: Intel(R) Core(TM) i5-9300H CPU @ 2.40GHz, GPU: Intel(R) UHD Graphics 630
LogInit: Compiled (64-bit): Oct  6 2021 14:55:41
LogInit: Compiled with Visual C++: 19.16.27032.01
LogInit: Build Configuration: Development
LogInit: Branch Name: ++UE4+Release-4.27
LogInit: Command Line: 
LogInit: Base Directory: D:/cs/UE4/Game/WindowsNoEditor/SoftEngineerProject/Binaries/Win64/
LogInit: Allocator: binned2
LogInit: Installed Engine Build: 0
LogDevObjectVersion: Number of dev versions registered: 29
LogDevObjectVersion:   Dev-Blueprints (B0D832E4-1F89-4F0D-ACCF-7EB736FD4AA2): 10
LogDevObjectVersion:   Dev-Build (E1C64328-A22C-4D53-A36C-8E866417BD8C): 0
LogDevObjectVersion:   Dev-Core (375EC13C-06E4-48FB-B500-84F0262A717E): 4
LogDevObjectVersion:   Dev-Editor (E4B068ED-F494-42E9-A231-DA0B2E46BB41): 40
LogDevObjectVersion:   Dev-Framework (CFFC743F-43B0-4480-9391-14DF171D2073): 37
LogDevObjectVersion:   Dev-Mobile (B02B49B5-BB20-44E9-A304-32B752E40360): 3
LogDevObjectVersion:   Dev-Networking (A4E4105C-59A1-49B5-A7C5-40C4547EDFEE): 0
LogDevObjectVersion:   Dev-Online (39C831C9-5AE6-47DC-9A44-9C173E1C8E7C): 0
LogDevObjectVersion:   Dev-Physics (78F01B33-EBEA-4F98-B9B4-84EACCB95AA2): 14
LogDevObjectVersion:   Dev-Platform (6631380F-2D4D-43E0-8009-CF276956A95A): 0
LogDevObjectVersion:   Dev-Rendering (12F88B9F-8875-4AFC-A67C-D90C383ABD29): 45
LogDevObjectVersion:   Dev-Sequencer (7B5AE74C-D270-4C10-A958-57980B212A5A): 13
LogDevObjectVersion:   Dev-VR (D7296918-1DD6-4BDD-9DE2-64A83CC13884): 3
LogDevObjectVersion:   Dev-LoadTimes (C2A15278-BFE7-4AFE-6C17-90FF531DF755): 1
LogDevObjectVersion:   Private-Geometry (6EACA3D4-40EC-4CC1-B786-8BED09428FC5): 3
LogDevObjectVersion:   Dev-AnimPhys (29E575DD-E0A3-4627-9D10-D276232CDCEA): 17
LogDevObjectVersion:   Dev-Anim (AF43A65D-7FD3-4947-9873-3E8ED9C1BB05): 15
LogDevObjectVersion:   Dev-ReflectionCapture (6B266CEC-1EC7-4B8F-A30B-E4D90942FC07): 1
LogDevObjectVersion:   Dev-Automation (0DF73D61-A23F-47EA-B727-89E90C41499A): 1
LogDevObjectVersion:   FortniteMain (601D1886-AC64-4F84-AA16-D3DE0DEAC7D6): 47
LogDevObjectVersion:   FortniteRelease (E7086368-6B23-4C58-8439-1B7016265E91): 1
LogDevObjectVersion:   Dev-Enterprise (9DFFBCD6-494F-0158-E221-12823C92A888): 10
LogDevObjectVersion:   Dev-Niagara (F2AED0AC-9AFE-416F-8664-AA7FFA26D6FC): 1
LogDevObjectVersion:   Dev-Destruction (174F1F0B-B4C6-45A5-B13F-2EE8D0FB917D): 10
LogDevObjectVersion:   Dev-Physics-Ext (35F94A83-E258-406C-A318-09F59610247C): 41
LogDevObjectVersion:   Dev-PhysicsMaterial-Chaos (B68FC16E-8B1B-42E2-B453-215C058844FE): 1
LogDevObjectVersion:   Dev-CineCamera (B2E18506-4273-CFC2-A54E-F4BB758BBA07): 1
LogDevObjectVersion:   Dev-VirtualProduction (64F58936-FD1B-42BA-BA96-7289D5D0FA4E): 1
LogDevObjectVersion:   Dev-MediaFramework (6F0ED827-A609-4895-9C91-998D90180EA4): 2
LogInit: Presizing for max 2097152 objects, including 1 objects not considered by GC, pre-allocating 0 bytes for permanent pool.
LogConfig: Applying CVar settings from Section [/Script/Engine.StreamingSettings] File [../../../SoftEngineerProject/Saved/Config/WindowsNoEditor/Engine.ini]
LogConfig: Setting CVar [[s.MinBulkDataSizeForAsyncLoading:131072]]
LogConfig: Setting CVar [[s.AsyncLoadingThreadEnabled:0]]
LogConfig: Setting CVar [[s.EventDrivenLoaderEnabled:1]]
LogConfig: Setting CVar [[s.WarnIfTimeLimitExceeded:0]]
LogConfig: Setting CVar [[s.TimeLimitExceededMultiplier:1.5]]
LogConfig: Setting CVar [[s.TimeLimitExceededMinTime:0.005]]
LogConfig: Setting CVar [[s.UseBackgroundLevelStreaming:1]]
LogConfig: Setting CVar [[s.PriorityAsyncLoadingExtraTime:15.0]]
LogConfig: Setting CVar [[s.LevelStreamingActorsUpdateTimeLimit:5.0]]
LogConfig: Setting CVar [[s.PriorityLevelStreamingActorsUpdateExtraTime:5.0]]
LogConfig: Setting CVar [[s.LevelStreamingComponentsRegistrationGranularity:10]]
LogConfig: Setting CVar [[s.UnregisterComponentsTimeLimit:1.0]]
LogConfig: Setting CVar [[s.LevelStreamingComponentsUnregistrationGranularity:5]]
LogConfig: Setting CVar [[s.FlushStreamingOnExit:1]]
LogStreaming: Display: Async Loading initialized: Event Driven Loader: true, Async Loading Thread: false, Async Post Load: true
LogInit: Object subsystem initialized
LogConfig: Setting CVar [[con.DebugEarlyDefault:1]]
LogConfig: Setting CVar [[r.setres:1280x720]]
LogConfig: Setting CVar [[fx.NiagaraAllowRuntimeScalabilityChanges:1]]
[2022.03.12-02.54.22:194][  0]LogConfig: Setting CVar [[con.DebugEarlyDefault:1]]
[2022.03.12-02.54.22:195][  0]LogConfig: Setting CVar [[r.setres:1280x720]]
[2022.03.12-02.54.22:195][  0]LogConfig: Setting CVar [[fx.NiagaraAllowRuntimeScalabilityChanges:1]]
[2022.03.12-02.54.22:195][  0]LogConfig: Applying CVar settings from Section [/Script/Engine.RendererSettings] File [../../../SoftEngineerProject/Saved/Config/WindowsNoEditor/Engine.ini]
[2022.03.12-02.54.22:195][  0]LogConfig: Setting CVar [[r.GPUCrashDebugging:0]]
[2022.03.12-02.54.22:195][  0]LogConfig: Setting CVar [[r.DefaultFeature.MotionBlur:0]]
[2022.03.12-02.54.22:195][  0]LogConfig: Setting CVar [[r.DefaultFeature.AntiAliasing:1]]
[2022.03.12-02.54.22:195][  0]LogConfig: Setting CVar [[r.DefaultFeature.AutoExposure:1]]
[2022.03.12-02.54.22:195][  0]LogConfig: Applying CVar settings from Section [/Script/Engine.RendererOverrideSettings] File [../../../SoftEngineerProject/Saved/Config/WindowsNoEditor/Engine.ini]
[2022.03.12-02.54.22:195][  0]LogConfig: Applying CVar settings from Section [/Script/Engine.StreamingSettings] File [../../../SoftEngineerProject/Saved/Config/WindowsNoEditor/Engine.ini]
[2022.03.12-02.54.22:195][  0]LogConfig: Setting CVar [[s.MinBulkDataSizeForAsyncLoading:131072]]
[2022.03.12-02.54.22:195][  0]LogConfig: Setting CVar [[s.AsyncLoadingThreadEnabled:0]]
[2022.03.12-02.54.22:195][  0]LogConfig: Setting CVar [[s.EventDrivenLoaderEnabled:1]]
[2022.03.12-02.54.22:195][  0]LogConfig: Setting CVar [[s.WarnIfTimeLimitExceeded:0]]
[2022.03.12-02.54.22:195][  0]LogConfig: Setting CVar [[s.TimeLimitExceededMultiplier:1.5]]
[2022.03.12-02.54.22:195][  0]LogConfig: Setting CVar [[s.TimeLimitExceededMinTime:0.005]]
[2022.03.12-02.54.22:195][  0]LogConfig: Setting CVar [[s.UseBackgroundLevelStreaming:1]]
[2022.03.12-02.54.22:195][  0]LogConfig: Setting CVar [[s.PriorityAsyncLoadingExtraTime:15.0]]
[2022.03.12-02.54.22:195][  0]LogConfig: Setting CVar [[s.LevelStreamingActorsUpdateTimeLimit:5.0]]
[2022.03.12-02.54.22:195][  0]LogConfig: Setting CVar [[s.PriorityLevelStreamingActorsUpdateExtraTime:5.0]]
[2022.03.12-02.54.22:195][  0]LogConfig: Setting CVar [[s.LevelStreamingComponentsRegistrationGranularity:10]]
[2022.03.12-02.54.22:195][  0]LogConfig: Setting CVar [[s.UnregisterComponentsTimeLimit:1.0]]
[2022.03.12-02.54.22:195][  0]LogConfig: Setting CVar [[s.LevelStreamingComponentsUnregistrationGranularity:5]]
[2022.03.12-02.54.22:195][  0]LogConfig: Setting CVar [[s.FlushStreamingOnExit:1]]
[2022.03.12-02.54.22:195][  0]LogConfig: Applying CVar settings from Section [/Script/Engine.GarbageCollectionSettings] File [../../../SoftEngineerProject/Saved/Config/WindowsNoEditor/Engine.ini]
[2022.03.12-02.54.22:195][  0]LogConfig: Setting CVar [[gc.MaxObjectsNotConsideredByGC:1]]
[2022.03.12-02.54.22:195][  0]LogConfig: Setting CVar [[gc.SizeOfPermanentObjectPool:0]]
[2022.03.12-02.54.22:195][  0]LogConfig: Setting CVar [[gc.FlushStreamingOnGC:0]]
[2022.03.12-02.54.22:195][  0]LogConfig: Setting CVar [[gc.NumRetriesBeforeForcingGC:10]]
[2022.03.12-02.54.22:195][  0]LogConfig: Setting CVar [[gc.AllowParallelGC:1]]
[2022.03.12-02.54.22:195][  0]LogConfig: Setting CVar [[gc.TimeBetweenPurgingPendingKillObjects:61.1]]
[2022.03.12-02.54.22:195][  0]LogConfig: Setting CVar [[gc.MaxObjectsInEditor:25165824]]
[2022.03.12-02.54.22:195][  0]LogConfig: Setting CVar [[gc.IncrementalBeginDestroyEnabled:1]]
[2022.03.12-02.54.22:195][  0]LogConfig: Setting CVar [[gc.CreateGCClusters:1]]
[2022.03.12-02.54.22:195][  0]LogConfig: Setting CVar [[gc.MinGCClusterSize:5]]
[2022.03.12-02.54.22:195][  0]LogConfig: Setting CVar [[gc.ActorClusteringEnabled:0]]
[2022.03.12-02.54.22:195][  0]LogConfig: Setting CVar [[gc.BlueprintClusteringEnabled:0]]
[2022.03.12-02.54.22:195][  0]LogConfig: Setting CVar [[gc.UseDisregardForGCOnDedicatedServers:0]]
[2022.03.12-02.54.22:195][  0]LogConfig: Setting CVar [[gc.MultithreadedDestructionEnabled:1]]
[2022.03.12-02.54.22:195][  0]LogConfig: Applying CVar settings from Section [/Script/Engine.NetworkSettings] File [../../../SoftEngineerProject/Saved/Config/WindowsNoEditor/Engine.ini]
[2022.03.12-02.54.22:225][  0]LogConfig: Applying CVar settings from Section [ViewDistanceQuality@3] File [../../../SoftEngineerProject/Saved/Config/WindowsNoEditor/Scalability.ini]
[2022.03.12-02.54.22:225][  0]LogConfig: Setting CVar [[r.SkeletalMeshLODBias:0]]
[2022.03.12-02.54.22:225][  0]LogConfig: Setting CVar [[r.ViewDistanceScale:1.0]]
[2022.03.12-02.54.22:225][  0]LogConfig: Applying CVar settings from Section [AntiAliasingQuality@3] File [../../../SoftEngineerProject/Saved/Config/WindowsNoEditor/Scalability.ini]
[2022.03.12-02.54.22:225][  0]LogConfig: Setting CVar [[r.PostProcessAAQuality:4]]
[2022.03.12-02.54.22:225][  0]LogConfig: Applying CVar settings from Section [ShadowQuality@3] File [../../../SoftEngineerProject/Saved/Config/WindowsNoEditor/Scalability.ini]
[2022.03.12-02.54.22:225][  0]LogConfig: Setting CVar [[r.LightFunctionQuality:1]]
[2022.03.12-02.54.22:225][  0]LogConfig: Setting CVar [[r.ShadowQuality:5]]
[2022.03.12-02.54.22:225][  0]LogConfig: Setting CVar [[r.Shadow.CSM.MaxCascades:10]]
[2022.03.12-02.54.22:225][  0]LogConfig: Setting CVar [[r.Shadow.MaxResolution:2048]]
[2022.03.12-02.54.22:225][  0]LogConfig: Setting CVar [[r.Shadow.MaxCSMResolution:2048]]
[2022.03.12-02.54.22:225][  0]LogConfig: Setting CVar [[r.Shadow.RadiusThreshold:0.01]]
[2022.03.12-02.54.22:225][  0]LogConfig: Setting CVar [[r.Shadow.DistanceScale:1.0]]
[2022.03.12-02.54.22:225][  0]LogConfig: Setting CVar [[r.Shadow.CSM.TransitionScale:1.0]]
[2022.03.12-02.54.22:225][  0]LogConfig: Setting CVar [[r.Shadow.PreShadowResolutionFactor:1.0]]
[2022.03.12-02.54.22:225][  0]LogConfig: Setting CVar [[r.DistanceFieldShadowing:1]]
[2022.03.12-02.54.22:225][  0]LogConfig: Setting CVar [[r.DistanceFieldAO:1]]
[2022.03.12-02.54.22:225][  0]LogConfig: Setting CVar [[r.AOQuality:2]]
[2022.03.12-02.54.22:226][  0]LogConfig: Setting CVar [[r.VolumetricFog:1]]
[2022.03.12-02.54.22:226][  0]LogConfig: Setting CVar [[r.VolumetricFog.GridPixelSize:8]]
[2022.03.12-02.54.22:226][  0]LogConfig: Setting CVar [[r.VolumetricFog.GridSizeZ:128]]
[2022.03.12-02.54.22:226][  0]LogConfig: Setting CVar [[r.VolumetricFog.HistoryMissSupersampleCount:4]]
[2022.03.12-02.54.22:226][  0]LogConfig: Setting CVar [[r.LightMaxDrawDistanceScale:1]]
[2022.03.12-02.54.22:226][  0]LogConfig: Setting CVar [[r.CapsuleShadows:1]]
[2022.03.12-02.54.22:226][  0]LogConfig: Applying CVar settings from Section [PostProcessQuality@3] File [../../../SoftEngineerProject/Saved/Config/WindowsNoEditor/Scalability.ini]
[2022.03.12-02.54.22:226][  0]LogConfig: Setting CVar [[r.MotionBlurQuality:4]]
[2022.03.12-02.54.22:226][  0]LogConfig: Setting CVar [[r.AmbientOcclusionMipLevelFactor:0.4]]
[2022.03.12-02.54.22:226][  0]LogConfig: Setting CVar [[r.AmbientOcclusionMaxQuality:100]]
[2022.03.12-02.54.22:226][  0]LogConfig: Setting CVar [[r.AmbientOcclusionLevels:-1]]
[2022.03.12-02.54.22:226][  0]LogConfig: Setting CVar [[r.AmbientOcclusionRadiusScale:1.0]]
[2022.03.12-02.54.22:226][  0]LogConfig: Setting CVar [[r.DepthOfFieldQuality:2]]
[2022.03.12-02.54.22:226][  0]LogConfig: Setting CVar [[r.RenderTargetPoolMin:400]]
[2022.03.12-02.54.22:226][  0]LogConfig: Setting CVar [[r.LensFlareQuality:2]]
[2022.03.12-02.54.22:226][  0]LogConfig: Setting CVar [[r.SceneColorFringeQuality:1]]
[2022.03.12-02.54.22:226][  0]LogConfig: Setting CVar [[r.EyeAdaptationQuality:2]]
[2022.03.12-02.54.22:226][  0]LogConfig: Setting CVar [[r.BloomQuality:5]]
[2022.03.12-02.54.22:226][  0]LogConfig: Setting CVar [[r.FastBlurThreshold:100]]
[2022.03.12-02.54.22:226][  0]LogConfig: Setting CVar [[r.Upscale.Quality:3]]
[2022.03.12-02.54.22:226][  0]LogConfig: Setting CVar [[r.Tonemapper.GrainQuantization:1]]
[2022.03.12-02.54.22:226][  0]LogConfig: Setting CVar [[r.LightShaftQuality:1]]
[2022.03.12-02.54.22:226][  0]LogConfig: Setting CVar [[r.Filter.SizeScale:1]]
[2022.03.12-02.54.22:226][  0]LogConfig: Setting CVar [[r.Tonemapper.Quality:5]]
[2022.03.12-02.54.22:226][  0]LogConfig: Setting CVar [[r.DOF.Gather.AccumulatorQuality:1        ; higher gathering accumulator quality]]
[2022.03.12-02.54.22:226][  0]LogConfig: Setting CVar [[r.DOF.Gather.PostfilterMethod:1          ; Median3x3 postfilering method]]
[2022.03.12-02.54.22:226][  0]LogConfig: Setting CVar [[r.DOF.Gather.EnableBokehSettings:0       ; no bokeh simulation when gathering]]
[2022.03.12-02.54.22:226][  0]LogConfig: Setting CVar [[r.DOF.Gather.RingCount:4                 ; medium number of samples when gathering]]
[2022.03.12-02.54.22:226][  0]LogConfig: Setting CVar [[r.DOF.Scatter.ForegroundCompositing:1    ; additive foreground scattering]]
[2022.03.12-02.54.22:226][  0]LogConfig: Setting CVar [[r.DOF.Scatter.BackgroundCompositing:2    ; additive background scattering]]
[2022.03.12-02.54.22:226][  0]LogConfig: Setting CVar [[r.DOF.Scatter.EnableBokehSettings:1      ; bokeh simulation when scattering]]
[2022.03.12-02.54.22:226][  0]LogConfig: Setting CVar [[r.DOF.Scatter.MaxSpriteRatio:0.1         ; only a maximum of 10% of scattered bokeh]]
[2022.03.12-02.54.22:226][  0]LogConfig: Setting CVar [[r.DOF.Recombine.Quality:1                ; cheap slight out of focus]]
[2022.03.12-02.54.22:226][  0]LogConfig: Setting CVar [[r.DOF.Recombine.EnableBokehSettings:0    ; no bokeh simulation on slight out of focus]]
[2022.03.12-02.54.22:226][  0]LogConfig: Setting CVar [[r.DOF.TemporalAAQuality:1                ; more stable temporal accumulation]]
[2022.03.12-02.54.22:226][  0]LogConfig: Setting CVar [[r.DOF.Kernel.MaxForegroundRadius:0.025]]
[2022.03.12-02.54.22:226][  0]LogConfig: Setting CVar [[r.DOF.Kernel.MaxBackgroundRadius:0.025]]
[2022.03.12-02.54.22:226][  0]LogConfig: Applying CVar settings from Section [TextureQuality@3] File [../../../SoftEngineerProject/Saved/Config/WindowsNoEditor/Scalability.ini]
[2022.03.12-02.54.22:226][  0]LogConfig: Setting CVar [[r.Streaming.MipBias:0]]
[2022.03.12-02.54.22:226][  0]LogConfig: Setting CVar [[r.Streaming.AmortizeCPUToGPUCopy:0]]
[2022.03.12-02.54.22:226][  0]LogConfig: Setting CVar [[r.Streaming.MaxNumTexturesToStreamPerFrame:0]]
[2022.03.12-02.54.22:226][  0]LogConfig: Setting CVar [[r.Streaming.Boost:1]]
[2022.03.12-02.54.22:226][  0]LogConfig: Setting CVar [[r.MaxAnisotropy:8]]
[2022.03.12-02.54.22:226][  0]LogConfig: Setting CVar [[r.VT.MaxAnisotropy:8]]
[2022.03.12-02.54.22:226][  0]LogConfig: Setting CVar [[r.Streaming.LimitPoolSizeToVRAM:0]]
[2022.03.12-02.54.22:226][  0]LogConfig: Setting CVar [[r.Streaming.PoolSize:1000]]
[2022.03.12-02.54.22:226][  0]LogConfig: Setting CVar [[r.Streaming.MaxEffectiveScreenSize:0]]
[2022.03.12-02.54.22:226][  0]LogConfig: Applying CVar settings from Section [EffectsQuality@3] File [../../../SoftEngineerProject/Saved/Config/WindowsNoEditor/Scalability.ini]
[2022.03.12-02.54.22:226][  0]LogConfig: Setting CVar [[r.TranslucencyLightingVolumeDim:64]]
[2022.03.12-02.54.22:226][  0]LogConfig: Setting CVar [[r.RefractionQuality:2]]
[2022.03.12-02.54.22:226][  0]LogConfig: Setting CVar [[r.SSR.Quality:3]]
[2022.03.12-02.54.22:226][  0]LogConfig: Setting CVar [[r.SSR.HalfResSceneColor:0]]
[2022.03.12-02.54.22:226][  0]LogConfig: Setting CVar [[r.SceneColorFormat:4]]
[2022.03.12-02.54.22:226][  0]LogConfig: Setting CVar [[r.DetailMode:2]]
[2022.03.12-02.54.22:226][  0]LogConfig: Setting CVar [[r.TranslucencyVolumeBlur:1]]
[2022.03.12-02.54.22:226][  0]LogConfig: Setting CVar [[r.MaterialQualityLevel:1 ; High quality]]
[2022.03.12-02.54.22:226][  0]LogConfig: Setting CVar [[r.AnisotropicMaterials:1]]
[2022.03.12-02.54.22:226][  0]LogConfig: Setting CVar [[r.SSS.Scale:1]]
[2022.03.12-02.54.22:226][  0]LogConfig: Setting CVar [[r.SSS.SampleSet:2]]
[2022.03.12-02.54.22:226][  0]LogConfig: Setting CVar [[r.SSS.Quality:1]]
[2022.03.12-02.54.22:226][  0]LogConfig: Setting CVar [[r.SSS.HalfRes:0]]
[2022.03.12-02.54.22:226][  0]LogConfig: Setting CVar [[r.SSGI.Quality:3]]
[2022.03.12-02.54.22:227][  0]LogConfig: Setting CVar [[r.EmitterSpawnRateScale:1.0]]
[2022.03.12-02.54.22:227][  0]LogConfig: Setting CVar [[r.ParticleLightQuality:2]]
[2022.03.12-02.54.22:227][  0]LogConfig: Setting CVar [[r.SkyAtmosphere.AerialPerspectiveLUT.FastApplyOnOpaque:1 ; Always have FastSkyLUT 1 in this case to avoid wrong sky]]
[2022.03.12-02.54.22:227][  0]LogConfig: Setting CVar [[r.SkyAtmosphere.AerialPerspectiveLUT.SampleCountMaxPerSlice:4]]
[2022.03.12-02.54.22:227][  0]LogConfig: Setting CVar [[r.SkyAtmosphere.AerialPerspectiveLUT.DepthResolution:16.0]]
[2022.03.12-02.54.22:227][  0]LogConfig: Setting CVar [[r.SkyAtmosphere.FastSkyLUT:1]]
[2022.03.12-02.54.22:227][  0]LogConfig: Setting CVar [[r.SkyAtmosphere.FastSkyLUT.SampleCountMin:4.0]]
[2022.03.12-02.54.22:227][  0]LogConfig: Setting CVar [[r.SkyAtmosphere.FastSkyLUT.SampleCountMax:128.0]]
[2022.03.12-02.54.22:227][  0]LogConfig: Setting CVar [[r.SkyAtmosphere.SampleCountMin:4.0]]
[2022.03.12-02.54.22:227][  0]LogConfig: Setting CVar [[r.SkyAtmosphere.SampleCountMax:128.0]]
[2022.03.12-02.54.22:227][  0]LogConfig: Setting CVar [[r.SkyAtmosphere.TransmittanceLUT.UseSmallFormat:0]]
[2022.03.12-02.54.22:227][  0]LogConfig: Setting CVar [[r.SkyAtmosphere.TransmittanceLUT.SampleCount:10.0]]
[2022.03.12-02.54.22:227][  0]LogConfig: Setting CVar [[r.SkyAtmosphere.MultiScatteringLUT.SampleCount:15.0]]
[2022.03.12-02.54.22:227][  0]LogConfig: Setting CVar [[r.SkyLight.RealTimeReflectionCapture:1]]
[2022.03.12-02.54.22:227][  0]LogConfig: Setting CVar [[fx.Niagara.QualityLevel:3]]
[2022.03.12-02.54.22:227][  0]LogConfig: Applying CVar settings from Section [FoliageQuality@3] File [../../../SoftEngineerProject/Saved/Config/WindowsNoEditor/Scalability.ini]
[2022.03.12-02.54.22:227][  0]LogConfig: Setting CVar [[foliage.DensityScale:1.0]]
[2022.03.12-02.54.22:227][  0]LogConfig: Setting CVar [[grass.DensityScale:1.0]]
[2022.03.12-02.54.22:227][  0]LogConfig: Applying CVar settings from Section [ShadingQuality@3] File [../../../SoftEngineerProject/Saved/Config/WindowsNoEditor/Scalability.ini]
[2022.03.12-02.54.22:227][  0]LogConfig: Setting CVar [[r.HairStrands.SkyLighting.IntegrationType:2]]
[2022.03.12-02.54.22:227][  0]LogConfig: Setting CVar [[r.HairStrands.SkyAO.SampleCount:4]]
[2022.03.12-02.54.22:227][  0]LogConfig: Setting CVar [[r.HairStrands.Visibility.MSAA.SamplePerPixel:4]]
[2022.03.12-02.54.22:227][  0]LogInit: Selected Device Profile: [WindowsNoEditor]
[2022.03.12-02.54.22:227][  0]LogInit: Applying CVar settings loaded from the selected device profile: [WindowsNoEditor]
[2022.03.12-02.54.22:227][  0]LogHAL: Display: Platform has ~ 20 GB [21312131072 / 34359738368 / 20], which maps to Larger [LargestMinGB=32, LargerMinGB=12, DefaultMinGB=8, SmallerMinGB=6, SmallestMinGB=0)
[2022.03.12-02.54.22:227][  0]LogInit: Going up to parent DeviceProfile [Windows]
[2022.03.12-02.54.22:227][  0]LogInit: Going up to parent DeviceProfile []
[2022.03.12-02.54.22:227][  0]LogConfig: Applying CVar settings from Section [ViewDistanceQuality@3] File [../../../SoftEngineerProject/Saved/Config/WindowsNoEditor/Scalability.ini]
[2022.03.12-02.54.22:227][  0]LogConfig: Setting CVar [[r.SkeletalMeshLODBias:0]]
[2022.03.12-02.54.22:227][  0]LogConfig: Setting CVar [[r.ViewDistanceScale:1.0]]
[2022.03.12-02.54.22:227][  0]LogConfig: Applying CVar settings from Section [AntiAliasingQuality@3] File [../../../SoftEngineerProject/Saved/Config/WindowsNoEditor/Scalability.ini]
[2022.03.12-02.54.22:227][  0]LogConfig: Setting CVar [[r.PostProcessAAQuality:4]]
[2022.03.12-02.54.22:227][  0]LogConfig: Applying CVar settings from Section [ShadowQuality@3] File [../../../SoftEngineerProject/Saved/Config/WindowsNoEditor/Scalability.ini]
[2022.03.12-02.54.22:227][  0]LogConfig: Setting CVar [[r.LightFunctionQuality:1]]
[2022.03.12-02.54.22:227][  0]LogConfig: Setting CVar [[r.ShadowQuality:5]]
[2022.03.12-02.54.22:227][  0]LogConfig: Setting CVar [[r.Shadow.CSM.MaxCascades:10]]
[2022.03.12-02.54.22:227][  0]LogConfig: Setting CVar [[r.Shadow.MaxResolution:2048]]
[2022.03.12-02.54.22:227][  0]LogConfig: Setting CVar [[r.Shadow.MaxCSMResolution:2048]]
[2022.03.12-02.54.22:227][  0]LogConfig: Setting CVar [[r.Shadow.RadiusThreshold:0.01]]
[2022.03.12-02.54.22:227][  0]LogConfig: Setting CVar [[r.Shadow.DistanceScale:1.0]]
[2022.03.12-02.54.22:227][  0]LogConfig: Setting CVar [[r.Shadow.CSM.TransitionScale:1.0]]
[2022.03.12-02.54.22:227][  0]LogConfig: Setting CVar [[r.Shadow.PreShadowResolutionFactor:1.0]]
[2022.03.12-02.54.22:227][  0]LogConfig: Setting CVar [[r.DistanceFieldShadowing:1]]
[2022.03.12-02.54.22:227][  0]LogConfig: Setting CVar [[r.DistanceFieldAO:1]]
[2022.03.12-02.54.22:227][  0]LogConfig: Setting CVar [[r.AOQuality:2]]
[2022.03.12-02.54.22:227][  0]LogConfig: Setting CVar [[r.VolumetricFog:1]]
[2022.03.12-02.54.22:227][  0]LogConfig: Setting CVar [[r.VolumetricFog.GridPixelSize:8]]
[2022.03.12-02.54.22:227][  0]LogConfig: Setting CVar [[r.VolumetricFog.GridSizeZ:128]]
[2022.03.12-02.54.22:227][  0]LogConfig: Setting CVar [[r.VolumetricFog.HistoryMissSupersampleCount:4]]
[2022.03.12-02.54.22:227][  0]LogConfig: Setting CVar [[r.LightMaxDrawDistanceScale:1]]
[2022.03.12-02.54.22:227][  0]LogConfig: Setting CVar [[r.CapsuleShadows:1]]
[2022.03.12-02.54.22:227][  0]LogConfig: Applying CVar settings from Section [PostProcessQuality@3] File [../../../SoftEngineerProject/Saved/Config/WindowsNoEditor/Scalability.ini]
[2022.03.12-02.54.22:228][  0]LogConfig: Setting CVar [[r.MotionBlurQuality:4]]
[2022.03.12-02.54.22:228][  0]LogConfig: Setting CVar [[r.AmbientOcclusionMipLevelFactor:0.4]]
[2022.03.12-02.54.22:228][  0]LogConfig: Setting CVar [[r.AmbientOcclusionMaxQuality:100]]
[2022.03.12-02.54.22:228][  0]LogConfig: Setting CVar [[r.AmbientOcclusionLevels:-1]]
[2022.03.12-02.54.22:228][  0]LogConfig: Setting CVar [[r.AmbientOcclusionRadiusScale:1.0]]
[2022.03.12-02.54.22:228][  0]LogConfig: Setting CVar [[r.DepthOfFieldQuality:2]]
[2022.03.12-02.54.22:228][  0]LogConfig: Setting CVar [[r.RenderTargetPoolMin:400]]
[2022.03.12-02.54.22:228][  0]LogConfig: Setting CVar [[r.LensFlareQuality:2]]
[2022.03.12-02.54.22:228][  0]LogConfig: Setting CVar [[r.SceneColorFringeQuality:1]]
[2022.03.12-02.54.22:228][  0]LogConfig: Setting CVar [[r.EyeAdaptationQuality:2]]
[2022.03.12-02.54.22:228][  0]LogConfig: Setting CVar [[r.BloomQuality:5]]
[2022.03.12-02.54.22:228][  0]LogConfig: Setting CVar [[r.FastBlurThreshold:100]]
[2022.03.12-02.54.22:228][  0]LogConfig: Setting CVar [[r.Upscale.Quality:3]]
[2022.03.12-02.54.22:228][  0]LogConfig: Setting CVar [[r.Tonemapper.GrainQuantization:1]]
[2022.03.12-02.54.22:228][  0]LogConfig: Setting CVar [[r.LightShaftQuality:1]]
[2022.03.12-02.54.22:228][  0]LogConfig: Setting CVar [[r.Filter.SizeScale:1]]
[2022.03.12-02.54.22:228][  0]LogConfig: Setting CVar [[r.Tonemapper.Quality:5]]
[2022.03.12-02.54.22:228][  0]LogConfig: Setting CVar [[r.DOF.Gather.AccumulatorQuality:1        ; higher gathering accumulator quality]]
[2022.03.12-02.54.22:228][  0]LogConfig: Setting CVar [[r.DOF.Gather.PostfilterMethod:1          ; Median3x3 postfilering method]]
[2022.03.12-02.54.22:228][  0]LogConfig: Setting CVar [[r.DOF.Gather.EnableBokehSettings:0       ; no bokeh simulation when gathering]]
[2022.03.12-02.54.22:228][  0]LogConfig: Setting CVar [[r.DOF.Gather.RingCount:4                 ; medium number of samples when gathering]]
[2022.03.12-02.54.22:228][  0]LogConfig: Setting CVar [[r.DOF.Scatter.ForegroundCompositing:1    ; additive foreground scattering]]
[2022.03.12-02.54.22:228][  0]LogConfig: Setting CVar [[r.DOF.Scatter.BackgroundCompositing:2    ; additive background scattering]]
[2022.03.12-02.54.22:228][  0]LogConfig: Setting CVar [[r.DOF.Scatter.EnableBokehSettings:1      ; bokeh simulation when scattering]]
[2022.03.12-02.54.22:228][  0]LogConfig: Setting CVar [[r.DOF.Scatter.MaxSpriteRatio:0.1         ; only a maximum of 10% of scattered bokeh]]
[2022.03.12-02.54.22:228][  0]LogConfig: Setting CVar [[r.DOF.Recombine.Quality:1                ; cheap slight out of focus]]
[2022.03.12-02.54.22:228][  0]LogConfig: Setting CVar [[r.DOF.Recombine.EnableBokehSettings:0    ; no bokeh simulation on slight out of focus]]
[2022.03.12-02.54.22:228][  0]LogConfig: Setting CVar [[r.DOF.TemporalAAQuality:1                ; more stable temporal accumulation]]
[2022.03.12-02.54.22:228][  0]LogConfig: Setting CVar [[r.DOF.Kernel.MaxForegroundRadius:0.025]]
[2022.03.12-02.54.22:228][  0]LogConfig: Setting CVar [[r.DOF.Kernel.MaxBackgroundRadius:0.025]]
[2022.03.12-02.54.22:228][  0]LogConfig: Applying CVar settings from Section [TextureQuality@3] File [../../../SoftEngineerProject/Saved/Config/WindowsNoEditor/Scalability.ini]
[2022.03.12-02.54.22:228][  0]LogConfig: Setting CVar [[r.Streaming.MipBias:0]]
[2022.03.12-02.54.22:228][  0]LogConfig: Setting CVar [[r.Streaming.AmortizeCPUToGPUCopy:0]]
[2022.03.12-02.54.22:228][  0]LogConfig: Setting CVar [[r.Streaming.MaxNumTexturesToStreamPerFrame:0]]
[2022.03.12-02.54.22:228][  0]LogConfig: Setting CVar [[r.Streaming.Boost:1]]
[2022.03.12-02.54.22:228][  0]LogConfig: Setting CVar [[r.MaxAnisotropy:8]]
[2022.03.12-02.54.22:228][  0]LogConfig: Setting CVar [[r.VT.MaxAnisotropy:8]]
[2022.03.12-02.54.22:228][  0]LogConfig: Setting CVar [[r.Streaming.LimitPoolSizeToVRAM:0]]
[2022.03.12-02.54.22:228][  0]LogConfig: Setting CVar [[r.Streaming.PoolSize:1000]]
[2022.03.12-02.54.22:228][  0]LogConfig: Setting CVar [[r.Streaming.MaxEffectiveScreenSize:0]]
[2022.03.12-02.54.22:228][  0]LogConfig: Applying CVar settings from Section [EffectsQuality@3] File [../../../SoftEngineerProject/Saved/Config/WindowsNoEditor/Scalability.ini]
[2022.03.12-02.54.22:228][  0]LogConfig: Setting CVar [[r.TranslucencyLightingVolumeDim:64]]
[2022.03.12-02.54.22:228][  0]LogConfig: Setting CVar [[r.RefractionQuality:2]]
[2022.03.12-02.54.22:228][  0]LogConfig: Setting CVar [[r.SSR.Quality:3]]
[2022.03.12-02.54.22:228][  0]LogConfig: Setting CVar [[r.SSR.HalfResSceneColor:0]]
[2022.03.12-02.54.22:228][  0]LogConfig: Setting CVar [[r.SceneColorFormat:4]]
[2022.03.12-02.54.22:228][  0]LogConfig: Setting CVar [[r.DetailMode:2]]
[2022.03.12-02.54.22:228][  0]LogConfig: Setting CVar [[r.TranslucencyVolumeBlur:1]]
[2022.03.12-02.54.22:228][  0]LogConfig: Setting CVar [[r.MaterialQualityLevel:1 ; High quality]]
[2022.03.12-02.54.22:228][  0]LogConfig: Setting CVar [[r.AnisotropicMaterials:1]]
[2022.03.12-02.54.22:228][  0]LogConfig: Setting CVar [[r.SSS.Scale:1]]
[2022.03.12-02.54.22:228][  0]LogConfig: Setting CVar [[r.SSS.SampleSet:2]]
[2022.03.12-02.54.22:228][  0]LogConfig: Setting CVar [[r.SSS.Quality:1]]
[2022.03.12-02.54.22:228][  0]LogConfig: Setting CVar [[r.SSS.HalfRes:0]]
[2022.03.12-02.54.22:228][  0]LogConfig: Setting CVar [[r.SSGI.Quality:3]]
[2022.03.12-02.54.22:228][  0]LogConfig: Setting CVar [[r.EmitterSpawnRateScale:1.0]]
[2022.03.12-02.54.22:228][  0]LogConfig: Setting CVar [[r.ParticleLightQuality:2]]
[2022.03.12-02.54.22:228][  0]LogConfig: Setting CVar [[r.SkyAtmosphere.AerialPerspectiveLUT.FastApplyOnOpaque:1 ; Always have FastSkyLUT 1 in this case to avoid wrong sky]]
[2022.03.12-02.54.22:228][  0]LogConfig: Setting CVar [[r.SkyAtmosphere.AerialPerspectiveLUT.SampleCountMaxPerSlice:4]]
[2022.03.12-02.54.22:228][  0]LogConfig: Setting CVar [[r.SkyAtmosphere.AerialPerspectiveLUT.DepthResolution:16.0]]
[2022.03.12-02.54.22:228][  0]LogConfig: Setting CVar [[r.SkyAtmosphere.FastSkyLUT:1]]
[2022.03.12-02.54.22:228][  0]LogConfig: Setting CVar [[r.SkyAtmosphere.FastSkyLUT.SampleCountMin:4.0]]
[2022.03.12-02.54.22:228][  0]LogConfig: Setting CVar [[r.SkyAtmosphere.FastSkyLUT.SampleCountMax:128.0]]
[2022.03.12-02.54.22:229][  0]LogConfig: Setting CVar [[r.SkyAtmosphere.SampleCountMin:4.0]]
[2022.03.12-02.54.22:229][  0]LogConfig: Setting CVar [[r.SkyAtmosphere.SampleCountMax:128.0]]
[2022.03.12-02.54.22:229][  0]LogConfig: Setting CVar [[r.SkyAtmosphere.TransmittanceLUT.UseSmallFormat:0]]
[2022.03.12-02.54.22:229][  0]LogConfig: Setting CVar [[r.SkyAtmosphere.TransmittanceLUT.SampleCount:10.0]]
[2022.03.12-02.54.22:229][  0]LogConfig: Setting CVar [[r.SkyAtmosphere.MultiScatteringLUT.SampleCount:15.0]]
[2022.03.12-02.54.22:229][  0]LogConfig: Setting CVar [[r.SkyLight.RealTimeReflectionCapture:1]]
[2022.03.12-02.54.22:229][  0]LogConfig: Setting CVar [[fx.Niagara.QualityLevel:3]]
[2022.03.12-02.54.22:229][  0]LogConfig: Applying CVar settings from Section [FoliageQuality@3] File [../../../SoftEngineerProject/Saved/Config/WindowsNoEditor/Scalability.ini]
[2022.03.12-02.54.22:229][  0]LogConfig: Setting CVar [[foliage.DensityScale:1.0]]
[2022.03.12-02.54.22:229][  0]LogConfig: Setting CVar [[grass.DensityScale:1.0]]
[2022.03.12-02.54.22:229][  0]LogConfig: Applying CVar settings from Section [ShadingQuality@3] File [../../../SoftEngineerProject/Saved/Config/WindowsNoEditor/Scalability.ini]
[2022.03.12-02.54.22:229][  0]LogConfig: Setting CVar [[r.HairStrands.SkyLighting.IntegrationType:2]]
[2022.03.12-02.54.22:229][  0]LogConfig: Setting CVar [[r.HairStrands.SkyAO.SampleCount:4]]
[2022.03.12-02.54.22:229][  0]LogConfig: Setting CVar [[r.HairStrands.Visibility.MSAA.SamplePerPixel:4]]
[2022.03.12-02.54.22:229][  0]LogConfig: Applying CVar settings from Section [Startup] File [../../../Engine/Config/ConsoleVariables.ini]
[2022.03.12-02.54.22:229][  0]LogConfig: Setting CVar [[net.UseAdaptiveNetUpdateFrequency:0]]
[2022.03.12-02.54.22:229][  0]LogConfig: Setting CVar [[p.chaos.AllowCreatePhysxBodies:1]]
[2022.03.12-02.54.22:229][  0]LogConfig: Setting CVar [[fx.SkipVectorVMBackendOptimizations:1]]
[2022.03.12-02.54.22:229][  0]LogConfig: Applying CVar settings from Section [ConsoleVariables] File [../../../SoftEngineerProject/Saved/Config/WindowsNoEditor/Engine.ini]
[2022.03.12-02.54.22:229][  0]LogInit: Computer: DESKTOP-VKB102S
[2022.03.12-02.54.22:229][  0]LogInit: User: 86137
[2022.03.12-02.54.22:229][  0]LogInit: CPU Page size=4096, Cores=4
[2022.03.12-02.54.22:229][  0]LogInit: High frequency timer resolution =10.000000 MHz
[2022.03.12-02.54.22:229][  0]LogMemory: Memory total: Physical=19.8GB (20GB approx)
[2022.03.12-02.54.22:229][  0]LogMemory: Platform Memory Stats for WindowsNoEditor
[2022.03.12-02.54.22:229][  0]LogMemory: Process Physical Memory: 117.88 MB used, 117.89 MB peak
[2022.03.12-02.54.22:229][  0]LogMemory: Process Virtual Memory: 81.71 MB used, 81.71 MB peak
[2022.03.12-02.54.22:229][  0]LogMemory: Physical Memory: 8440.91 MB used,  11883.92 MB free, 20324.83 MB total
[2022.03.12-02.54.22:229][  0]LogMemory: Virtual Memory: 134207136.00 MB used,  10588.81 MB free, 134217728.00 MB total
[2022.03.12-02.54.22:236][  0]LogWindows: WindowsPlatformFeatures enabled
[2022.03.12-02.54.22:355][  0]LogInit: Physics initialised using underlying interface: PhysX
[2022.03.12-02.54.22:355][  0]LogInit: Using OS detected language (zh-CN).
[2022.03.12-02.54.22:355][  0]LogInit: Using OS detected locale (zh-CN).
[2022.03.12-02.54.22:356][  0]LogTextLocalizationManager: No localization for 'zh-CN' exists, so 'en' will be used for the language.
[2022.03.12-02.54.22:356][  0]LogTextLocalizationManager: No localization for 'zh-CN' exists, so 'en' will be used for the locale.
[2022.03.12-02.54.22:397][  0]LogWindowsTextInputMethodSystem: Display: IME system deactivated.
[2022.03.12-02.54.22:434][  0]LogSlate: New Slate User Created.  User Index 0, Is Virtual User: 0
[2022.03.12-02.54.22:434][  0]LogSlate: Slate User Registered.  User Index 0, Is Virtual User: 0
[2022.03.12-02.54.22:474][  0]LogD3D11RHI: Loaded GFSDK_Aftermath_Lib.x64.dll
[2022.03.12-02.54.22:490][  0]LogHMD: Failed to initialize OpenVR with code 110
[2022.03.12-02.54.22:490][  0]LogD3D11RHI: D3D11 min allowed feature level: 11_0
[2022.03.12-02.54.22:490][  0]LogD3D11RHI: D3D11 max allowed feature level: 11_0
[2022.03.12-02.54.22:490][  0]LogD3D11RHI: D3D11 adapters:
[2022.03.12-02.54.23:210][  0]LogD3D11RHI:    0. 'NVIDIA GeForce GTX 1650' (Feature Level 11_0)
[2022.03.12-02.54.23:210][  0]LogD3D11RHI:       3962/0/10162 MB DedicatedVideo/DedicatedSystem/SharedSystem, Outputs:1, VendorId:0x10de
[2022.03.12-02.54.23:481][  0]LogD3D11RHI:    1. 'Intel(R) UHD Graphics 630' (Feature Level 11_0)
[2022.03.12-02.54.23:482][  0]LogD3D11RHI:       128/0/10162 MB DedicatedVideo/DedicatedSystem/SharedSystem, Outputs:0, VendorId:0x8086
[2022.03.12-02.54.23:485][  0]LogD3D11RHI:    2. 'Microsoft Basic Render Driver' (Feature Level 11_0)
[2022.03.12-02.54.23:485][  0]LogD3D11RHI:       0/0/10162 MB DedicatedVideo/DedicatedSystem/SharedSystem, Outputs:0, VendorId:0x1414
[2022.03.12-02.54.23:485][  0]LogD3D11RHI: Chosen D3D11 Adapter:
[2022.03.12-02.54.23:485][  0]LogD3D11RHI:     Description : NVIDIA GeForce GTX 1650
[2022.03.12-02.54.23:485][  0]LogD3D11RHI:     VendorId    : 10de
[2022.03.12-02.54.23:485][  0]LogD3D11RHI:     DeviceId    : 1f91
[2022.03.12-02.54.23:485][  0]LogD3D11RHI:     SubSysId    : 9491028
[2022.03.12-02.54.23:485][  0]LogD3D11RHI:     Revision    : 00a1
[2022.03.12-02.54.23:485][  0]LogD3D11RHI:     DedicatedVideoMemory : 4154458112 bytes
[2022.03.12-02.54.23:485][  0]LogD3D11RHI:     DedicatedSystemMemory : 0 bytes
[2022.03.12-02.54.23:485][  0]LogD3D11RHI:     SharedSystemMemory : 10656065536 bytes
[2022.03.12-02.54.23:485][  0]LogD3D11RHI:     AdapterLuid : 0 79543
[2022.03.12-02.54.23:492][  0]LogD3D11RHI: Creating new Direct3DDevice
[2022.03.12-02.54.23:492][  0]LogD3D11RHI:     GPU DeviceId: 0x1f91 (for the marketing name, search the web for "GPU Device Id")
[2022.03.12-02.54.23:492][  0]LogWindows: EnumDisplayDevices:
[2022.03.12-02.54.23:493][  0]LogWindows:    0. 'Intel(R) UHD Graphics 630' (P:1 D:1)
[2022.03.12-02.54.23:494][  0]LogWindows:    1. 'Intel(R) UHD Graphics 630' (P:0 D:0)
[2022.03.12-02.54.23:495][  0]LogWindows:    2. 'Intel(R) UHD Graphics 630' (P:0 D:0)
[2022.03.12-02.54.23:496][  0]LogWindows:    3. 'NVIDIA GeForce GTX 1650' (P:0 D:0)
[2022.03.12-02.54.23:497][  0]LogWindows: DebugString: PrimaryIsNotTheChoosenAdapter PrimaryIsNotTheChoosenAdapter PrimaryIsNotTheChoosenAdapter 
[2022.03.12-02.54.23:497][  0]LogD3D11RHI:     Adapter Name: NVIDIA GeForce GTX 1650
[2022.03.12-02.54.23:497][  0]LogD3D11RHI:   Driver Version: 496.13 (internal:30.0.14.9613, unified:496.13)
[2022.03.12-02.54.23:497][  0]LogD3D11RHI:      Driver Date: 10-6-2021
[2022.03.12-02.54.23:497][  0]LogRHI: Texture pool is 2773 MB (70% of 3962 MB)
[2022.03.12-02.54.23:497][  0]LogD3D11RHI: Creating D3DDevice using adapter:
[2022.03.12-02.54.23:497][  0]LogD3D11RHI:     Description : NVIDIA GeForce GTX 1650
[2022.03.12-02.54.23:497][  0]LogD3D11RHI:     VendorId    : 10de
[2022.03.12-02.54.23:497][  0]LogD3D11RHI:     DeviceId    : 1f91
[2022.03.12-02.54.23:497][  0]LogD3D11RHI:     SubSysId    : 9491028
[2022.03.12-02.54.23:497][  0]LogD3D11RHI:     Revision    : 00a1
[2022.03.12-02.54.23:497][  0]LogD3D11RHI:     DedicatedVideoMemory : 4154458112 bytes
[2022.03.12-02.54.23:497][  0]LogD3D11RHI:     DedicatedSystemMemory : 0 bytes
[2022.03.12-02.54.23:497][  0]LogD3D11RHI:     SharedSystemMemory : 10656065536 bytes
[2022.03.12-02.54.23:497][  0]LogD3D11RHI:     AdapterLuid : 0 79543
[2022.03.12-02.54.24:080][  0]LogD3D11RHI: RHI has support for 64 bit atomics
[2022.03.12-02.54.24:080][  0]LogD3D11RHI: Async texture creation enabled
[2022.03.12-02.54.24:080][  0]LogD3D11RHI: Array index from any shader is supported
[2022.03.12-02.54.24:102][  0]LogD3D11RHI: GPU Timing Frequency: 1000.000000 (Debug: 2 1)
[2022.03.12-02.54.24:195][  0]LogRHI: GeForceNow SDK initialized: 1
[2022.03.12-02.54.24:195][  0]LogRendererCore: Ray tracing is disabled. Reason: r.RayTracing=0.
[2022.03.12-02.54.24:195][  0]LogODSC: ODSC Thread active.
[2022.03.12-02.54.24:226][  0]LogSlate: Using FreeType 2.10.0
[2022.03.12-02.54.24:227][  0]LogSlate: SlateFontServices - WITH_FREETYPE: 1, WITH_HARFBUZZ: 1
[2022.03.12-02.54.24:382][  0]LogInit: Using OS detected language (zh-CN).
[2022.03.12-02.54.24:382][  0]LogInit: Using OS detected locale (zh-CN).
[2022.03.12-02.54.24:382][  0]LogTextLocalizationManager: No localization for 'zh-CN' exists, so 'en' will be used for the language.
[2022.03.12-02.54.24:383][  0]LogTextLocalizationManager: No localization for 'zh-CN' exists, so 'en' will be used for the locale.
[2022.03.12-02.54.24:384][  0]LogAssetRegistry: FAssetRegistry took 0.0012 seconds to start up
[2022.03.12-02.54.24:483][  0]LogTextLocalizationManager: Compacting localization data took   1.51ms
[2022.03.12-02.54.24:483][  0]LogCollisionProfile: Warning: Profile (Pawn) - Custom Channel Name = 'Grabbable' hasn't been found
[2022.03.12-02.54.24:483][  0]LogCollisionProfile: Warning: Profile (Spectator) - Custom Channel Name = 'Grabbable' hasn't been found
[2022.03.12-02.54.24:483][  0]LogCollisionProfile: Warning: Profile (CharacterMesh) - Custom Channel Name = 'Grabbable' hasn't been found
[2022.03.12-02.54.24:483][  0]LogCollisionProfile: Warning: Profile (InvisibleWall) - Custom Channel Name = 'Grabbable' hasn't been found
[2022.03.12-02.54.24:483][  0]LogCollisionProfile: Warning: Profile (InvisibleWallDynamic) - Custom Channel Name = 'Grabbable' hasn't been found
[2022.03.12-02.54.24:483][  0]LogCollisionProfile: Warning: Profile (Trigger) - Custom Channel Name = 'Grabbable' hasn't been found
[2022.03.12-02.54.24:483][  0]LogCollisionProfile: Warning: Profile (Ragdoll) - Custom Channel Name = 'Grabbable' hasn't been found
[2022.03.12-02.54.24:483][  0]LogCollisionProfile: Warning: Profile (UI) - Custom Channel Name = 'Grabbable' hasn't been found
[2022.03.12-02.54.24:483][  0]LogCollisionProfile: Warning: Profile (ALS_Character) - Custom Channel Name = 'Grabbable' hasn't been found
[2022.03.12-02.54.24:483][  0]LogCollisionProfile: Warning: Profile (ALS_Prop) - Custom Channel Name = 'Grabbable' hasn't been found
[2022.03.12-02.54.24:485][  0]LogStreaming: Display: FlushAsyncLoading: 1 QueuedPackages, 0 AsyncPackages
[2022.03.12-02.54.24:485][  0]LogPackageLocalizationCache: Processed 26 localized package path(s) for 1 prioritized culture(s) in 0.000147 seconds
[2022.03.12-02.54.24:496][  0]LogSerialization: Display: AllowBulkDataInIoStore: 'true'
[2022.03.12-02.54.24:497][  0]LogInit: Selected Device Profile: [WindowsNoEditor]
[2022.03.12-02.54.24:498][  0]LogInit: Active device profile: [0000027E819DB140][0000027EF1CA0010 49] WindowsNoEditor
[2022.03.12-02.54.24:498][  0]LogInit: Profiles: [0000027E819DAFC0][0000027E8112DB70 49] Windows, [0000027E819DB140][0000027EF1CA0010 49] WindowsNoEditor, 
[2022.03.12-02.54.24:542][  0]LogNetVersion: SoftEngineerProject 1.0.0, NetCL: 17155196, EngineNetVer: 17, GameNetVer: 0 (Checksum: 769279847)
[2022.03.12-02.54.24:598][  0]LogAudioCaptureCore: Display: No Audio Capture implementations found. Audio input will be silent.
[2022.03.12-02.54.24:598][  0]LogAudioCaptureCore: Display: No Audio Capture implementations found. Audio input will be silent.
[2022.03.12-02.54.24:599][  0]LogHMD: PokeAHoleMaterial loaded successfully
[2022.03.12-02.54.24:628][  0]LogMoviePlayer: Initializing movie player
[2022.03.12-02.54.24:629][  0]LogNiagaraDebuggerClient: Niagara Debugger Client Initialized | Session: A1F6D2194A112D6837464F9D7FBBFF76 | Instance: 415A39DE4E2A01A540FA82BE81963199 (DESKTOP-VKB102S-3064).
[2022.03.12-02.54.24:632][  0]LogAndroidPermission: UAndroidPermissionCallbackProxy::GetInstance
[2022.03.12-02.54.24:632][  0]LogOcInput: OculusInput pre-init called
[2022.03.12-02.54.24:636][  0]LogUObjectArray: 15808 objects as part of root set at end of initial load.
[2022.03.12-02.54.24:636][  0]LogUObjectArray: 2 objects are not in the root set, but can never be destroyed because they are in the DisregardForGC set.
[2022.03.12-02.54.24:636][  0]LogUObjectAllocator: 3223144 out of 0 bytes used by permanent object pool.
[2022.03.12-02.54.24:636][  0]LogUObjectArray: CloseDisregardForGC: 15808/15808 objects in disregard for GC pool
[2022.03.12-02.54.24:637][  0]LogEngine: Initializing Engine...
[2022.03.12-02.54.24:639][  0]LogHMD: Failed to enumerate extensions. Please check that you have a valid OpenXR runtime installed.
[2022.03.12-02.54.24:640][  0]LogHMD: Failed to initialize OpenVR with code 110
[2022.03.12-02.54.24:641][  0]LogStats: UGameplayTagsManager::InitializeManager -  0.000 s
[2022.03.12-02.54.24:712][  0]LogInit: Initializing FReadOnlyCVARCache
[2022.03.12-02.54.24:712][  0]LogAudio: Display: Initializing Audio Device Manager...
[2022.03.12-02.54.24:712][  0]LogAudio: Display: Loading Default Audio Settings Objects...
[2022.03.12-02.54.24:712][  0]LogAudio: Display: No default SoundConcurrencyObject specified (or failed to load).
[2022.03.12-02.54.24:713][  0]LogAudio: Display: Audio Device Manager Initialized
[2022.03.12-02.54.24:713][  0]LogAudio: Display: Creating Audio Device:                 Id: 1, Scope: Shared, Realtime: True
[2022.03.12-02.54.24:713][  0]LogAudioMixer: Display: Audio Mixer Platform Settings:
[2022.03.12-02.54.24:713][  0]LogAudioMixer: Display: 	Sample Rate:						  48000
[2022.03.12-02.54.24:713][  0]LogAudioMixer: Display: 	Callback Buffer Frame Size Requested: 1024
[2022.03.12-02.54.24:713][  0]LogAudioMixer: Display: 	Callback Buffer Frame Size To Use:	  1024
[2022.03.12-02.54.24:713][  0]LogAudioMixer: Display: 	Number of buffers to queue:			  2
[2022.03.12-02.54.24:713][  0]LogAudioMixer: Display: 	Max Channels (voices):				  32
[2022.03.12-02.54.24:713][  0]LogAudioMixer: Display: 	Number of Async Source Workers:		  0
[2022.03.12-02.54.24:713][  0]LogAudio: Display: AudioDevice MaxSources: 32
[2022.03.12-02.54.24:713][  0]LogAudio: Display: Audio Spatialization Plugin: None (built-in).
[2022.03.12-02.54.24:713][  0]LogAudio: Display: Audio Reverb Plugin: None (built-in).
[2022.03.12-02.54.24:713][  0]LogAudio: Display: Audio Occlusion Plugin: None (built-in).
[2022.03.12-02.54.24:713][  0]LogAudioMixer: Display: Initializing audio mixer.
[2022.03.12-02.54.24:721][  0]LogAudioDebug: Display: Lib vorbis DLL was dynamically loaded.
[2022.03.12-02.54.24:757][  0]LogAudioMixer: Display: 0: FrontLeft
[2022.03.12-02.54.24:757][  0]LogAudioMixer: Display: 1: FrontRight
[2022.03.12-02.54.24:854][  0]LogAudioMixer: Display: Using Audio Device 扬声器 (Realtek(R) Audio)
[2022.03.12-02.54.24:854][  0]LogAudioMixer: Display: Initializing Sound Submixes...
[2022.03.12-02.54.24:856][  0]LogAudioMixer: Display: Creating Master Submix 'MasterSubmixDefault'
[2022.03.12-02.54.24:856][  0]LogAudioMixer: Display: Creating Master Submix 'MasterReverbSubmixDefault'
[2022.03.12-02.54.24:858][  0]LogAudioMixer: Display: Creating Master Submix 'MasterEQSubmixDefault'
[2022.03.12-02.54.24:858][  0]LogAudioMixer: FMixerPlatformXAudio2::StartAudioStream() called
[2022.03.12-02.54.24:858][  0]LogAudioMixer: Display: Output buffers initialized: Frames=1024, Channels=2, Samples=2048
[2022.03.12-02.54.24:859][  0]LogAudioMixer: Display: Starting AudioMixerPlatformInterface::RunInternal()
[2022.03.12-02.54.24:859][  0]LogAudioMixer: Display: FMixerPlatformXAudio2::SubmitBuffer() called for the first time
[2022.03.12-02.54.24:859][  0]LogInit: FAudioDevice initialized.
[2022.03.12-02.54.24:859][  0]LogNetVersion: Set ProjectVersion to 1.0.0.0. Version Checksum will be recalculated on next use.
[2022.03.12-02.54.24:860][  0]LogInit: Texture streaming: Enabled
[2022.03.12-02.54.24:863][  0]LogAudio: Display: Audio Device (ID: 1) registered with world 'Untitled'.
[2022.03.12-02.54.24:863][  0]LogSlate: Updating window title bar state: overlay mode, drag disabled, window buttons hidden, title bar hidden
[2022.03.12-02.54.24:864][  0]LogInit: Display: Game Engine Initialized.
[2022.03.12-02.54.24:865][  0]LogInit: Display: Starting Game.
[2022.03.12-02.54.24:865][  0]LogNet: Browse: /Game/MainContent/Map/StartUIMap?Name=Player
[2022.03.12-02.54.24:865][  0]LogLoad: LoadMap: /Game/MainContent/Map/StartUIMap?Name=Player
[2022.03.12-02.54.24:865][  0]LogWorld: BeginTearingDown for /Temp/Untitled_0
[2022.03.12-02.54.24:866][  0]LogWorld: UWorld::CleanupWorld for Untitled, bSessionEnded=true, bCleanupResources=true
[2022.03.12-02.54.24:866][  0]LogSlate: InvalidateAllWidgets triggered.  All widgets were invalidated
[2022.03.12-02.54.24:869][  0]LogAudio: Display: Audio Device unregistered from world 'None'.
[2022.03.12-02.54.24:870][  0]LogUObjectHash: Compacting FUObjectHashTables data took   0.85ms
[2022.03.12-02.54.25:028][  0]LogAudio: Display: Audio Device (ID: 1) registered with world 'StartUIMap'.
[2022.03.12-02.54.25:030][  0]LogAIModule: Creating AISystem for world StartUIMap
[2022.03.12-02.54.25:031][  0]LogLoad: Game class is 'BPGameMode_C'
[2022.03.12-02.54.25:033][  0]LogWorld: Bringing World /Game/MainContent/Map/StartUIMap.StartUIMap up for play (max tick rate 0) at 2022.03.12-10.54.25
[2022.03.12-02.54.25:033][  0]LogWorld: Bringing up level for play took: 0.000794
[2022.03.12-02.54.25:039][  0]LogSlate: Took 0.000411 seconds to synchronously load lazily loaded font '../../../Engine/Content/Slate/Fonts/Roboto-Regular.ttf' (155K)
[2022.03.12-02.54.25:042][  0]LogSlate: Took 0.002420 seconds to synchronously load lazily loaded font '../../../Engine/Content/Slate/Fonts/DroidSansFallback.ttf' (3848K)
[2022.03.12-02.54.25:045][  0]LogLoad: Took 0.180507 seconds to LoadMap(/Game/MainContent/Map/StartUIMap)
[2022.03.12-02.54.25:197][  0]LogRenderer: Reallocating scene render targets to support 1536x864 Format 10 NumSamples 1 (Frame:1).
[2022.03.12-02.54.25:197][  0]LogInit: Display: Engine is initialized. Leaving FEngineLoop::Init()
[2022.03.12-02.54.25:197][  0]LogLoad: (Engine Initialization) Total time: 3.35 seconds
[2022.03.12-02.54.25:201][  0]LogContentStreaming: Texture pool size now 1000 MB
[2022.03.12-02.54.25:210][  1]AnimBlueprintLog: Warning: Trying to play a non-additive animation 'ALS_N_FallLoop' into a pose that is expected to be additive in anim instance 'ALS_AnimBP_C /Game/MainContent/Map/StartUIMap.StartUIMap:PersistentLevel.MainChar_C_2147482530.CharacterMesh0.ALS_AnimBP_C_2147482528'
[2022.03.12-02.54.25:210][  1]AnimBlueprintLog: Warning: Trying to play a non-additive animation 'ALS_N_FallLoop_Fast' into a pose that is expected to be additive in anim instance 'ALS_AnimBP_C /Game/MainContent/Map/StartUIMap.StartUIMap:PersistentLevel.MainChar_C_2147482530.CharacterMesh0.ALS_AnimBP_C_2147482528'
[2022.03.12-02.54.25:900][ 99]AnimBlueprintLog: Warning: Trying to play a non-additive animation 'ALS_Flail' into a pose that is expected to be additive in anim instance 'ALS_AnimBP_C /Game/MainContent/Map/StartUIMap.StartUIMap:PersistentLevel.MainChar_C_2147482530.CharacterMesh0.ALS_AnimBP_C_2147482528'
[2022.03.12-02.54.26:344][167]AnimBlueprintLog: Warning: Trying to play a non-additive animation 'ALS_N_Land_Heavy' into a pose that is expected to be additive in anim instance 'ALS_AnimBP_C /Game/MainContent/Map/StartUIMap.StartUIMap:PersistentLevel.MainChar_C_2147482530.CharacterMesh0.ALS_AnimBP_C_2147482528'
[2022.03.12-02.54.27:467][341]LogNet: Browse: /Game/MainContent/Map/GuideMap
[2022.03.12-02.54.27:467][341]LogLoad: LoadMap: /Game/MainContent/Map/GuideMap
[2022.03.12-02.54.27:467][341]LogWorld: BeginTearingDown for /Game/MainContent/Map/StartUIMap
[2022.03.12-02.54.27:468][341]LogWorld: UWorld::CleanupWorld for StartUIMap, bSessionEnded=true, bCleanupResources=true
[2022.03.12-02.54.27:469][341]LogSlate: InvalidateAllWidgets triggered.  All widgets were invalidated
[2022.03.12-02.54.27:504][341]LogAudio: Display: Waited 35.728699 ms for audio thread.
[2022.03.12-02.54.27:506][341]LogAudio: Display: Waited 38.460499 ms for audio thread.
[2022.03.12-02.54.27:509][341]LogAudio: Display: Audio Device unregistered from world 'None'.
[2022.03.12-02.54.27:515][341]LogUObjectHash: Compacting FUObjectHashTables data took   1.05ms
[2022.03.12-02.54.27:518][341]LogStreaming: Display: FlushAsyncLoading: 1 QueuedPackages, 0 AsyncPackages
[2022.03.12-02.54.27:795][341]LogAudio: Display: Audio Device (ID: 1) registered with world 'GuideMap'.
[2022.03.12-02.54.27:796][341]LogAIModule: Creating AISystem for world GuideMap
[2022.03.12-02.54.27:796][341]LogLoad: Game class is 'BPGameMode_C'
[2022.03.12-02.54.27:803][341]LogWorld: Bringing World /Game/MainContent/Map/GuideMap.GuideMap up for play (max tick rate 0) at 2022.03.12-10.54.27
[2022.03.12-02.54.27:836][341]LogWorld: Bringing up level for play took: 0.038636
[2022.03.12-02.54.27:843][341]LogLoad: Took 0.375984 seconds to LoadMap(/Game/MainContent/Map/GuideMap)
[2022.03.12-02.54.27:845][341]AnimBlueprintLog: Warning: Trying to play a non-additive animation 'ALS_N_FallLoop' into a pose that is expected to be additive in anim instance 'ALS_AnimBP_C /Game/MainContent/Map/GuideMap.GuideMap:PersistentLevel.MainChar_C_2147482435.CharacterMesh0.ALS_AnimBP_C_2147482433'
[2022.03.12-02.54.27:845][341]AnimBlueprintLog: Warning: Trying to play a non-additive animation 'ALS_N_FallLoop_Fast' into a pose that is expected to be additive in anim instance 'ALS_AnimBP_C /Game/MainContent/Map/GuideMap.GuideMap:PersistentLevel.MainChar_C_2147482435.CharacterMesh0.ALS_AnimBP_C_2147482433'
[2022.03.12-02.54.28:102][359]AnimBlueprintLog: Warning: Trying to play a non-additive animation 'ALS_Flail' into a pose that is expected to be additive in anim instance 'ALS_AnimBP_C /Game/MainContent/Map/GuideMap.GuideMap:PersistentLevel.MainChar_C_2147482435.CharacterMesh0.ALS_AnimBP_C_2147482433'
[2022.03.12-02.54.28:420][394]AnimBlueprintLog: Warning: Trying to play a non-additive animation 'ALS_N_Land_Light' into a pose that is expected to be additive in anim instance 'ALS_AnimBP_C /Game/MainContent/Map/GuideMap.GuideMap:PersistentLevel.MainChar_C_2147482435.CharacterMesh0.ALS_AnimBP_C_2147482433'
[2022.03.12-02.54.28:420][394]AnimBlueprintLog: Warning: Trying to play a non-additive animation 'ALS_N_Land_Heavy' into a pose that is expected to be additive in anim instance 'ALS_AnimBP_C /Game/MainContent/Map/GuideMap.GuideMap:PersistentLevel.MainChar_C_2147482435.CharacterMesh0.ALS_AnimBP_C_2147482433'
[2022.03.12-02.54.29:499][516]AnimBlueprintLog: Warning: Trying to play a non-additive animation 'ALS_N_to_CLF' into a pose that is expected to be additive in anim instance 'ALS_AnimBP_C /Game/MainContent/Map/GuideMap.GuideMap:PersistentLevel.DemonstrationChar_C_2147482387.CharacterMesh0.ALS_AnimBP_C_2147482385'
[2022.03.12-02.54.31:497][714]AnimBlueprintLog: Warning: Trying to play a non-additive animation 'ALS_N_to_CLF' into a pose that is expected to be additive in anim instance 'ALS_AnimBP_C /Game/MainContent/Map/GuideMap.GuideMap:PersistentLevel.DemonstrationChar_C_2147482269.CharacterMesh0.ALS_AnimBP_C_2147482268'
[2022.03.12-02.54.33:494][893]AnimBlueprintLog: Warning: Trying to play a non-additive animation 'ALS_N_to_CLF' into a pose that is expected to be additive in anim instance 'ALS_AnimBP_C /Game/MainContent/Map/GuideMap.GuideMap:PersistentLevel.DemonstrationChar_C_2147482157.CharacterMesh0.ALS_AnimBP_C_2147482156'
[2022.03.12-02.54.33:799][918]AnimBlueprintLog: Warning: Trying to play a non-additive animation 'ALS_N_FallLoop' into a pose that is expected to be additive in anim instance 'ALS_AnimBP_C /Game/MainContent/Map/GuideMap.GuideMap:PersistentLevel.DemonstrationChar_C_2147482331.CharacterMesh0.ALS_AnimBP_C_2147482330'
[2022.03.12-02.54.33:799][918]AnimBlueprintLog: Warning: Trying to play a non-additive animation 'ALS_N_FallLoop_Fast' into a pose that is expected to be additive in anim instance 'ALS_AnimBP_C /Game/MainContent/Map/GuideMap.GuideMap:PersistentLevel.DemonstrationChar_C_2147482331.CharacterMesh0.ALS_AnimBP_C_2147482330'
[2022.03.12-02.54.33:799][918]AnimBlueprintLog: Warning: Trying to play a non-additive animation 'ALS_N_FallLoop' into a pose that is expected to be additive in anim instance 'ALS_AnimBP_C /Game/MainContent/Map/GuideMap.GuideMap:PersistentLevel.DemonstrationChar_C_2147482218.CharacterMesh0.ALS_AnimBP_C_2147482217'
[2022.03.12-02.54.33:799][918]AnimBlueprintLog: Warning: Trying to play a non-additive animation 'ALS_N_FallLoop_Fast' into a pose that is expected to be additive in anim instance 'ALS_AnimBP_C /Game/MainContent/Map/GuideMap.GuideMap:PersistentLevel.DemonstrationChar_C_2147482218.CharacterMesh0.ALS_AnimBP_C_2147482217'
[2022.03.12-02.54.35:505][ 53]AnimBlueprintLog: Warning: Trying to play a non-additive animation 'ALS_N_to_CLF' into a pose that is expected to be additive in anim instance 'ALS_AnimBP_C /Game/MainContent/Map/GuideMap.GuideMap:PersistentLevel.DemonstrationChar_C_2147482036.CharacterMesh0.ALS_AnimBP_C_2147482035'
[2022.03.12-02.54.35:994][ 86]AnimBlueprintLog: Warning: Trying to play a non-additive animation 'ALS_N_FallLoop' into a pose that is expected to be additive in anim instance 'ALS_AnimBP_C /Game/MainContent/Map/GuideMap.GuideMap:PersistentLevel.DemonstrationChar_C_2147482297.CharacterMesh0.ALS_AnimBP_C_2147482296'
[2022.03.12-02.54.37:491][197]AnimBlueprintLog: Warning: Trying to play a non-additive animation 'ALS_N_FallLoop' into a pose that is expected to be additive in anim instance 'ALS_AnimBP_C /Game/MainContent/Map/GuideMap.GuideMap:PersistentLevel.DemonstrationChar_C_2147482184.CharacterMesh0.ALS_AnimBP_C_2147482183'
[2022.03.12-02.54.37:513][197]AnimBlueprintLog: Warning: Trying to play a non-additive animation 'ALS_N_to_CLF' into a pose that is expected to be additive in anim instance 'ALS_AnimBP_C /Game/MainContent/Map/GuideMap.GuideMap:PersistentLevel.DemonstrationChar_C_2147481918.CharacterMesh0.ALS_AnimBP_C_2147481917'
[2022.03.12-02.54.39:512][341]AnimBlueprintLog: Warning: Trying to play a non-additive animation 'ALS_N_to_CLF' into a pose that is expected to be additive in anim instance 'ALS_AnimBP_C /Game/MainContent/Map/GuideMap.GuideMap:PersistentLevel.DemonstrationChar_C_2147481801.CharacterMesh0.ALS_AnimBP_C_2147481800'
[2022.03.12-02.54.39:794][361]AnimBlueprintLog: Warning: Trying to play a non-additive animation 'ALS_N_FallLoop' into a pose that is expected to be additive in anim instance 'ALS_AnimBP_C /Game/MainContent/Map/GuideMap.GuideMap:PersistentLevel.DemonstrationChar_C_2147481867.CharacterMesh0.ALS_AnimBP_C_2147481866'
[2022.03.12-02.54.39:806][362]AnimBlueprintLog: Warning: Trying to play a non-additive animation 'ALS_N_FallLoop_Fast' into a pose that is expected to be additive in anim instance 'ALS_AnimBP_C /Game/MainContent/Map/GuideMap.GuideMap:PersistentLevel.DemonstrationChar_C_2147481867.CharacterMesh0.ALS_AnimBP_C_2147481866'
[2022.03.12-02.54.40:274][395]AnimBlueprintLog: Warning: Trying to play a non-additive animation 'ALS_N_FallLoop' into a pose that is expected to be additive in anim instance 'ALS_AnimBP_C /Game/MainContent/Map/GuideMap.GuideMap:PersistentLevel.DemonstrationChar_C_2147481985.CharacterMesh0.ALS_AnimBP_C_2147481984'
[2022.03.12-02.54.40:274][395]AnimBlueprintLog: Warning: Trying to play a non-additive animation 'ALS_N_FallLoop_Fast' into a pose that is expected to be additive in anim instance 'ALS_AnimBP_C /Game/MainContent/Map/GuideMap.GuideMap:PersistentLevel.DemonstrationChar_C_2147481985.CharacterMesh0.ALS_AnimBP_C_2147481984'
[2022.03.12-02.54.40:486][411]AnimBlueprintLog: Warning: Trying to play a non-additive animation 'ALS_Flail' into a pose that is expected to be additive in anim instance 'ALS_AnimBP_C /Game/MainContent/Map/GuideMap.GuideMap:PersistentLevel.DemonstrationChar_C_2147481985.CharacterMesh0.ALS_AnimBP_C_2147481984'
[2022.03.12-02.54.40:486][411]AnimBlueprintLog: Warning: Trying to play a non-additive animation 'ALS_Flail' into a pose that is expected to be additive in anim instance 'ALS_AnimBP_C /Game/MainContent/Map/GuideMap.GuideMap:PersistentLevel.DemonstrationChar_C_2147481867.CharacterMesh0.ALS_AnimBP_C_2147481866'
[2022.03.12-02.54.41:512][487]AnimBlueprintLog: Warning: Trying to play a non-additive animation 'ALS_N_to_CLF' into a pose that is expected to be additive in anim instance 'ALS_AnimBP_C /Game/MainContent/Map/GuideMap.GuideMap:PersistentLevel.DemonstrationChar_C_2147481681.CharacterMesh0.ALS_AnimBP_C_2147481680'
[2022.03.12-02.54.41:987][522]AnimBlueprintLog: Warning: Trying to play a non-additive animation 'ALS_N_FallLoop' into a pose that is expected to be additive in anim instance 'ALS_AnimBP_C /Game/MainContent/Map/GuideMap.GuideMap:PersistentLevel.DemonstrationChar_C_2147481951.CharacterMesh0.ALS_AnimBP_C_2147481950'
[2022.03.12-02.54.43:501][633]AnimBlueprintLog: Warning: Trying to play a non-additive animation 'ALS_N_to_CLF' into a pose that is expected to be additive in anim instance 'ALS_AnimBP_C /Game/MainContent/Map/GuideMap.GuideMap:PersistentLevel.DemonstrationChar_C_2147481565.CharacterMesh0.ALS_AnimBP_C_2147481564'
[2022.03.12-02.54.43:515][634]AnimBlueprintLog: Warning: Trying to play a non-additive animation 'ALS_N_FallLoop' into a pose that is expected to be additive in anim instance 'ALS_AnimBP_C /Game/MainContent/Map/GuideMap.GuideMap:PersistentLevel.DemonstrationChar_C_2147481833.CharacterMesh0.ALS_AnimBP_C_2147481832'
[2022.03.12-02.54.45:500][780]AnimBlueprintLog: Warning: Trying to play a non-additive animation 'ALS_N_to_CLF' into a pose that is expected to be additive in anim instance 'ALS_AnimBP_C /Game/MainContent/Map/GuideMap.GuideMap:PersistentLevel.DemonstrationChar_C_2147481444.CharacterMesh0.ALS_AnimBP_C_2147481443'
[2022.03.12-02.54.45:799][800]AnimBlueprintLog: Warning: Trying to play a non-additive animation 'ALS_N_FallLoop' into a pose that is expected to be additive in anim instance 'ALS_AnimBP_C /Game/MainContent/Map/GuideMap.GuideMap:PersistentLevel.DemonstrationChar_C_2147481630.CharacterMesh0.ALS_AnimBP_C_2147481629'
[2022.03.12-02.54.45:813][801]AnimBlueprintLog: Warning: Trying to play a non-additive animation 'ALS_N_FallLoop_Fast' into a pose that is expected to be additive in anim instance 'ALS_AnimBP_C /Game/MainContent/Map/GuideMap.GuideMap:PersistentLevel.DemonstrationChar_C_2147481630.CharacterMesh0.ALS_AnimBP_C_2147481629'
[2022.03.12-02.54.45:852][804]AnimBlueprintLog: Warning: Trying to play a non-additive animation 'ALS_N_FallLoop' into a pose that is expected to be additive in anim instance 'ALS_AnimBP_C /Game/MainContent/Map/GuideMap.GuideMap:PersistentLevel.DemonstrationChar_C_2147481514.CharacterMesh0.ALS_AnimBP_C_2147481513'
[2022.03.12-02.54.45:852][804]AnimBlueprintLog: Warning: Trying to play a non-additive animation 'ALS_N_FallLoop_Fast' into a pose that is expected to be additive in anim instance 'ALS_AnimBP_C /Game/MainContent/Map/GuideMap.GuideMap:PersistentLevel.DemonstrationChar_C_2147481514.CharacterMesh0.ALS_AnimBP_C_2147481513'
[2022.03.12-02.54.46:496][851]AnimBlueprintLog: Warning: Trying to play a non-additive animation 'ALS_Flail' into a pose that is expected to be additive in anim instance 'ALS_AnimBP_C /Game/MainContent/Map/GuideMap.GuideMap:PersistentLevel.DemonstrationChar_C_2147481630.CharacterMesh0.ALS_AnimBP_C_2147481629'
[2022.03.12-02.54.46:496][851]AnimBlueprintLog: Warning: Trying to play a non-additive animation 'ALS_Flail' into a pose that is expected to be additive in anim instance 'ALS_AnimBP_C /Game/MainContent/Map/GuideMap.GuideMap:PersistentLevel.DemonstrationChar_C_2147481514.CharacterMesh0.ALS_AnimBP_C_2147481513'
[2022.03.12-02.54.47:497][923]AnimBlueprintLog: Warning: Trying to play a non-additive animation 'ALS_N_to_CLF' into a pose that is expected to be additive in anim instance 'ALS_AnimBP_C /Game/MainContent/Map/GuideMap.GuideMap:PersistentLevel.DemonstrationChar_C_2147481323.CharacterMesh0.ALS_AnimBP_C_2147481322'
[2022.03.12-02.54.47:985][959]AnimBlueprintLog: Warning: Trying to play a non-additive animation 'ALS_N_FallLoop' into a pose that is expected to be additive in anim instance 'ALS_AnimBP_C /Game/MainContent/Map/GuideMap.GuideMap:PersistentLevel.DemonstrationChar_C_2147481596.CharacterMesh0.ALS_AnimBP_C_2147481595'
[2022.03.12-02.54.49:499][ 71]AnimBlueprintLog: Warning: Trying to play a non-additive animation 'ALS_N_to_CLF' into a pose that is expected to be additive in anim instance 'ALS_AnimBP_C /Game/MainContent/Map/GuideMap.GuideMap:PersistentLevel.DemonstrationChar_C_2147481208.CharacterMesh0.ALS_AnimBP_C_2147481207'
[2022.03.12-02.54.49:514][ 72]AnimBlueprintLog: Warning: Trying to play a non-additive animation 'ALS_N_FallLoop' into a pose that is expected to be additive in anim instance 'ALS_AnimBP_C /Game/MainContent/Map/GuideMap.GuideMap:PersistentLevel.DemonstrationChar_C_2147481480.CharacterMesh0.ALS_AnimBP_C_2147481479'
[2022.03.12-02.54.51:502][213]AnimBlueprintLog: Warning: Trying to play a non-additive animation 'ALS_N_to_CLF' into a pose that is expected to be additive in anim instance 'ALS_AnimBP_C /Game/MainContent/Map/GuideMap.GuideMap:PersistentLevel.DemonstrationChar_C_2147481089.CharacterMesh0.ALS_AnimBP_C_2147481088'
[2022.03.12-02.54.51:802][234]AnimBlueprintLog: Warning: Trying to play a non-additive animation 'ALS_N_FallLoop' into a pose that is expected to be additive in anim instance 'ALS_AnimBP_C /Game/MainContent/Map/GuideMap.GuideMap:PersistentLevel.DemonstrationChar_C_2147481157.CharacterMesh0.ALS_AnimBP_C_2147481156'
[2022.03.12-02.54.51:802][234]AnimBlueprintLog: Warning: Trying to play a non-additive animation 'ALS_N_FallLoop' into a pose that is expected to be additive in anim instance 'ALS_AnimBP_C /Game/MainContent/Map/GuideMap.GuideMap:PersistentLevel.DemonstrationChar_C_2147481272.CharacterMesh0.ALS_AnimBP_C_2147481271'
[2022.03.12-02.54.51:815][235]AnimBlueprintLog: Warning: Trying to play a non-additive animation 'ALS_N_FallLoop_Fast' into a pose that is expected to be additive in anim instance 'ALS_AnimBP_C /Game/MainContent/Map/GuideMap.GuideMap:PersistentLevel.DemonstrationChar_C_2147481157.CharacterMesh0.ALS_AnimBP_C_2147481156'
[2022.03.12-02.54.51:816][235]AnimBlueprintLog: Warning: Trying to play a non-additive animation 'ALS_N_FallLoop_Fast' into a pose that is expected to be additive in anim instance 'ALS_AnimBP_C /Game/MainContent/Map/GuideMap.GuideMap:PersistentLevel.DemonstrationChar_C_2147481272.CharacterMesh0.ALS_AnimBP_C_2147481271'
[2022.03.12-02.54.53:514][355]AnimBlueprintLog: Warning: Trying to play a non-additive animation 'ALS_N_to_CLF' into a pose that is expected to be additive in anim instance 'ALS_AnimBP_C /Game/MainContent/Map/GuideMap.GuideMap:PersistentLevel.DemonstrationChar_C_2147480966.CharacterMesh0.ALS_AnimBP_C_2147480965'
[2022.03.12-02.54.54:003][389]AnimBlueprintLog: Warning: Trying to play a non-additive animation 'ALS_N_FallLoop' into a pose that is expected to be additive in anim instance 'ALS_AnimBP_C /Game/MainContent/Map/GuideMap.GuideMap:PersistentLevel.DemonstrationChar_C_2147481238.CharacterMesh0.ALS_AnimBP_C_2147481237'
[2022.03.12-02.54.55:482][500]AnimBlueprintLog: Warning: Trying to play a non-additive animation 'ALS_N_FallLoop' into a pose that is expected to be additive in anim instance 'ALS_AnimBP_C /Game/MainContent/Map/GuideMap.GuideMap:PersistentLevel.DemonstrationChar_C_2147481123.CharacterMesh0.ALS_AnimBP_C_2147481122'
[2022.03.12-02.54.55:501][500]AnimBlueprintLog: Warning: Trying to play a non-additive animation 'ALS_N_to_CLF' into a pose that is expected to be additive in anim instance 'ALS_AnimBP_C /Game/MainContent/Map/GuideMap.GuideMap:PersistentLevel.DemonstrationChar_C_2147480852.CharacterMesh0.ALS_AnimBP_C_2147480851'
[2022.03.12-02.54.57:505][646]AnimBlueprintLog: Warning: Trying to play a non-additive animation 'ALS_N_to_CLF' into a pose that is expected to be additive in anim instance 'ALS_AnimBP_C /Game/MainContent/Map/GuideMap.GuideMap:PersistentLevel.DemonstrationChar_C_2147480733.CharacterMesh0.ALS_AnimBP_C_2147480732'
[2022.03.12-02.54.57:864][673]AnimBlueprintLog: Warning: Trying to play a non-additive animation 'ALS_N_FallLoop' into a pose that is expected to be additive in anim instance 'ALS_AnimBP_C /Game/MainContent/Map/GuideMap.GuideMap:PersistentLevel.DemonstrationChar_C_2147480915.CharacterMesh0.ALS_AnimBP_C_2147480914'
[2022.03.12-02.54.57:864][673]AnimBlueprintLog: Warning: Trying to play a non-additive animation 'ALS_N_FallLoop_Fast' into a pose that is expected to be additive in anim instance 'ALS_AnimBP_C /Game/MainContent/Map/GuideMap.GuideMap:PersistentLevel.DemonstrationChar_C_2147480915.CharacterMesh0.ALS_AnimBP_C_2147480914'
[2022.03.12-02.54.57:905][676]AnimBlueprintLog: Warning: Trying to play a non-additive animation 'ALS_N_FallLoop' into a pose that is expected to be additive in anim instance 'ALS_AnimBP_C /Game/MainContent/Map/GuideMap.GuideMap:PersistentLevel.DemonstrationChar_C_2147480801.CharacterMesh0.ALS_AnimBP_C_2147480800'
[2022.03.12-02.54.57:905][676]AnimBlueprintLog: Warning: Trying to play a non-additive animation 'ALS_N_FallLoop_Fast' into a pose that is expected to be additive in anim instance 'ALS_AnimBP_C /Game/MainContent/Map/GuideMap.GuideMap:PersistentLevel.DemonstrationChar_C_2147480801.CharacterMesh0.ALS_AnimBP_C_2147480800'
[2022.03.12-02.54.58:484][719]AnimBlueprintLog: Warning: Trying to play a non-additive animation 'ALS_Flail' into a pose that is expected to be additive in anim instance 'ALS_AnimBP_C /Game/MainContent/Map/GuideMap.GuideMap:PersistentLevel.DemonstrationChar_C_2147480801.CharacterMesh0.ALS_AnimBP_C_2147480800'
[2022.03.12-02.54.58:485][719]AnimBlueprintLog: Warning: Trying to play a non-additive animation 'ALS_Flail' into a pose that is expected to be additive in anim instance 'ALS_AnimBP_C /Game/MainContent/Map/GuideMap.GuideMap:PersistentLevel.DemonstrationChar_C_2147480915.CharacterMesh0.ALS_AnimBP_C_2147480914'
[2022.03.12-02.54.59:505][793]AnimBlueprintLog: Warning: Trying to play a non-additive animation 'ALS_N_to_CLF' into a pose that is expected to be additive in anim instance 'ALS_AnimBP_C /Game/MainContent/Map/GuideMap.GuideMap:PersistentLevel.DemonstrationChar_C_2147480613.CharacterMesh0.ALS_AnimBP_C_2147480612'
[2022.03.12-02.54.59:855][817]Closing by request
[2022.03.12-02.54.59:855][817]LogWindows: FPlatformMisc::RequestExit(0)
[2022.03.12-02.54.59:855][817]LogWindows: FPlatformMisc::RequestExitWithStatus(0, 0)
[2022.03.12-02.54.59:855][817]LogCore: Engine exit requested (reason: Win RequestExit)
[2022.03.12-02.54.59:871][818]LogCore: Engine exit requested (reason: EngineExit() was called; note: exit was already requested)
[2022.03.12-02.54.59:871][818]LogInit: Display: PreExit Game.
[2022.03.12-02.54.59:884][818]LogWorld: BeginTearingDown for /Game/MainContent/Map/GuideMap
[2022.03.12-02.54.59:885][818]LogWorld: UWorld::CleanupWorld for GuideMap, bSessionEnded=true, bCleanupResources=true
[2022.03.12-02.54.59:892][818]LogSlate: InvalidateAllWidgets triggered.  All widgets were invalidated
[2022.03.12-02.55.00:664][818]LogAudio: Display: Beginning Audio Device Manager Shutdown (Module: AudioMixerXAudio2)...
[2022.03.12-02.55.00:664][818]LogAudio: Display: Destroying 1 Remaining Audio Device(s)...
[2022.03.12-02.55.00:664][818]LogAudio: Display: Audio Device unregistered from world 'GuideMap'.
[2022.03.12-02.55.00:665][818]LogAudioMixer: FMixerPlatformXAudio2::StopAudioStream() called
[2022.03.12-02.55.00:666][818]LogAudioMixer: FMixerPlatformXAudio2::StopAudioStream() called
[2022.03.12-02.55.00:700][818]LogAudio: Display: Audio Device Manager Shutdown
[2022.03.12-02.55.00:700][818]LogSlate: Request Window 'OnHisWay OnHisWay ' being destroyed
[2022.03.12-02.55.00:707][818]LogSlate: Window 'OnHisWay OnHisWay ' being destroyed
[2022.03.12-02.55.00:723][818]LogExit: Preparing to exit.
[2022.03.12-02.55.00:723][818]LogMoviePlayer: Shutting down movie player
[2022.03.12-02.55.00:729][818]LogSlate: Updating window title bar state: overlay mode, drag disabled, window buttons hidden, title bar hidden
[2022.03.12-02.55.00:741][818]LogDemo: Cleaned up 0 splitscreen connections with owner deletion
[2022.03.12-02.55.00:744][818]LogExit: Game engine shut down
[2022.03.12-02.55.00:798][818]LogExit: Object subsystem successfully closed.
[2022.03.12-02.55.00:805][818]LogModuleManager: Shutting down and abandoning module AutomationController (362)
[2022.03.12-02.55.00:805][818]LogModuleManager: Shutting down and abandoning module AutomationWorker (360)
[2022.03.12-02.55.00:805][818]LogModuleManager: Shutting down and abandoning module Voice (358)
[2022.03.12-02.55.00:805][818]LogModuleManager: Shutting down and abandoning module AIModule (356)
[2022.03.12-02.55.00:805][818]LogModuleManager: Shutting down and abandoning module GameplayDebugger (355)
[2022.03.12-02.55.00:805][818]LogModuleManager: Shutting down and abandoning module NavigationSystem (353)
[2022.03.12-02.55.00:805][818]LogModuleManager: Shutting down and abandoning module OculusMR (350)
[2022.03.12-02.55.00:805][818]LogModuleManager: Shutting down and abandoning module OpenXRInput (348)
[2022.03.12-02.55.00:805][818]LogModuleManager: Shutting down and abandoning module WmfMediaFactory (346)
[2022.03.12-02.55.00:805][818]LogModuleManager: Shutting down and abandoning module WebMMediaFactory (344)
[2022.03.12-02.55.00:805][818]LogModuleManager: Shutting down and abandoning module WebMMedia (342)
[2022.03.12-02.55.00:805][818]LogModuleManager: Shutting down and abandoning module OpenExrWrapper (340)
[2022.03.12-02.55.00:805][818]LogModuleManager: Shutting down and abandoning module ImgMediaFactory (338)
[2022.03.12-02.55.00:805][818]LogModuleManager: Shutting down and abandoning module AvfMediaFactory (336)
[2022.03.12-02.55.00:805][818]LogModuleManager: Shutting down and abandoning module PlanarCut (334)
[2022.03.12-02.55.00:805][818]LogModuleManager: Shutting down and abandoning module CharacterAI (332)
[2022.03.12-02.55.00:805][818]LogModuleManager: Shutting down and abandoning module SessionServices (330)
[2022.03.12-02.55.00:805][818]LogModuleManager: Shutting down and abandoning module LiveCoding (328)
[2022.03.12-02.55.00:805][818]LogModuleManager: Shutting down and abandoning module LevelSequence (326)
[2022.03.12-02.55.00:805][818]LogModuleManager: Shutting down and abandoning module MovieSceneTracks (324)
[2022.03.12-02.55.00:805][818]LogModuleManager: Shutting down and abandoning module MovieScene (322)
[2022.03.12-02.55.00:805][818]LogModuleManager: Shutting down and abandoning module StreamingPauseRendering (320)
[2022.03.12-02.55.00:805][818]LogModuleManager: Shutting down and abandoning module AudioMixerXAudio2 (318)
[2022.03.12-02.55.00:805][818]LogModuleManager: Shutting down and abandoning module AudioMixerCore (317)
[2022.03.12-02.55.00:805][818]LogModuleManager: Shutting down and abandoning module ImageWriteQueue (314)
[2022.03.12-02.55.00:805][818]LogModuleManager: Shutting down and abandoning module ProfilerService (312)
[2022.03.12-02.55.00:965][818]LogModuleManager: Shutting down and abandoning module TaskGraph (310)
[2022.03.12-02.55.00:965][818]LogModuleManager: Shutting down and abandoning module OculusInput (308)
[2022.03.12-02.55.00:965][818]LogModuleManager: Shutting down and abandoning module Synthesis (306)
[2022.03.12-02.55.00:965][818]LogModuleManager: Shutting down and abandoning module ProceduralMeshComponent (304)
[2022.03.12-02.55.00:965][818]LogModuleManager: Shutting down and abandoning module MobilePatchingUtils (302)
[2022.03.12-02.55.00:965][818]LogModuleManager: Shutting down and abandoning module GooglePAD (300)
[2022.03.12-02.55.00:965][818]LogModuleManager: Shutting down and abandoning module CustomMeshComponent (298)
[2022.03.12-02.55.00:965][818]LogModuleManager: Shutting down and abandoning module EditableMesh (296)
[2022.03.12-02.55.00:966][818]LogModuleManager: Shutting down and abandoning module TakeMovieScene (294)
[2022.03.12-02.55.00:966][818]LogModuleManager: Shutting down and abandoning module CableComponent (292)
[2022.03.12-02.55.00:966][818]LogModuleManager: Shutting down and abandoning module AssetTags (290)
[2022.03.12-02.55.00:966][818]LogModuleManager: Shutting down and abandoning module AudioCapture (288)
[2022.03.12-02.55.00:966][818]LogModuleManager: Shutting down and abandoning module AudioCaptureRtAudio (287)
[2022.03.12-02.55.00:966][818]LogModuleManager: Shutting down and abandoning module ArchVisCharacter (284)
[2022.03.12-02.55.00:966][818]LogModuleManager: Shutting down and abandoning module AndroidPermission (282)
[2022.03.12-02.55.00:966][818]LogModuleManager: Shutting down and abandoning module AppleImageUtils (280)
[2022.03.12-02.55.00:966][818]LogModuleManager: Shutting down and abandoning module TemplateSequence (278)
[2022.03.12-02.55.00:966][818]LogModuleManager: Shutting down and abandoning module ActorLayerUtilities (276)
[2022.03.12-02.55.00:966][818]LogModuleManager: Shutting down and abandoning module MediaCompositing (274)
[2022.03.12-02.55.00:966][818]LogModuleManager: Shutting down and abandoning module ImgMedia (272)
[2022.03.12-02.55.00:966][818]LogModuleManager: Shutting down and abandoning module MagicLeapLightEstimation (270)
[2022.03.12-02.55.00:966][818]LogModuleManager: Shutting down and abandoning module MagicLeapSharedWorld (268)
[2022.03.12-02.55.00:966][818]LogModuleManager: Shutting down and abandoning module MagicLeapHelperVulkan (266)
[2022.03.12-02.55.00:966][818]LogModuleManager: Shutting down and abandoning module MagicLeapHelperOpenGL (264)
[2022.03.12-02.55.00:966][818]LogModuleManager: Shutting down and abandoning module MagicLeapAudio (262)
[2022.03.12-02.55.00:966][818]LogModuleManager: Shutting down and abandoning module OpenImageDenoise (260)
[2022.03.12-02.55.00:966][818]LogModuleManager: Shutting down and abandoning module MotoSynth (258)
[2022.03.12-02.55.00:966][818]LogModuleManager: Shutting down and abandoning module UObjectPlugin (256)
[2022.03.12-02.55.00:966][818]LogModuleManager: Shutting down and abandoning module MeshConversion (254)
[2022.03.12-02.55.00:966][818]LogModuleManager: Shutting down and abandoning module DynamicMesh (252)
[2022.03.12-02.55.00:966][818]LogModuleManager: Shutting down and abandoning module GeometryAlgorithms (250)
[2022.03.12-02.55.00:966][818]LogModuleManager: Shutting down and abandoning module GeometricObjects (248)
[2022.03.12-02.55.00:966][818]LogModuleManager: Shutting down and abandoning module GeometryCollectionTracks (246)
[2022.03.12-02.55.00:966][818]LogModuleManager: Shutting down and abandoning module GeometryCacheTracks (244)
[2022.03.12-02.55.00:966][818]LogModuleManager: Shutting down and abandoning module GeometryCache (242)
[2022.03.12-02.55.00:967][818]LogModuleManager: Shutting down and abandoning module ChaosNiagara (240)
[2022.03.12-02.55.00:967][818]LogModuleManager: Shutting down and abandoning module AutomationUtils (238)
[2022.03.12-02.55.00:967][818]LogModuleManager: Shutting down and abandoning module BackChannel (236)
[2022.03.12-02.55.00:967][818]LogModuleManager: Shutting down and abandoning module OodleNetworkHandlerComponent (234)
[2022.03.12-02.55.00:967][818]LogModuleManager: Shutting down and abandoning module LiveLinkMovieScene (232)
[2022.03.12-02.55.00:967][818]LogModuleManager: Shutting down and abandoning module LiveLinkComponents (230)
[2022.03.12-02.55.00:967][818]LogModuleManager: Shutting down and abandoning module LiveLink (228)
[2022.03.12-02.55.01:657][818]LogModuleManager: Shutting down and abandoning module SoftEngineerProject (226)
[2022.03.12-02.55.01:657][818]LogModuleManager: Shutting down and abandoning module SoundFields (224)
[2022.03.12-02.55.01:657][818]LogModuleManager: Shutting down and abandoning module RuntimePhysXCooking (222)
[2022.03.12-02.55.01:657][818]LogModuleManager: Shutting down and abandoning module SignificanceManager (220)
[2022.03.12-02.55.01:657][818]LogModuleManager: Shutting down and abandoning module LocationServicesBPLibrary (216)
[2022.03.12-02.55.01:657][818]LogModuleManager: Shutting down and abandoning module AudioSynesthesia (214)
[2022.03.12-02.55.01:657][818]LogModuleManager: Shutting down and abandoning module AudioSynesthesiaCore (212)
[2022.03.12-02.55.01:657][818]LogModuleManager: Shutting down and abandoning module ActorSequence (210)
[2022.03.12-02.55.01:657][818]LogModuleManager: Shutting down and abandoning module TcpMessaging (208)
[2022.03.12-02.55.01:657][818]LogModuleManager: Shutting down and abandoning module UdpMessaging (206)
[2022.03.12-02.55.01:657][818]LogModuleManager: Shutting down and abandoning module ImgMediaEngine (204)
[2022.03.12-02.55.01:657][818]LogModuleManager: Shutting down and abandoning module ColorWheelPlugin (202)
[2022.03.12-02.55.01:657][818]LogModuleManager: Shutting down and abandoning module MagicLeapARPin (200)
[2022.03.12-02.55.01:657][818]LogModuleManager: Shutting down and abandoning module MagicLeapHandMeshing (198)
[2022.03.12-02.55.01:657][818]LogModuleManager: Shutting down and abandoning module MagicLeapSecureStorage (196)
[2022.03.12-02.55.01:657][818]LogModuleManager: Shutting down and abandoning module MagicLeapPrivileges (194)
[2022.03.12-02.55.01:657][818]LogModuleManager: Shutting down and abandoning module MagicLeapPlanes (192)
[2022.03.12-02.55.01:657][818]LogModuleManager: Shutting down and abandoning module MagicLeapImageTracker (190)
[2022.03.12-02.55.01:657][818]LogModuleManager: Shutting down and abandoning module MagicLeapIdentity (188)
[2022.03.12-02.55.01:657][818]LogModuleManager: Shutting down and abandoning module MagicLeapHandTracking (186)
[2022.03.12-02.55.01:657][818]LogModuleManager: Shutting down and abandoning module MagicLeapEyeTracker (184)
[2022.03.12-02.55.01:657][818]LogModuleManager: Shutting down and abandoning module MagicLeapController (182)
[2022.03.12-02.55.01:657][818]LogModuleManager: Shutting down and abandoning module MagicLeapARPinImpl (180)
[2022.03.12-02.55.01:657][818]LogModuleManager: Shutting down and abandoning module MagicLeapAR (178)
[2022.03.12-02.55.01:657][818]LogModuleManager: Shutting down and abandoning module NiagaraAnimNotifies (176)
[2022.03.12-02.55.01:657][818]LogModuleManager: Shutting down and abandoning module Niagara (174)
[2022.03.12-02.55.01:657][818]LogModuleManager: Shutting down and abandoning module SignalProcessing (173)
[2022.03.12-02.55.01:657][818]LogModuleManager: Shutting down and abandoning module NiagaraCore (170)
[2022.03.12-02.55.01:657][818]LogModuleManager: Shutting down and abandoning module AnimationSharing (168)
[2022.03.12-02.55.01:657][818]LogModuleManager: Shutting down and abandoning module FacialAnimation (166)
[2022.03.12-02.55.01:657][818]LogModuleManager: Shutting down and abandoning module LightPropagationVolumeRuntime (164)
[2022.03.12-02.55.01:657][818]LogModuleManager: Shutting down and abandoning module GameplayCameras (162)
[2022.03.12-02.55.01:657][818]LogModuleManager: Shutting down and abandoning module Paper2D (160)
[2022.03.12-02.55.01:657][818]LogModuleManager: Shutting down and abandoning module WindowsMoviePlayer (158)
[2022.03.12-02.55.01:658][818]LogModuleManager: Shutting down and abandoning module WebMMoviePlayer (156)
[2022.03.12-02.55.01:658][818]LogModuleManager: Shutting down and abandoning module NetworkReplayStreaming (154)
[2022.03.12-02.55.01:658][818]LogModuleManager: Shutting down and abandoning module PacketHandler (152)
[2022.03.12-02.55.01:658][818]LogModuleManager: Shutting down and abandoning module ClothingSystemRuntimeNv (150)
[2022.03.12-02.55.01:658][818]LogModuleManager: Shutting down and abandoning module MediaAssets (148)
[2022.03.12-02.55.01:658][818]LogModuleManager: Shutting down and abandoning module Overlay (146)
[2022.03.12-02.55.01:658][818]LogModuleManager: Shutting down and abandoning module FunctionalTesting (144)
[2022.03.12-02.55.01:658][818]LogModuleManager: Shutting down and abandoning module MessageLog (142)
[2022.03.12-02.55.01:658][818]LogModuleManager: Shutting down and abandoning module UMG (140)
[2022.03.12-02.55.01:658][818]LogModuleManager: Shutting down and abandoning module SlateReflector (138)
[2022.03.12-02.55.01:659][818]LogModuleManager: Shutting down and abandoning module Slate (136)
[2022.03.12-02.55.01:659][818]LogModuleManager: Shutting down and abandoning module SlateCore (134)
[2022.03.12-02.55.01:659][818]LogModuleManager: Shutting down and abandoning module MRMesh (132)
[2022.03.12-02.55.01:659][818]LogModuleManager: Shutting down and abandoning module Messaging (130)
[2022.03.12-02.55.01:659][818]LogModuleManager: Shutting down and abandoning module HeadMountedDisplay (128)
[2022.03.12-02.55.01:659][818]LogModuleManager: Shutting down and abandoning module XAudio2 (126)
[2022.03.12-02.55.01:659][818]LogModuleManager: Shutting down and abandoning module Networking (124)
[2022.03.12-02.55.01:659][818]LogModuleManager: Shutting down and abandoning module Core (122)
[2022.03.12-02.55.01:659][818]LogModuleManager: Shutting down and abandoning module FieldSystemEngine (120)
[2022.03.12-02.55.01:659][818]LogModuleManager: Shutting down and abandoning module ImageWrapper (116)
[2022.03.12-02.55.01:659][818]LogModuleManager: Shutting down and abandoning module D3D11RHI (114)
[2022.03.12-02.55.01:659][818]LogModuleManager: Shutting down and abandoning module InputCore (112)
[2022.03.12-02.55.01:659][818]LogModuleManager: Shutting down and abandoning module Settings (110)
[2022.03.12-02.55.01:659][818]LogModuleManager: Shutting down and abandoning module PhysXCooking (108)
[2022.03.12-02.55.01:660][818]LogModuleManager: Shutting down and abandoning module Chaos (106)
[2022.03.12-02.55.01:660][818]LogModuleManager: Shutting down and abandoning module WindowsPlatformFeatures (104)
[2022.03.12-02.55.01:660][818]LogModuleManager: Shutting down and abandoning module GameplayMediaEncoder (103)
[2022.03.12-02.55.01:660][818]LogModuleManager: Shutting down and abandoning module AVEncoder (102)
[2022.03.12-02.55.01:660][818]LogModuleManager: Shutting down and abandoning module SteamVRInputDevice (98)
[2022.03.12-02.55.01:660][818]LogModuleManager: Shutting down and abandoning module SteamVRInput (96)
[2022.03.12-02.55.01:660][818]LogModuleManager: Shutting down and abandoning module SteamVR (94)
[2022.03.12-02.55.01:660][818]LogHMD: Freeing OpenVRDLLHandle.
[2022.03.12-02.55.01:660][818]LogModuleManager: Shutting down and abandoning module OculusHMD (92)
[2022.03.12-02.55.01:660][818]LogModuleManager: Shutting down and abandoning module OpenXREyeTracker (90)
[2022.03.12-02.55.01:660][818]LogModuleManager: Shutting down and abandoning module OpenXRHandTracking (88)
[2022.03.12-02.55.01:660][818]LogSlate: Slate User Destroyed.  User Index 0, Is Virtual User: 0
[2022.03.12-02.55.01:660][818]LogModuleManager: Shutting down and abandoning module OpenXRAR (86)
[2022.03.12-02.55.01:660][818]LogModuleManager: Shutting down and abandoning module AugmentedReality (85)
[2022.03.12-02.55.01:660][818]LogModuleManager: Shutting down and abandoning module OpenXRHMD (82)
[2022.03.12-02.55.01:660][818]LogModuleManager: Shutting down and abandoning module ExampleDeviceProfileSelector (80)
[2022.03.12-02.55.01:660][818]LogModuleManager: Shutting down and abandoning module ChunkDownloader (78)
[2022.03.12-02.55.01:660][818]LogModuleManager: Shutting down and abandoning module LauncherChunkInstaller (76)
[2022.03.12-02.55.01:660][818]LogModuleManager: Shutting down and abandoning module OnlineSubsystem (72)
[2022.03.12-02.55.01:660][818]LogModuleManager: Shutting down and abandoning module HTTP (67)
[2022.03.12-02.55.01:660][818]LogHttp: Display: cleaning up 0 outstanding Http requests.
[2022.03.12-02.55.01:691][818]LogModuleManager: Shutting down and abandoning module SSL (66)
[2022.03.12-02.55.01:691][818]LogModuleManager: Shutting down and abandoning module WmfMedia (62)
[2022.03.12-02.55.01:691][818]LogModuleManager: Shutting down and abandoning module Media (61)
[2022.03.12-02.55.01:692][818]LogModuleManager: Shutting down and abandoning module MediaInfo (60)
[2022.03.12-02.55.01:692][818]LogModuleManager: Shutting down and abandoning module ExrReaderGpu (56)
[2022.03.12-02.55.01:692][818]LogModuleManager: Shutting down and abandoning module MLSDK (54)
[2022.03.12-02.55.01:692][818]LogModuleManager: Shutting down and abandoning module MagicLeap (52)
[2022.03.12-02.55.01:692][818]LogModuleManager: Shutting down and abandoning module NiagaraVertexFactories (50)
[2022.03.12-02.55.01:692][818]LogModuleManager: Shutting down and abandoning module NiagaraShader (48)
[2022.03.12-02.55.01:692][818]LogModuleManager: Shutting down and abandoning module PixWinPlugin (46)
[2022.03.12-02.55.01:692][818]LogModuleManager: Shutting down and abandoning module ChaosCloth (44)
[2022.03.12-02.55.01:692][818]LogModuleManager: Shutting down and abandoning module VariantManagerContent (42)
[2022.03.12-02.55.01:692][818]LogModuleManager: Shutting down and abandoning module DatasmithContent (40)
[2022.03.12-02.55.01:692][818]LogModuleManager: Shutting down and abandoning module AISupportModule (38)
[2022.03.12-02.55.01:692][818]LogModuleManager: Shutting down and abandoning module PythonScriptPluginPreload (36)
[2022.03.12-02.55.01:692][818]LogModuleManager: Shutting down and abandoning module PlatformCryptoOpenSSL (34)
[2022.03.12-02.55.01:692][818]LogModuleManager: Shutting down and abandoning module PlatformCryptoTypes (32)
[2022.03.12-02.55.01:692][818]LogModuleManager: Shutting down and abandoning module PlatformCrypto (30)
[2022.03.12-02.55.01:692][818]LogModuleManager: Shutting down and abandoning module OodleDataCompressionFormat (28)
[2022.03.12-02.55.01:692][818]LogModuleManager: Shutting down and abandoning module RenderCore (26)
[2022.03.12-02.55.01:692][818]LogModuleManager: Shutting down and abandoning module Landscape (24)
[2022.03.12-02.55.01:692][818]LogModuleManager: Shutting down and abandoning module SlateRHIRenderer (22)
[2022.03.12-02.55.01:693][818]LogModuleManager: Shutting down and abandoning module AnimGraphRuntime (20)
[2022.03.12-02.55.01:693][818]LogModuleManager: Shutting down and abandoning module Renderer (18)
[2022.03.12-02.55.01:693][818]LogModuleManager: Shutting down and abandoning module Engine (16)
[2022.03.12-02.55.01:693][818]LogModuleManager: Shutting down and abandoning module CoreUObject (14)
[2022.03.12-02.55.01:693][818]LogModuleManager: Shutting down and abandoning module NetworkFile (12)
[2022.03.12-02.55.01:693][818]LogModuleManager: Shutting down and abandoning module CookedIterativeFile (10)
[2022.03.12-02.55.01:693][818]LogModuleManager: Shutting down and abandoning module StreamingFile (8)
[2022.03.12-02.55.01:693][818]LogModuleManager: Shutting down and abandoning module SandboxFile (6)
[2022.03.12-02.55.01:693][818]LogModuleManager: Shutting down and abandoning module PakFile (4)
[2022.03.12-02.55.01:693][818]LogModuleManager: Shutting down and abandoning module RSA (3)
[2022.03.12-02.55.01:693][818]LogContentStreaming: Display: There are 1 unreleased StreamingManagers
[2022.03.12-02.55.01:693][818]LogD3D11RHI: Shutdown
[2022.03.12-02.55.01:693][818]LogD3D11RHI: CleanupD3DDevice
[2022.03.12-02.55.01:702][818]LogExit: Exiting.
[2022.03.12-02.55.01:733][818]Log file closed, 03/12/22 10:55:01
